This file contains any messages produced by compilers while
running configure, to aid debugging if configure makes a mistake.

It was created by BattleTech MUX configure 0.7, which was
generated by GNU Autoconf 2.63.  Invocation command line was

  $ ./configure 

## --------- ##
## Platform. ##
## --------- ##

hostname = Lariosaurus
uname -m = x86_64
uname -r = 3.8.0-27-generic
uname -s = Linux
uname -v = #40-Ubuntu SMP Tue Jul 9 00:17:05 UTC 2013

/usr/bin/uname -p = unknown
/bin/uname -X     = unknown

/bin/arch              = unknown
/usr/bin/arch -k       = unknown
/usr/convex/getsysinfo = unknown
/usr/bin/hostinfo      = unknown
/bin/machine           = unknown
/usr/bin/oslevel       = unknown
/bin/universe          = unknown

PATH: /usr/local/heroku/bin
PATH: /home/chazu/.pythonz/bin
PATH: /home/chazu/bin
PATH: /usr/local/sbin
PATH: /usr/local/bin
PATH: /usr/sbin
PATH: /usr/bin
PATH: /sbin
PATH: /bin
PATH: /usr/games
PATH: /usr/local/games
PATH: /home/chazu/.rvm/bin
PATH: /home/chazu/.rvm/bin


## ----------- ##
## Core tests. ##
## ----------- ##

configure:2120: checking for a BSD-compatible install
configure:2188: result: /usr/bin/install -c
configure:2199: checking whether build environment is sane
configure:2242: result: yes
configure:2267: checking for a thread-safe mkdir -p
configure:2306: result: /bin/mkdir -p
configure:2319: checking for gawk
configure:2335: found /usr/bin/gawk
configure:2346: result: gawk
configure:2357: checking whether make sets $(MAKE)
configure:2379: result: yes
configure:2572: checking Should we enable support for graphical HUDs [default=yes]
configure:2605: result: yes
configure:2612: checking Should we enable the advanced econ system [default=yes]
configure:2640: result: yes
configure:2652: checking Should we enable enhanced logging [default=yes]
configure:2680: result: yes
configure:2702: checking Should we enable the code for complex repairs [default=no]
configure:2730: result: no
configure:2737: checking Should we enable the code for freetechtime [default=no]
configure:2765: result: no
configure:2772: checking Should we enable sql support [default=no]
configure:2786: checking for style of include used by make
configure:2814: result: GNU
configure:2884: checking for gcc
configure:2900: found /usr/bin/gcc
configure:2911: result: gcc
configure:3143: checking for C compiler version
configure:3151: gcc --version >&5
gcc (Ubuntu/Linaro 4.7.3-1ubuntu1) 4.7.3
Copyright (C) 2012 Free Software Foundation, Inc.
This is free software; see the source for copying conditions.  There is NO
warranty; not even for MERCHANTABILITY or FITNESS FOR A PARTICULAR PURPOSE.

configure:3155: $? = 0
configure:3162: gcc -v >&5
Using built-in specs.
COLLECT_GCC=gcc
COLLECT_LTO_WRAPPER=/usr/lib/gcc/x86_64-linux-gnu/4.7/lto-wrapper
Target: x86_64-linux-gnu
Configured with: ../src/configure -v --with-pkgversion='Ubuntu/Linaro 4.7.3-1ubuntu1' --with-bugurl=file:///usr/share/doc/gcc-4.7/README.Bugs --enable-languages=c,c++,go,fortran,objc,obj-c++ --prefix=/usr --program-suffix=-4.7 --enable-shared --enable-linker-build-id --libexecdir=/usr/lib --without-included-gettext --enable-threads=posix --with-gxx-include-dir=/usr/include/c++/4.7 --libdir=/usr/lib --enable-nls --with-sysroot=/ --enable-clocale=gnu --enable-libstdcxx-debug --enable-libstdcxx-time=yes --enable-gnu-unique-object --enable-plugin --with-system-zlib --enable-objc-gc --with-cloog --enable-cloog-backend=ppl --disable-cloog-version-check --disable-ppl-version-check --enable-multiarch --disable-werror --with-arch-32=i686 --with-abi=m64 --with-multilib-list=m32,m64,mx32 --with-tune=generic --enable-checking=release --build=x86_64-linux-gnu --host=x86_64-linux-gnu --target=x86_64-linux-gnu
Thread model: posix
gcc version 4.7.3 (Ubuntu/Linaro 4.7.3-1ubuntu1) 
configure:3166: $? = 0
configure:3173: gcc -V >&5
gcc: error: unrecognized command line option '-V'
gcc: fatal error: no input files
compilation terminated.
configure:3177: $? = 4
configure:3200: checking for C compiler default output file name
configure:3222: gcc    conftest.c  >&5
configure:3226: $? = 0
configure:3264: result: a.out
configure:3283: checking whether the C compiler works
configure:3293: ./a.out
configure:3297: $? = 0
configure:3316: result: yes
configure:3323: checking whether we are cross compiling
configure:3325: result: no
configure:3328: checking for suffix of executables
configure:3335: gcc -o conftest    conftest.c  >&5
configure:3339: $? = 0
configure:3365: result: 
configure:3371: checking for suffix of object files
configure:3397: gcc -c   conftest.c >&5
configure:3401: $? = 0
configure:3426: result: o
configure:3430: checking whether we are using the GNU C compiler
configure:3459: gcc -c   conftest.c >&5
configure:3466: $? = 0
configure:3483: result: yes
configure:3492: checking whether gcc accepts -g
configure:3522: gcc -c -g  conftest.c >&5
configure:3529: $? = 0
configure:3630: result: yes
configure:3647: checking for gcc option to accept ISO C89
configure:3721: gcc  -c -g -O2  conftest.c >&5
configure:3728: $? = 0
configure:3751: result: none needed
configure:3771: checking dependency style of gcc
configure:3862: result: gcc3
configure:3883: checking how to run the C preprocessor
configure:3923: gcc -E  conftest.c
configure:3930: $? = 0
configure:3961: gcc -E  conftest.c
conftest.c:13:28: fatal error: ac_nonexistent.h: No such file or directory
compilation terminated.
configure:3968: $? = 1
configure: failed program was:
| /* confdefs.h.  */
| #define PACKAGE_NAME "BattleTech MUX"
| #define PACKAGE_TARNAME "battletech-mux"
| #define PACKAGE_VERSION "0.7"
| #define PACKAGE_STRING "BattleTech MUX 0.7"
| #define PACKAGE_BUGREPORT ""
| #define PACKAGE "battletech-mux"
| #define VERSION "0.7"
| #define HUDINFO_SUPPORT 1
| #define BT_ADVANCED_ECON 1
| #define ARBITRARY_LOGFILES 1
| /* end confdefs.h.  */
| #include <ac_nonexistent.h>
configure:4001: result: gcc -E
configure:4030: gcc -E  conftest.c
configure:4037: $? = 0
configure:4068: gcc -E  conftest.c
conftest.c:13:28: fatal error: ac_nonexistent.h: No such file or directory
compilation terminated.
configure:4075: $? = 1
configure: failed program was:
| /* confdefs.h.  */
| #define PACKAGE_NAME "BattleTech MUX"
| #define PACKAGE_TARNAME "battletech-mux"
| #define PACKAGE_VERSION "0.7"
| #define PACKAGE_STRING "BattleTech MUX 0.7"
| #define PACKAGE_BUGREPORT ""
| #define PACKAGE "battletech-mux"
| #define VERSION "0.7"
| #define HUDINFO_SUPPORT 1
| #define BT_ADVANCED_ECON 1
| #define ARBITRARY_LOGFILES 1
| /* end confdefs.h.  */
| #include <ac_nonexistent.h>
configure:4115: checking for grep that handles long lines and -e
configure:4175: result: /bin/grep
configure:4180: checking for egrep
configure:4244: result: /bin/grep -E
configure:4249: checking for ANSI C header files
configure:4279: gcc -c -g -O2  conftest.c >&5
configure:4286: $? = 0
configure:4385: gcc -o conftest -g -O2   conftest.c  >&5
configure:4389: $? = 0
configure:4395: ./conftest
configure:4399: $? = 0
configure:4417: result: yes
configure:4441: checking for sys/types.h
configure:4462: gcc -c -g -O2  conftest.c >&5
configure:4469: $? = 0
configure:4486: result: yes
configure:4441: checking for sys/stat.h
configure:4462: gcc -c -g -O2  conftest.c >&5
configure:4469: $? = 0
configure:4486: result: yes
configure:4441: checking for stdlib.h
configure:4462: gcc -c -g -O2  conftest.c >&5
configure:4469: $? = 0
configure:4486: result: yes
configure:4441: checking for string.h
configure:4462: gcc -c -g -O2  conftest.c >&5
configure:4469: $? = 0
configure:4486: result: yes
configure:4441: checking for memory.h
configure:4462: gcc -c -g -O2  conftest.c >&5
configure:4469: $? = 0
configure:4486: result: yes
configure:4441: checking for strings.h
configure:4462: gcc -c -g -O2  conftest.c >&5
configure:4469: $? = 0
configure:4486: result: yes
configure:4441: checking for inttypes.h
configure:4462: gcc -c -g -O2  conftest.c >&5
configure:4469: $? = 0
configure:4486: result: yes
configure:4441: checking for stdint.h
configure:4462: gcc -c -g -O2  conftest.c >&5
configure:4469: $? = 0
configure:4486: result: yes
configure:4441: checking for unistd.h
configure:4462: gcc -c -g -O2  conftest.c >&5
configure:4469: $? = 0
configure:4486: result: yes
configure:4737: result: no
configure:4753: checking Should we rename the 'help' command to 'muxhelp' [default=no]
configure:4781: result: no
configure:4840: checking for gcc
configure:4867: result: gcc
configure:5099: checking for C compiler version
configure:5107: gcc --version >&5
gcc (Ubuntu/Linaro 4.7.3-1ubuntu1) 4.7.3
Copyright (C) 2012 Free Software Foundation, Inc.
This is free software; see the source for copying conditions.  There is NO
warranty; not even for MERCHANTABILITY or FITNESS FOR A PARTICULAR PURPOSE.

configure:5111: $? = 0
configure:5118: gcc -v >&5
Using built-in specs.
COLLECT_GCC=gcc
COLLECT_LTO_WRAPPER=/usr/lib/gcc/x86_64-linux-gnu/4.7/lto-wrapper
Target: x86_64-linux-gnu
Configured with: ../src/configure -v --with-pkgversion='Ubuntu/Linaro 4.7.3-1ubuntu1' --with-bugurl=file:///usr/share/doc/gcc-4.7/README.Bugs --enable-languages=c,c++,go,fortran,objc,obj-c++ --prefix=/usr --program-suffix=-4.7 --enable-shared --enable-linker-build-id --libexecdir=/usr/lib --without-included-gettext --enable-threads=posix --with-gxx-include-dir=/usr/include/c++/4.7 --libdir=/usr/lib --enable-nls --with-sysroot=/ --enable-clocale=gnu --enable-libstdcxx-debug --enable-libstdcxx-time=yes --enable-gnu-unique-object --enable-plugin --with-system-zlib --enable-objc-gc --with-cloog --enable-cloog-backend=ppl --disable-cloog-version-check --disable-ppl-version-check --enable-multiarch --disable-werror --with-arch-32=i686 --with-abi=m64 --with-multilib-list=m32,m64,mx32 --with-tune=generic --enable-checking=release --build=x86_64-linux-gnu --host=x86_64-linux-gnu --target=x86_64-linux-gnu
Thread model: posix
gcc version 4.7.3 (Ubuntu/Linaro 4.7.3-1ubuntu1) 
configure:5122: $? = 0
configure:5129: gcc -V >&5
gcc: error: unrecognized command line option '-V'
gcc: fatal error: no input files
compilation terminated.
configure:5133: $? = 4
configure:5136: checking whether we are using the GNU C compiler
configure:5189: result: yes
configure:5198: checking whether gcc accepts -g
configure:5336: result: yes
configure:5353: checking for gcc option to accept ISO C89
configure:5457: result: none needed
configure:5477: checking dependency style of gcc
configure:5568: result: gcc3
configure:5641: checking for g++
configure:5657: found /usr/bin/g++
configure:5668: result: g++
configure:5695: checking for C++ compiler version
configure:5703: g++ --version >&5
g++ (Ubuntu/Linaro 4.7.3-1ubuntu1) 4.7.3
Copyright (C) 2012 Free Software Foundation, Inc.
This is free software; see the source for copying conditions.  There is NO
warranty; not even for MERCHANTABILITY or FITNESS FOR A PARTICULAR PURPOSE.

configure:5707: $? = 0
configure:5714: g++ -v >&5
Using built-in specs.
COLLECT_GCC=g++
COLLECT_LTO_WRAPPER=/usr/lib/gcc/x86_64-linux-gnu/4.7/lto-wrapper
Target: x86_64-linux-gnu
Configured with: ../src/configure -v --with-pkgversion='Ubuntu/Linaro 4.7.3-1ubuntu1' --with-bugurl=file:///usr/share/doc/gcc-4.7/README.Bugs --enable-languages=c,c++,go,fortran,objc,obj-c++ --prefix=/usr --program-suffix=-4.7 --enable-shared --enable-linker-build-id --libexecdir=/usr/lib --without-included-gettext --enable-threads=posix --with-gxx-include-dir=/usr/include/c++/4.7 --libdir=/usr/lib --enable-nls --with-sysroot=/ --enable-clocale=gnu --enable-libstdcxx-debug --enable-libstdcxx-time=yes --enable-gnu-unique-object --enable-plugin --with-system-zlib --enable-objc-gc --with-cloog --enable-cloog-backend=ppl --disable-cloog-version-check --disable-ppl-version-check --enable-multiarch --disable-werror --with-arch-32=i686 --with-abi=m64 --with-multilib-list=m32,m64,mx32 --with-tune=generic --enable-checking=release --build=x86_64-linux-gnu --host=x86_64-linux-gnu --target=x86_64-linux-gnu
Thread model: posix
gcc version 4.7.3 (Ubuntu/Linaro 4.7.3-1ubuntu1) 
configure:5718: $? = 0
configure:5725: g++ -V >&5
g++: error: unrecognized command line option '-V'
g++: fatal error: no input files
compilation terminated.
configure:5729: $? = 4
configure:5732: checking whether we are using the GNU C++ compiler
configure:5761: g++ -c   conftest.cpp >&5
configure:5768: $? = 0
configure:5785: result: yes
configure:5794: checking whether g++ accepts -g
configure:5824: g++ -c -g  conftest.cpp >&5
configure:5831: $? = 0
configure:5932: result: yes
configure:5957: checking dependency style of g++
configure:6048: result: gcc3
configure:6141: checking build system type
configure:6159: result: x86_64-unknown-linux-gnu
configure:6181: checking host system type
configure:6196: result: x86_64-unknown-linux-gnu
configure:6218: checking for a sed that does not truncate output
configure:6274: result: /bin/sed
configure:6288: checking for ld used by gcc
configure:6355: result: /usr/bin/ld
configure:6364: checking if the linker (/usr/bin/ld) is GNU ld
configure:6379: result: yes
configure:6384: checking for /usr/bin/ld option to reload object files
configure:6391: result: -r
configure:6409: checking for BSD-compatible nm
configure:6458: result: /usr/bin/nm -B
configure:6462: checking whether ln -s works
configure:6466: result: yes
configure:6473: checking how to recognize dependent libraries
configure:6659: result: pass_all
configure:6747: gcc -c -g -O2  conftest.c >&5
configure:6750: $? = 0
configure:6918: checking dlfcn.h usability
configure:6935: gcc -c -g -O2  conftest.c >&5
configure:6942: $? = 0
configure:6956: result: yes
configure:6960: checking dlfcn.h presence
configure:6975: gcc -E  conftest.c
configure:6982: $? = 0
configure:6996: result: yes
configure:7024: checking for dlfcn.h
configure:7033: result: yes
configure:7058: checking how to run the C++ preprocessor
configure:7094: g++ -E  conftest.cpp
configure:7101: $? = 0
configure:7132: g++ -E  conftest.cpp
conftest.cpp:24:28: fatal error: ac_nonexistent.h: No such file or directory
compilation terminated.
configure:7139: $? = 1
configure: failed program was:
| /* confdefs.h.  */
| #define PACKAGE_NAME "BattleTech MUX"
| #define PACKAGE_TARNAME "battletech-mux"
| #define PACKAGE_VERSION "0.7"
| #define PACKAGE_STRING "BattleTech MUX 0.7"
| #define PACKAGE_BUGREPORT ""
| #define PACKAGE "battletech-mux"
| #define VERSION "0.7"
| #define HUDINFO_SUPPORT 1
| #define BT_ADVANCED_ECON 1
| #define ARBITRARY_LOGFILES 1
| #define STDC_HEADERS 1
| #define HAVE_SYS_TYPES_H 1
| #define HAVE_SYS_STAT_H 1
| #define HAVE_STDLIB_H 1
| #define HAVE_STRING_H 1
| #define HAVE_MEMORY_H 1
| #define HAVE_STRINGS_H 1
| #define HAVE_INTTYPES_H 1
| #define HAVE_STDINT_H 1
| #define HAVE_UNISTD_H 1
| #define HAVE_DLFCN_H 1
| /* end confdefs.h.  */
| #include <ac_nonexistent.h>
configure:7172: result: g++ -E
configure:7201: g++ -E  conftest.cpp
configure:7208: $? = 0
configure:7239: g++ -E  conftest.cpp
conftest.cpp:24:28: fatal error: ac_nonexistent.h: No such file or directory
compilation terminated.
configure:7246: $? = 1
configure: failed program was:
| /* confdefs.h.  */
| #define PACKAGE_NAME "BattleTech MUX"
| #define PACKAGE_TARNAME "battletech-mux"
| #define PACKAGE_VERSION "0.7"
| #define PACKAGE_STRING "BattleTech MUX 0.7"
| #define PACKAGE_BUGREPORT ""
| #define PACKAGE "battletech-mux"
| #define VERSION "0.7"
| #define HUDINFO_SUPPORT 1
| #define BT_ADVANCED_ECON 1
| #define ARBITRARY_LOGFILES 1
| #define STDC_HEADERS 1
| #define HAVE_SYS_TYPES_H 1
| #define HAVE_SYS_STAT_H 1
| #define HAVE_STDLIB_H 1
| #define HAVE_STRING_H 1
| #define HAVE_MEMORY_H 1
| #define HAVE_STRINGS_H 1
| #define HAVE_INTTYPES_H 1
| #define HAVE_STDINT_H 1
| #define HAVE_UNISTD_H 1
| #define HAVE_DLFCN_H 1
| /* end confdefs.h.  */
| #include <ac_nonexistent.h>
configure:7341: checking for g77
configure:7371: result: no
configure:7341: checking for xlf
configure:7371: result: no
configure:7341: checking for f77
configure:7371: result: no
configure:7341: checking for frt
configure:7371: result: no
configure:7341: checking for pgf77
configure:7371: result: no
configure:7341: checking for cf77
configure:7371: result: no
configure:7341: checking for fort77
configure:7371: result: no
configure:7341: checking for fl32
configure:7371: result: no
configure:7341: checking for af77
configure:7371: result: no
configure:7341: checking for xlf90
configure:7371: result: no
configure:7341: checking for f90
configure:7371: result: no
configure:7341: checking for pgf90
configure:7371: result: no
configure:7341: checking for pghpf
configure:7371: result: no
configure:7341: checking for epcf90
configure:7371: result: no
configure:7341: checking for gfortran
configure:7371: result: no
configure:7341: checking for g95
configure:7371: result: no
configure:7341: checking for xlf95
configure:7371: result: no
configure:7341: checking for f95
configure:7371: result: no
configure:7341: checking for fort
configure:7371: result: no
configure:7341: checking for ifort
configure:7371: result: no
configure:7341: checking for ifc
configure:7371: result: no
configure:7341: checking for efc
configure:7371: result: no
configure:7341: checking for pgf95
configure:7371: result: no
configure:7341: checking for lf95
configure:7371: result: no
configure:7341: checking for ftn
configure:7371: result: no
configure:7394: checking for Fortran 77 compiler version
configure:7402:  --version >&5
./configure: line 7404: --version: command not found
configure:7406: $? = 127
configure:7413:  -v >&5
./configure: line 7415: -v: command not found
configure:7417: $? = 127
configure:7424:  -V >&5
./configure: line 7426: -V: command not found
configure:7428: $? = 127
configure:7436: checking whether we are using the GNU Fortran 77 compiler
configure:7455:  -c  conftest.F >&5
./configure: line 7457: -c: command not found
configure:7462: $? = 127
configure: failed program was:
|       program main
| #ifndef __GNUC__
|        choke me
| #endif
| 
|       end
configure:7479: result: no
configure:7485: checking whether  accepts -g
configure:7502:  -c -g conftest.f >&5
./configure: line 7504: -c: command not found
configure:7509: $? = 127
configure: failed program was:
|       program main
| 
|       end
configure:7525: result: no
configure:7558: checking the maximum length of command line arguments
configure:7670: result: 1572864
configure:7682: checking command to parse /usr/bin/nm -B output from gcc object
configure:7787: gcc -c -g -O2  conftest.c >&5
configure:7790: $? = 0
configure:7794: /usr/bin/nm -B conftest.o \| sed -n -e 's/^.*[ 	]\([ABCDGIRSTW][ABCDGIRSTW]*\)[ 	][ 	]*\([_A-Za-z][_A-Za-z0-9]*\)$/\1 \2 \2/p' \> conftest.nm
configure:7797: $? = 0
configure:7849: gcc -o conftest -g -O2   conftest.c conftstm.o >&5
configure:7852: $? = 0
configure:7890: result: ok
configure:7894: checking for objdir
configure:7909: result: .libs
configure:8001: checking for ar
configure:8017: found /usr/bin/ar
configure:8028: result: ar
configure:8093: checking for ranlib
configure:8109: found /usr/bin/ranlib
configure:8120: result: ranlib
configure:8185: checking for strip
configure:8201: found /usr/bin/strip
configure:8212: result: strip
configure:8802: checking if gcc supports -fno-rtti -fno-exceptions
configure:8820: gcc -c -g -O2  -fno-rtti -fno-exceptions conftest.c >&5
cc1: warning: command line option '-fno-rtti' is valid for C++/ObjC++ but not for C [enabled by default]
configure:8824: $? = 0
configure:8837: result: no
configure:8852: checking for gcc option to produce PIC
configure:9084: result: -fPIC
configure:9092: checking if gcc PIC flag -fPIC works
configure:9110: gcc -c -g -O2  -fPIC -DPIC conftest.c >&5
configure:9114: $? = 0
configure:9127: result: yes
configure:9155: checking if gcc static flag -static works
configure:9183: result: yes
configure:9193: checking if gcc supports -c -o file.o
configure:9214: gcc -c -g -O2  -o out/conftest2.o conftest.c >&5
configure:9218: $? = 0
configure:9240: result: yes
configure:9266: checking whether the gcc linker (/usr/bin/ld -m elf_x86_64) supports shared libraries
configure:10255: result: yes
configure:10276: checking whether -lc should be explicitly linked in
configure:10281: gcc -c -g -O2  conftest.c >&5
configure:10284: $? = 0
configure:10299: gcc -shared conftest.o  -v -Wl,-soname -Wl,conftest -o conftest 2\>\&1 \| grep  -lc  \>/dev/null 2\>\&1
configure:10302: $? = 0
configure:10314: result: no
configure:10322: checking dynamic linker characteristics
configure:10936: result: GNU/Linux ld.so
configure:10960: checking how to hardcode library paths into programs
configure:10985: result: immediate
configure:10999: checking whether stripping libraries is possible
configure:11004: result: yes
configure:11834: checking if libtool supports shared libraries
configure:11836: result: yes
configure:11839: checking whether to build shared libraries
configure:11860: result: yes
configure:11863: checking whether to build static libraries
configure:11867: result: yes
configure:11961: creating libtool
configure:12554: checking for ld used by g++
configure:12621: result: /usr/bin/ld -m elf_x86_64
configure:12630: checking if the linker (/usr/bin/ld -m elf_x86_64) is GNU ld
configure:12645: result: yes
configure:12696: checking whether the g++ linker (/usr/bin/ld -m elf_x86_64) supports shared libraries
configure:13650: result: yes
configure:13667: g++ -c -g -O2  conftest.cpp >&5
configure:13670: $? = 0
configure:13826: checking for g++ option to produce PIC
configure:14110: result: -fPIC
configure:14118: checking if g++ PIC flag -fPIC works
configure:14136: g++ -c -g -O2  -fPIC -DPIC conftest.cpp >&5
configure:14140: $? = 0
configure:14153: result: yes
configure:14181: checking if g++ static flag -static works
configure:14209: result: yes
configure:14219: checking if g++ supports -c -o file.o
configure:14240: g++ -c -g -O2  -o out/conftest2.o conftest.cpp >&5
configure:14244: $? = 0
configure:14266: result: yes
configure:14292: checking whether the g++ linker (/usr/bin/ld -m elf_x86_64) supports shared libraries
configure:14321: result: yes
configure:14388: checking dynamic linker characteristics
configure:14950: result: GNU/Linux ld.so
configure:14974: checking how to hardcode library paths into programs
configure:14999: result: immediate
configure:21267: checking for gawk
configure:21294: result: gawk
configure:21308: checking for main in -lbsd
configure:21337: gcc -o conftest -g -O2   conftest.c -lbsd   >&5
configure:21344: $? = 0
configure:21365: result: yes
configure:21377: checking for crypt in -lcrypt
configure:21412: gcc -o conftest -g -O2   conftest.c -lcrypt  -lbsd  >&5
configure:21419: $? = 0
configure:21440: result: yes
configure:21452: checking for tan in -lm
configure:21487: gcc -o conftest -g -O2   conftest.c -lm  -lcrypt -lbsd  >&5
conftest.c:33:6: warning: conflicting types for built-in function 'tan' [enabled by default]
configure:21494: $? = 0
configure:21515: result: yes
configure:21527: checking for main in -lnsl
configure:21556: gcc -o conftest -g -O2   conftest.c -lnsl  -lm -lcrypt -lbsd  >&5
configure:21563: $? = 0
configure:21584: result: yes
configure:21596: checking for event_init in -levent
configure:21631: gcc -o conftest -g -O2   conftest.c -levent  -lnsl -lm -lcrypt -lbsd  >&5
configure:21638: $? = 0
configure:21659: result: yes
configure:21684: checking for dirent.h that defines DIR
configure:21713: gcc -c -g -O2  conftest.c >&5
configure:21720: $? = 0
configure:21737: result: yes
configure:21752: checking for library containing opendir
configure:21793: gcc -o conftest -g -O2   conftest.c -levent -lnsl -lm -lcrypt -lbsd  >&5
configure:21800: $? = 0
configure:21831: result: none required
configure:21929: checking for ANSI C header files
configure:22097: result: yes
configure:22107: checking for sys/wait.h that is POSIX.1 compatible
configure:22143: gcc -c -g -O2  conftest.c >&5
configure:22150: $? = 0
configure:22165: result: yes
configure:22208: checking arpa/inet.h usability
configure:22225: gcc -c -g -O2  conftest.c >&5
configure:22232: $? = 0
configure:22246: result: yes
configure:22250: checking arpa/inet.h presence
configure:22265: gcc -E  conftest.c
configure:22272: $? = 0
configure:22286: result: yes
configure:22314: checking for arpa/inet.h
configure:22323: result: yes
configure:22208: checking errno.h usability
configure:22225: gcc -c -g -O2  conftest.c >&5
configure:22232: $? = 0
configure:22246: result: yes
configure:22250: checking errno.h presence
configure:22265: gcc -E  conftest.c
configure:22272: $? = 0
configure:22286: result: yes
configure:22314: checking for errno.h
configure:22323: result: yes
configure:22208: checking fcntl.h usability
configure:22225: gcc -c -g -O2  conftest.c >&5
configure:22232: $? = 0
configure:22246: result: yes
configure:22250: checking fcntl.h presence
configure:22265: gcc -E  conftest.c
configure:22272: $? = 0
configure:22286: result: yes
configure:22314: checking for fcntl.h
configure:22323: result: yes
configure:22208: checking limits.h usability
configure:22225: gcc -c -g -O2  conftest.c >&5
configure:22232: $? = 0
configure:22246: result: yes
configure:22250: checking limits.h presence
configure:22265: gcc -E  conftest.c
configure:22272: $? = 0
configure:22286: result: yes
configure:22314: checking for limits.h
configure:22323: result: yes
configure:22197: checking for memory.h
configure:22204: result: yes
configure:22208: checking netdb.h usability
configure:22225: gcc -c -g -O2  conftest.c >&5
configure:22232: $? = 0
configure:22246: result: yes
configure:22250: checking netdb.h presence
configure:22265: gcc -E  conftest.c
configure:22272: $? = 0
configure:22286: result: yes
configure:22314: checking for netdb.h
configure:22323: result: yes
configure:22208: checking netinet/in.h usability
configure:22225: gcc -c -g -O2  conftest.c >&5
configure:22232: $? = 0
configure:22246: result: yes
configure:22250: checking netinet/in.h presence
configure:22265: gcc -E  conftest.c
configure:22272: $? = 0
configure:22286: result: yes
configure:22314: checking for netinet/in.h
configure:22323: result: yes
configure:22197: checking for stdlib.h
configure:22204: result: yes
configure:22197: checking for string.h
configure:22204: result: yes
configure:22197: checking for strings.h
configure:22204: result: yes
configure:22208: checking sys/file.h usability
configure:22225: gcc -c -g -O2  conftest.c >&5
configure:22232: $? = 0
configure:22246: result: yes
configure:22250: checking sys/file.h presence
configure:22265: gcc -E  conftest.c
configure:22272: $? = 0
configure:22286: result: yes
configure:22314: checking for sys/file.h
configure:22323: result: yes
configure:22208: checking sys/ioctl.h usability
configure:22225: gcc -c -g -O2  conftest.c >&5
configure:22232: $? = 0
configure:22246: result: yes
configure:22250: checking sys/ioctl.h presence
configure:22265: gcc -E  conftest.c
configure:22272: $? = 0
configure:22286: result: yes
configure:22314: checking for sys/ioctl.h
configure:22323: result: yes
configure:22208: checking sys/param.h usability
configure:22225: gcc -c -g -O2  conftest.c >&5
configure:22232: $? = 0
configure:22246: result: yes
configure:22250: checking sys/param.h presence
configure:22265: gcc -E  conftest.c
configure:22272: $? = 0
configure:22286: result: yes
configure:22314: checking for sys/param.h
configure:22323: result: yes
configure:22208: checking sys/socket.h usability
configure:22225: gcc -c -g -O2  conftest.c >&5
configure:22232: $? = 0
configure:22246: result: yes
configure:22250: checking sys/socket.h presence
configure:22265: gcc -E  conftest.c
configure:22272: $? = 0
configure:22286: result: yes
configure:22314: checking for sys/socket.h
configure:22323: result: yes
configure:22208: checking sys/time.h usability
configure:22225: gcc -c -g -O2  conftest.c >&5
configure:22232: $? = 0
configure:22246: result: yes
configure:22250: checking sys/time.h presence
configure:22265: gcc -E  conftest.c
configure:22272: $? = 0
configure:22286: result: yes
configure:22314: checking for sys/time.h
configure:22323: result: yes
configure:22208: checking time.h usability
configure:22225: gcc -c -g -O2  conftest.c >&5
configure:22232: $? = 0
configure:22246: result: yes
configure:22250: checking time.h presence
configure:22265: gcc -E  conftest.c
configure:22272: $? = 0
configure:22286: result: yes
configure:22314: checking for time.h
configure:22323: result: yes
configure:22197: checking for unistd.h
configure:22204: result: yes
configure:22197: checking for stdint.h
configure:22204: result: yes
configure:22348: checking event.h usability
configure:22365: gcc -c -g -O2  conftest.c >&5
configure:22372: $? = 0
configure:22386: result: yes
configure:22390: checking event.h presence
configure:22405: gcc -E  conftest.c
configure:22412: $? = 0
configure:22426: result: yes
configure:22454: checking for event.h
configure:22461: result: yes
configure:22477: checking for stdbool.h that conforms to C99
configure:22572: gcc -c -g -O2  conftest.c >&5
configure:22579: $? = 0
configure:22594: result: yes
configure:22596: checking for _Bool
configure:22624: gcc -c -g -O2  conftest.c >&5
configure:22631: $? = 0
configure:22658: gcc -c -g -O2  conftest.c >&5
conftest.c: In function 'main':
conftest.c:86:20: error: expected expression before ')' token
configure:22665: $? = 1
configure: failed program was:
| /* confdefs.h.  */
| #define PACKAGE_NAME "BattleTech MUX"
| #define PACKAGE_TARNAME "battletech-mux"
| #define PACKAGE_VERSION "0.7"
| #define PACKAGE_STRING "BattleTech MUX 0.7"
| #define PACKAGE_BUGREPORT ""
| #define PACKAGE "battletech-mux"
| #define VERSION "0.7"
| #define HUDINFO_SUPPORT 1
| #define BT_ADVANCED_ECON 1
| #define ARBITRARY_LOGFILES 1
| #define STDC_HEADERS 1
| #define HAVE_SYS_TYPES_H 1
| #define HAVE_SYS_STAT_H 1
| #define HAVE_STDLIB_H 1
| #define HAVE_STRING_H 1
| #define HAVE_MEMORY_H 1
| #define HAVE_STRINGS_H 1
| #define HAVE_INTTYPES_H 1
| #define HAVE_STDINT_H 1
| #define HAVE_UNISTD_H 1
| #define HAVE_DLFCN_H 1
| #define HAVE_LIBBSD 1
| #define HAVE_LIBCRYPT 1
| #define HAVE_LIBM 1
| #define HAVE_LIBNSL 1
| #define HAVE_LIBEVENT 1
| #define HAVE_DIRENT_H 1
| #define STDC_HEADERS 1
| #define HAVE_SYS_WAIT_H 1
| #define HAVE_ARPA_INET_H 1
| #define HAVE_ERRNO_H 1
| #define HAVE_FCNTL_H 1
| #define HAVE_LIMITS_H 1
| #define HAVE_MEMORY_H 1
| #define HAVE_NETDB_H 1
| #define HAVE_NETINET_IN_H 1
| #define HAVE_STDLIB_H 1
| #define HAVE_STRING_H 1
| #define HAVE_STRINGS_H 1
| #define HAVE_SYS_FILE_H 1
| #define HAVE_SYS_IOCTL_H 1
| #define HAVE_SYS_PARAM_H 1
| #define HAVE_SYS_SOCKET_H 1
| #define HAVE_SYS_TIME_H 1
| #define HAVE_TIME_H 1
| #define HAVE_UNISTD_H 1
| #define HAVE_STDINT_H 1
| /* end confdefs.h.  */
| #include <stdio.h>
| #ifdef HAVE_SYS_TYPES_H
| # include <sys/types.h>
| #endif
| #ifdef HAVE_SYS_STAT_H
| # include <sys/stat.h>
| #endif
| #ifdef STDC_HEADERS
| # include <stdlib.h>
| # include <stddef.h>
| #else
| # ifdef HAVE_STDLIB_H
| #  include <stdlib.h>
| # endif
| #endif
| #ifdef HAVE_STRING_H
| # if !defined STDC_HEADERS && defined HAVE_MEMORY_H
| #  include <memory.h>
| # endif
| # include <string.h>
| #endif
| #ifdef HAVE_STRINGS_H
| # include <strings.h>
| #endif
| #ifdef HAVE_INTTYPES_H
| # include <inttypes.h>
| #endif
| #ifdef HAVE_STDINT_H
| # include <stdint.h>
| #endif
| #ifdef HAVE_UNISTD_H
| # include <unistd.h>
| #endif
| int
| main ()
| {
| if (sizeof ((_Bool)))
| 	  return 0;
|   ;
|   return 0;
| }
configure:22688: result: yes
configure:22708: checking whether char is unsigned
configure:22736: gcc -c -g -O2  conftest.c >&5
configure:22743: $? = 0
configure:22758: result: no
configure:22767: checking for an ANSI C-conforming const
configure:22842: gcc -c -g -O2  conftest.c >&5
configure:22849: $? = 0
configure:22864: result: yes
configure:22874: checking for inline
configure:22900: gcc -c -g -O2  conftest.c >&5
configure:22907: $? = 0
configure:22925: result: inline
configure:22944: checking for pid_t
configure:22972: gcc -c -g -O2  conftest.c >&5
configure:22979: $? = 0
configure:23006: gcc -c -g -O2  conftest.c >&5
conftest.c: In function 'main':
conftest.c:88:20: error: expected expression before ')' token
configure:23013: $? = 1
configure: failed program was:
| /* confdefs.h.  */
| #define PACKAGE_NAME "BattleTech MUX"
| #define PACKAGE_TARNAME "battletech-mux"
| #define PACKAGE_VERSION "0.7"
| #define PACKAGE_STRING "BattleTech MUX 0.7"
| #define PACKAGE_BUGREPORT ""
| #define PACKAGE "battletech-mux"
| #define VERSION "0.7"
| #define HUDINFO_SUPPORT 1
| #define BT_ADVANCED_ECON 1
| #define ARBITRARY_LOGFILES 1
| #define STDC_HEADERS 1
| #define HAVE_SYS_TYPES_H 1
| #define HAVE_SYS_STAT_H 1
| #define HAVE_STDLIB_H 1
| #define HAVE_STRING_H 1
| #define HAVE_MEMORY_H 1
| #define HAVE_STRINGS_H 1
| #define HAVE_INTTYPES_H 1
| #define HAVE_STDINT_H 1
| #define HAVE_UNISTD_H 1
| #define HAVE_DLFCN_H 1
| #define HAVE_LIBBSD 1
| #define HAVE_LIBCRYPT 1
| #define HAVE_LIBM 1
| #define HAVE_LIBNSL 1
| #define HAVE_LIBEVENT 1
| #define HAVE_DIRENT_H 1
| #define STDC_HEADERS 1
| #define HAVE_SYS_WAIT_H 1
| #define HAVE_ARPA_INET_H 1
| #define HAVE_ERRNO_H 1
| #define HAVE_FCNTL_H 1
| #define HAVE_LIMITS_H 1
| #define HAVE_MEMORY_H 1
| #define HAVE_NETDB_H 1
| #define HAVE_NETINET_IN_H 1
| #define HAVE_STDLIB_H 1
| #define HAVE_STRING_H 1
| #define HAVE_STRINGS_H 1
| #define HAVE_SYS_FILE_H 1
| #define HAVE_SYS_IOCTL_H 1
| #define HAVE_SYS_PARAM_H 1
| #define HAVE_SYS_SOCKET_H 1
| #define HAVE_SYS_TIME_H 1
| #define HAVE_TIME_H 1
| #define HAVE_UNISTD_H 1
| #define HAVE_STDINT_H 1
| #define HAVE__BOOL 1
| #define HAVE_STDBOOL_H 1
| /* end confdefs.h.  */
| #include <stdio.h>
| #ifdef HAVE_SYS_TYPES_H
| # include <sys/types.h>
| #endif
| #ifdef HAVE_SYS_STAT_H
| # include <sys/stat.h>
| #endif
| #ifdef STDC_HEADERS
| # include <stdlib.h>
| # include <stddef.h>
| #else
| # ifdef HAVE_STDLIB_H
| #  include <stdlib.h>
| # endif
| #endif
| #ifdef HAVE_STRING_H
| # if !defined STDC_HEADERS && defined HAVE_MEMORY_H
| #  include <memory.h>
| # endif
| # include <string.h>
| #endif
| #ifdef HAVE_STRINGS_H
| # include <strings.h>
| #endif
| #ifdef HAVE_INTTYPES_H
| # include <inttypes.h>
| #endif
| #ifdef HAVE_STDINT_H
| # include <stdint.h>
| #endif
| #ifdef HAVE_UNISTD_H
| # include <unistd.h>
| #endif
| int
| main ()
| {
| if (sizeof ((pid_t)))
| 	  return 0;
|   ;
|   return 0;
| }
configure:23036: result: yes
configure:23048: checking for size_t
configure:23076: gcc -c -g -O2  conftest.c >&5
configure:23083: $? = 0
configure:23110: gcc -c -g -O2  conftest.c >&5
conftest.c: In function 'main':
conftest.c:88:21: error: expected expression before ')' token
configure:23117: $? = 1
configure: failed program was:
| /* confdefs.h.  */
| #define PACKAGE_NAME "BattleTech MUX"
| #define PACKAGE_TARNAME "battletech-mux"
| #define PACKAGE_VERSION "0.7"
| #define PACKAGE_STRING "BattleTech MUX 0.7"
| #define PACKAGE_BUGREPORT ""
| #define PACKAGE "battletech-mux"
| #define VERSION "0.7"
| #define HUDINFO_SUPPORT 1
| #define BT_ADVANCED_ECON 1
| #define ARBITRARY_LOGFILES 1
| #define STDC_HEADERS 1
| #define HAVE_SYS_TYPES_H 1
| #define HAVE_SYS_STAT_H 1
| #define HAVE_STDLIB_H 1
| #define HAVE_STRING_H 1
| #define HAVE_MEMORY_H 1
| #define HAVE_STRINGS_H 1
| #define HAVE_INTTYPES_H 1
| #define HAVE_STDINT_H 1
| #define HAVE_UNISTD_H 1
| #define HAVE_DLFCN_H 1
| #define HAVE_LIBBSD 1
| #define HAVE_LIBCRYPT 1
| #define HAVE_LIBM 1
| #define HAVE_LIBNSL 1
| #define HAVE_LIBEVENT 1
| #define HAVE_DIRENT_H 1
| #define STDC_HEADERS 1
| #define HAVE_SYS_WAIT_H 1
| #define HAVE_ARPA_INET_H 1
| #define HAVE_ERRNO_H 1
| #define HAVE_FCNTL_H 1
| #define HAVE_LIMITS_H 1
| #define HAVE_MEMORY_H 1
| #define HAVE_NETDB_H 1
| #define HAVE_NETINET_IN_H 1
| #define HAVE_STDLIB_H 1
| #define HAVE_STRING_H 1
| #define HAVE_STRINGS_H 1
| #define HAVE_SYS_FILE_H 1
| #define HAVE_SYS_IOCTL_H 1
| #define HAVE_SYS_PARAM_H 1
| #define HAVE_SYS_SOCKET_H 1
| #define HAVE_SYS_TIME_H 1
| #define HAVE_TIME_H 1
| #define HAVE_UNISTD_H 1
| #define HAVE_STDINT_H 1
| #define HAVE__BOOL 1
| #define HAVE_STDBOOL_H 1
| /* end confdefs.h.  */
| #include <stdio.h>
| #ifdef HAVE_SYS_TYPES_H
| # include <sys/types.h>
| #endif
| #ifdef HAVE_SYS_STAT_H
| # include <sys/stat.h>
| #endif
| #ifdef STDC_HEADERS
| # include <stdlib.h>
| # include <stddef.h>
| #else
| # ifdef HAVE_STDLIB_H
| #  include <stdlib.h>
| # endif
| #endif
| #ifdef HAVE_STRING_H
| # if !defined STDC_HEADERS && defined HAVE_MEMORY_H
| #  include <memory.h>
| # endif
| # include <string.h>
| #endif
| #ifdef HAVE_STRINGS_H
| # include <strings.h>
| #endif
| #ifdef HAVE_INTTYPES_H
| # include <inttypes.h>
| #endif
| #ifdef HAVE_STDINT_H
| # include <stdint.h>
| #endif
| #ifdef HAVE_UNISTD_H
| # include <unistd.h>
| #endif
| int
| main ()
| {
| if (sizeof ((size_t)))
| 	  return 0;
|   ;
|   return 0;
| }
configure:23140: result: yes
configure:23152: checking whether time.h and sys/time.h may both be included
configure:23182: gcc -c -g -O2  conftest.c >&5
configure:23189: $? = 0
configure:23204: result: yes
configure:23214: checking whether struct tm is in sys/time.h or time.h
configure:23244: gcc -c -g -O2  conftest.c >&5
configure:23251: $? = 0
configure:23266: result: time.h
configure:23276: checking for struct tm.tm_zone
configure:23307: gcc -c -g -O2  conftest.c >&5
configure:23314: $? = 0
configure:23375: result: yes
configure:23531: checking for ptrdiff_t
configure:23559: gcc -c -g -O2  conftest.c >&5
configure:23566: $? = 0
configure:23593: gcc -c -g -O2  conftest.c >&5
conftest.c: In function 'main':
conftest.c:91:24: error: expected expression before ')' token
configure:23600: $? = 1
configure: failed program was:
| /* confdefs.h.  */
| #define PACKAGE_NAME "BattleTech MUX"
| #define PACKAGE_TARNAME "battletech-mux"
| #define PACKAGE_VERSION "0.7"
| #define PACKAGE_STRING "BattleTech MUX 0.7"
| #define PACKAGE_BUGREPORT ""
| #define PACKAGE "battletech-mux"
| #define VERSION "0.7"
| #define HUDINFO_SUPPORT 1
| #define BT_ADVANCED_ECON 1
| #define ARBITRARY_LOGFILES 1
| #define STDC_HEADERS 1
| #define HAVE_SYS_TYPES_H 1
| #define HAVE_SYS_STAT_H 1
| #define HAVE_STDLIB_H 1
| #define HAVE_STRING_H 1
| #define HAVE_MEMORY_H 1
| #define HAVE_STRINGS_H 1
| #define HAVE_INTTYPES_H 1
| #define HAVE_STDINT_H 1
| #define HAVE_UNISTD_H 1
| #define HAVE_DLFCN_H 1
| #define HAVE_LIBBSD 1
| #define HAVE_LIBCRYPT 1
| #define HAVE_LIBM 1
| #define HAVE_LIBNSL 1
| #define HAVE_LIBEVENT 1
| #define HAVE_DIRENT_H 1
| #define STDC_HEADERS 1
| #define HAVE_SYS_WAIT_H 1
| #define HAVE_ARPA_INET_H 1
| #define HAVE_ERRNO_H 1
| #define HAVE_FCNTL_H 1
| #define HAVE_LIMITS_H 1
| #define HAVE_MEMORY_H 1
| #define HAVE_NETDB_H 1
| #define HAVE_NETINET_IN_H 1
| #define HAVE_STDLIB_H 1
| #define HAVE_STRING_H 1
| #define HAVE_STRINGS_H 1
| #define HAVE_SYS_FILE_H 1
| #define HAVE_SYS_IOCTL_H 1
| #define HAVE_SYS_PARAM_H 1
| #define HAVE_SYS_SOCKET_H 1
| #define HAVE_SYS_TIME_H 1
| #define HAVE_TIME_H 1
| #define HAVE_UNISTD_H 1
| #define HAVE_STDINT_H 1
| #define HAVE__BOOL 1
| #define HAVE_STDBOOL_H 1
| #define TIME_WITH_SYS_TIME 1
| #define HAVE_STRUCT_TM_TM_ZONE 1
| #define HAVE_TM_ZONE 1
| /* end confdefs.h.  */
| #include <stdio.h>
| #ifdef HAVE_SYS_TYPES_H
| # include <sys/types.h>
| #endif
| #ifdef HAVE_SYS_STAT_H
| # include <sys/stat.h>
| #endif
| #ifdef STDC_HEADERS
| # include <stdlib.h>
| # include <stddef.h>
| #else
| # ifdef HAVE_STDLIB_H
| #  include <stdlib.h>
| # endif
| #endif
| #ifdef HAVE_STRING_H
| # if !defined STDC_HEADERS && defined HAVE_MEMORY_H
| #  include <memory.h>
| # endif
| # include <string.h>
| #endif
| #ifdef HAVE_STRINGS_H
| # include <strings.h>
| #endif
| #ifdef HAVE_INTTYPES_H
| # include <inttypes.h>
| #endif
| #ifdef HAVE_STDINT_H
| # include <stdint.h>
| #endif
| #ifdef HAVE_UNISTD_H
| # include <unistd.h>
| #endif
| int
| main ()
| {
| if (sizeof ((ptrdiff_t)))
| 	  return 0;
|   ;
|   return 0;
| }
configure:23623: result: yes
configure:23636: checking whether closedir returns void
configure:23670: gcc -o conftest -g -O2   conftest.c -levent -lnsl -lm -lcrypt -lbsd  >&5
configure:23674: $? = 0
configure:23680: ./conftest
configure:23684: $? = 0
configure:23701: result: no
configure:23727: checking vfork.h usability
configure:23744: gcc -c -g -O2  conftest.c >&5
conftest.c:89:19: fatal error: vfork.h: No such file or directory
compilation terminated.
configure:23751: $? = 1
configure: failed program was:
| /* confdefs.h.  */
| #define PACKAGE_NAME "BattleTech MUX"
| #define PACKAGE_TARNAME "battletech-mux"
| #define PACKAGE_VERSION "0.7"
| #define PACKAGE_STRING "BattleTech MUX 0.7"
| #define PACKAGE_BUGREPORT ""
| #define PACKAGE "battletech-mux"
| #define VERSION "0.7"
| #define HUDINFO_SUPPORT 1
| #define BT_ADVANCED_ECON 1
| #define ARBITRARY_LOGFILES 1
| #define STDC_HEADERS 1
| #define HAVE_SYS_TYPES_H 1
| #define HAVE_SYS_STAT_H 1
| #define HAVE_STDLIB_H 1
| #define HAVE_STRING_H 1
| #define HAVE_MEMORY_H 1
| #define HAVE_STRINGS_H 1
| #define HAVE_INTTYPES_H 1
| #define HAVE_STDINT_H 1
| #define HAVE_UNISTD_H 1
| #define HAVE_DLFCN_H 1
| #define HAVE_LIBBSD 1
| #define HAVE_LIBCRYPT 1
| #define HAVE_LIBM 1
| #define HAVE_LIBNSL 1
| #define HAVE_LIBEVENT 1
| #define HAVE_DIRENT_H 1
| #define STDC_HEADERS 1
| #define HAVE_SYS_WAIT_H 1
| #define HAVE_ARPA_INET_H 1
| #define HAVE_ERRNO_H 1
| #define HAVE_FCNTL_H 1
| #define HAVE_LIMITS_H 1
| #define HAVE_MEMORY_H 1
| #define HAVE_NETDB_H 1
| #define HAVE_NETINET_IN_H 1
| #define HAVE_STDLIB_H 1
| #define HAVE_STRING_H 1
| #define HAVE_STRINGS_H 1
| #define HAVE_SYS_FILE_H 1
| #define HAVE_SYS_IOCTL_H 1
| #define HAVE_SYS_PARAM_H 1
| #define HAVE_SYS_SOCKET_H 1
| #define HAVE_SYS_TIME_H 1
| #define HAVE_TIME_H 1
| #define HAVE_UNISTD_H 1
| #define HAVE_STDINT_H 1
| #define HAVE__BOOL 1
| #define HAVE_STDBOOL_H 1
| #define TIME_WITH_SYS_TIME 1
| #define HAVE_STRUCT_TM_TM_ZONE 1
| #define HAVE_TM_ZONE 1
| #define HAVE_PTRDIFF_T 1
| /* end confdefs.h.  */
| #include <stdio.h>
| #ifdef HAVE_SYS_TYPES_H
| # include <sys/types.h>
| #endif
| #ifdef HAVE_SYS_STAT_H
| # include <sys/stat.h>
| #endif
| #ifdef STDC_HEADERS
| # include <stdlib.h>
| # include <stddef.h>
| #else
| # ifdef HAVE_STDLIB_H
| #  include <stdlib.h>
| # endif
| #endif
| #ifdef HAVE_STRING_H
| # if !defined STDC_HEADERS && defined HAVE_MEMORY_H
| #  include <memory.h>
| # endif
| # include <string.h>
| #endif
| #ifdef HAVE_STRINGS_H
| # include <strings.h>
| #endif
| #ifdef HAVE_INTTYPES_H
| # include <inttypes.h>
| #endif
| #ifdef HAVE_STDINT_H
| # include <stdint.h>
| #endif
| #ifdef HAVE_UNISTD_H
| # include <unistd.h>
| #endif
| #include <vfork.h>
configure:23765: result: no
configure:23769: checking vfork.h presence
configure:23784: gcc -E  conftest.c
conftest.c:56:19: fatal error: vfork.h: No such file or directory
compilation terminated.
configure:23791: $? = 1
configure: failed program was:
| /* confdefs.h.  */
| #define PACKAGE_NAME "BattleTech MUX"
| #define PACKAGE_TARNAME "battletech-mux"
| #define PACKAGE_VERSION "0.7"
| #define PACKAGE_STRING "BattleTech MUX 0.7"
| #define PACKAGE_BUGREPORT ""
| #define PACKAGE "battletech-mux"
| #define VERSION "0.7"
| #define HUDINFO_SUPPORT 1
| #define BT_ADVANCED_ECON 1
| #define ARBITRARY_LOGFILES 1
| #define STDC_HEADERS 1
| #define HAVE_SYS_TYPES_H 1
| #define HAVE_SYS_STAT_H 1
| #define HAVE_STDLIB_H 1
| #define HAVE_STRING_H 1
| #define HAVE_MEMORY_H 1
| #define HAVE_STRINGS_H 1
| #define HAVE_INTTYPES_H 1
| #define HAVE_STDINT_H 1
| #define HAVE_UNISTD_H 1
| #define HAVE_DLFCN_H 1
| #define HAVE_LIBBSD 1
| #define HAVE_LIBCRYPT 1
| #define HAVE_LIBM 1
| #define HAVE_LIBNSL 1
| #define HAVE_LIBEVENT 1
| #define HAVE_DIRENT_H 1
| #define STDC_HEADERS 1
| #define HAVE_SYS_WAIT_H 1
| #define HAVE_ARPA_INET_H 1
| #define HAVE_ERRNO_H 1
| #define HAVE_FCNTL_H 1
| #define HAVE_LIMITS_H 1
| #define HAVE_MEMORY_H 1
| #define HAVE_NETDB_H 1
| #define HAVE_NETINET_IN_H 1
| #define HAVE_STDLIB_H 1
| #define HAVE_STRING_H 1
| #define HAVE_STRINGS_H 1
| #define HAVE_SYS_FILE_H 1
| #define HAVE_SYS_IOCTL_H 1
| #define HAVE_SYS_PARAM_H 1
| #define HAVE_SYS_SOCKET_H 1
| #define HAVE_SYS_TIME_H 1
| #define HAVE_TIME_H 1
| #define HAVE_UNISTD_H 1
| #define HAVE_STDINT_H 1
| #define HAVE__BOOL 1
| #define HAVE_STDBOOL_H 1
| #define TIME_WITH_SYS_TIME 1
| #define HAVE_STRUCT_TM_TM_ZONE 1
| #define HAVE_TM_ZONE 1
| #define HAVE_PTRDIFF_T 1
| /* end confdefs.h.  */
| #include <vfork.h>
configure:23805: result: no
configure:23833: checking for vfork.h
configure:23842: result: no
configure:23862: checking for fork
configure:23918: gcc -o conftest -g -O2   conftest.c -levent -lnsl -lm -lcrypt -lbsd  >&5
conftest.c:79:6: warning: conflicting types for built-in function 'fork' [enabled by default]
configure:23925: $? = 0
configure:23947: result: yes
configure:23862: checking for vfork
configure:23918: gcc -o conftest -g -O2   conftest.c -levent -lnsl -lm -lcrypt -lbsd  >&5
configure:23925: $? = 0
configure:23947: result: yes
configure:23960: checking for working fork
configure:23992: gcc -o conftest -g -O2   conftest.c -levent -lnsl -lm -lcrypt -lbsd  >&5
configure:23996: $? = 0
configure:24002: ./conftest
configure:24006: $? = 0
configure:24023: result: yes
configure:24044: checking for working vfork
configure:24185: result: yes
configure:24216: checking whether lstat dereferences a symlink specified with a trailing slash
configure:24252: gcc -o conftest -g -O2   conftest.c -levent -lnsl -lm -lcrypt -lbsd  >&5
configure:24256: $? = 0
configure:24262: ./conftest
configure:24266: $? = 0
configure:24290: result: yes
configure:24309: checking whether lstat accepts an empty string
configure:24339: gcc -o conftest -g -O2   conftest.c -levent -lnsl -lm -lcrypt -lbsd  >&5
configure:24343: $? = 0
configure:24349: ./conftest
configure:24353: $? = 0
configure:24370: result: no
configure:24386: checking whether lstat dereferences a symlink specified with a trailing slash
configure:24460: result: yes
configure:24484: checking for stdlib.h
configure:24491: result: yes
configure:24625: checking for GNU libc compatible malloc
configure:24659: gcc -o conftest -g -O2   conftest.c -levent -lnsl -lm -lcrypt -lbsd  >&5
configure:24663: $? = 0
configure:24669: ./conftest
configure:24673: $? = 0
configure:24690: result: yes
configure:24723: checking for stdlib.h
configure:24730: result: yes
configure:24864: checking for GNU libc compatible realloc
configure:24898: gcc -o conftest -g -O2   conftest.c -levent -lnsl -lm -lcrypt -lbsd  >&5
configure:24902: $? = 0
configure:24908: ./conftest
configure:24912: $? = 0
configure:24929: result: yes
configure:24974: checking sys/select.h usability
configure:24991: gcc -c -g -O2  conftest.c >&5
configure:24998: $? = 0
configure:25012: result: yes
configure:25016: checking sys/select.h presence
configure:25031: gcc -E  conftest.c
configure:25038: $? = 0
configure:25052: result: yes
configure:25080: checking for sys/select.h
configure:25089: result: yes
configure:24963: checking for sys/socket.h
configure:24970: result: yes
configure:25104: checking types of arguments for select
configure:25142: gcc -c -g -O2  conftest.c >&5
configure:25149: $? = 0
configure:25170: result: int,fd_set *,struct timeval *
configure:25193: checking return type of signal handlers
configure:25221: gcc -c -g -O2  conftest.c >&5
conftest.c: In function 'main':
conftest.c:77:1: error: void value not ignored as it ought to be
configure:25228: $? = 1
configure: failed program was:
| /* confdefs.h.  */
| #define PACKAGE_NAME "BattleTech MUX"
| #define PACKAGE_TARNAME "battletech-mux"
| #define PACKAGE_VERSION "0.7"
| #define PACKAGE_STRING "BattleTech MUX 0.7"
| #define PACKAGE_BUGREPORT ""
| #define PACKAGE "battletech-mux"
| #define VERSION "0.7"
| #define HUDINFO_SUPPORT 1
| #define BT_ADVANCED_ECON 1
| #define ARBITRARY_LOGFILES 1
| #define STDC_HEADERS 1
| #define HAVE_SYS_TYPES_H 1
| #define HAVE_SYS_STAT_H 1
| #define HAVE_STDLIB_H 1
| #define HAVE_STRING_H 1
| #define HAVE_MEMORY_H 1
| #define HAVE_STRINGS_H 1
| #define HAVE_INTTYPES_H 1
| #define HAVE_STDINT_H 1
| #define HAVE_UNISTD_H 1
| #define HAVE_DLFCN_H 1
| #define HAVE_LIBBSD 1
| #define HAVE_LIBCRYPT 1
| #define HAVE_LIBM 1
| #define HAVE_LIBNSL 1
| #define HAVE_LIBEVENT 1
| #define HAVE_DIRENT_H 1
| #define STDC_HEADERS 1
| #define HAVE_SYS_WAIT_H 1
| #define HAVE_ARPA_INET_H 1
| #define HAVE_ERRNO_H 1
| #define HAVE_FCNTL_H 1
| #define HAVE_LIMITS_H 1
| #define HAVE_MEMORY_H 1
| #define HAVE_NETDB_H 1
| #define HAVE_NETINET_IN_H 1
| #define HAVE_STDLIB_H 1
| #define HAVE_STRING_H 1
| #define HAVE_STRINGS_H 1
| #define HAVE_SYS_FILE_H 1
| #define HAVE_SYS_IOCTL_H 1
| #define HAVE_SYS_PARAM_H 1
| #define HAVE_SYS_SOCKET_H 1
| #define HAVE_SYS_TIME_H 1
| #define HAVE_TIME_H 1
| #define HAVE_UNISTD_H 1
| #define HAVE_STDINT_H 1
| #define HAVE__BOOL 1
| #define HAVE_STDBOOL_H 1
| #define TIME_WITH_SYS_TIME 1
| #define HAVE_STRUCT_TM_TM_ZONE 1
| #define HAVE_TM_ZONE 1
| #define HAVE_PTRDIFF_T 1
| #define HAVE_FORK 1
| #define HAVE_VFORK 1
| #define HAVE_WORKING_VFORK 1
| #define HAVE_WORKING_FORK 1
| #define LSTAT_FOLLOWS_SLASHED_SYMLINK 1
| #define LSTAT_FOLLOWS_SLASHED_SYMLINK 1
| #define HAVE_STDLIB_H 1
| #define HAVE_MALLOC 1
| #define HAVE_STDLIB_H 1
| #define HAVE_REALLOC 1
| #define HAVE_SYS_SELECT_H 1
| #define HAVE_SYS_SOCKET_H 1
| #define SELECT_TYPE_ARG1 int
| #define SELECT_TYPE_ARG234 (fd_set *)
| #define SELECT_TYPE_ARG5 (struct timeval *)
| /* end confdefs.h.  */
| #include <sys/types.h>
| #include <signal.h>
| 
| int
| main ()
| {
| return *(signal (0, 0)) (0) == 1;
|   ;
|   return 0;
| }
configure:25243: result: void
configure:25251: checking whether stat accepts an empty string
configure:25281: gcc -o conftest -g -O2   conftest.c -levent -lnsl -lm -lcrypt -lbsd  >&5
configure:25285: $? = 0
configure:25291: ./conftest
configure:25295: $? = 0
configure:25312: result: no
configure:25332: checking for vprintf
configure:25388: gcc -o conftest -g -O2   conftest.c -levent -lnsl -lm -lcrypt -lbsd  >&5
conftest.c:95:6: warning: conflicting types for built-in function 'vprintf' [enabled by default]
configure:25395: $? = 0
configure:25417: result: yes
configure:25426: checking for _doprnt
configure:25482: gcc -o conftest -g -O2   conftest.c -levent -lnsl -lm -lcrypt -lbsd  >&5
/tmp/cc35vaht.o: In function `main':
/home/chazu/c/btmux/conftest.c:107: undefined reference to `_doprnt'
collect2: error: ld returned 1 exit status
configure:25489: $? = 1
configure: failed program was:
| /* confdefs.h.  */
| #define PACKAGE_NAME "BattleTech MUX"
| #define PACKAGE_TARNAME "battletech-mux"
| #define PACKAGE_VERSION "0.7"
| #define PACKAGE_STRING "BattleTech MUX 0.7"
| #define PACKAGE_BUGREPORT ""
| #define PACKAGE "battletech-mux"
| #define VERSION "0.7"
| #define HUDINFO_SUPPORT 1
| #define BT_ADVANCED_ECON 1
| #define ARBITRARY_LOGFILES 1
| #define STDC_HEADERS 1
| #define HAVE_SYS_TYPES_H 1
| #define HAVE_SYS_STAT_H 1
| #define HAVE_STDLIB_H 1
| #define HAVE_STRING_H 1
| #define HAVE_MEMORY_H 1
| #define HAVE_STRINGS_H 1
| #define HAVE_INTTYPES_H 1
| #define HAVE_STDINT_H 1
| #define HAVE_UNISTD_H 1
| #define HAVE_DLFCN_H 1
| #define HAVE_LIBBSD 1
| #define HAVE_LIBCRYPT 1
| #define HAVE_LIBM 1
| #define HAVE_LIBNSL 1
| #define HAVE_LIBEVENT 1
| #define HAVE_DIRENT_H 1
| #define STDC_HEADERS 1
| #define HAVE_SYS_WAIT_H 1
| #define HAVE_ARPA_INET_H 1
| #define HAVE_ERRNO_H 1
| #define HAVE_FCNTL_H 1
| #define HAVE_LIMITS_H 1
| #define HAVE_MEMORY_H 1
| #define HAVE_NETDB_H 1
| #define HAVE_NETINET_IN_H 1
| #define HAVE_STDLIB_H 1
| #define HAVE_STRING_H 1
| #define HAVE_STRINGS_H 1
| #define HAVE_SYS_FILE_H 1
| #define HAVE_SYS_IOCTL_H 1
| #define HAVE_SYS_PARAM_H 1
| #define HAVE_SYS_SOCKET_H 1
| #define HAVE_SYS_TIME_H 1
| #define HAVE_TIME_H 1
| #define HAVE_UNISTD_H 1
| #define HAVE_STDINT_H 1
| #define HAVE__BOOL 1
| #define HAVE_STDBOOL_H 1
| #define TIME_WITH_SYS_TIME 1
| #define HAVE_STRUCT_TM_TM_ZONE 1
| #define HAVE_TM_ZONE 1
| #define HAVE_PTRDIFF_T 1
| #define HAVE_FORK 1
| #define HAVE_VFORK 1
| #define HAVE_WORKING_VFORK 1
| #define HAVE_WORKING_FORK 1
| #define LSTAT_FOLLOWS_SLASHED_SYMLINK 1
| #define LSTAT_FOLLOWS_SLASHED_SYMLINK 1
| #define HAVE_STDLIB_H 1
| #define HAVE_MALLOC 1
| #define HAVE_STDLIB_H 1
| #define HAVE_REALLOC 1
| #define HAVE_SYS_SELECT_H 1
| #define HAVE_SYS_SOCKET_H 1
| #define SELECT_TYPE_ARG1 int
| #define SELECT_TYPE_ARG234 (fd_set *)
| #define SELECT_TYPE_ARG5 (struct timeval *)
| #define RETSIGTYPE void
| #define HAVE_VPRINTF 1
| /* end confdefs.h.  */
| /* Define _doprnt to an innocuous variant, in case <limits.h> declares _doprnt.
|    For example, HP-UX 11i <limits.h> declares gettimeofday.  */
| #define _doprnt innocuous__doprnt
| 
| /* System header to define __stub macros and hopefully few prototypes,
|     which can conflict with char _doprnt (); below.
|     Prefer <limits.h> to <assert.h> if __STDC__ is defined, since
|     <limits.h> exists even on freestanding compilers.  */
| 
| #ifdef __STDC__
| # include <limits.h>
| #else
| # include <assert.h>
| #endif
| 
| #undef _doprnt
| 
| /* Override any GCC internal prototype to avoid an error.
|    Use char because int might match the return type of a GCC
|    builtin and then its argument prototype would still apply.  */
| #ifdef __cplusplus
| extern "C"
| #endif
| char _doprnt ();
| /* The GNU C library defines this for functions which it implements
|     to always fail with ENOSYS.  Some functions are actually named
|     something starting with __ and the normal name is an alias.  */
| #if defined __stub__doprnt || defined __stub____doprnt
| choke me
| #endif
| 
| int
| main ()
| {
| return _doprnt ();
|   ;
|   return 0;
| }
configure:25509: result: no
configure:25565: checking for bzero
configure:25621: gcc -o conftest -g -O2   conftest.c -levent -lnsl -lm -lcrypt -lbsd  >&5
conftest.c:96:6: warning: conflicting types for built-in function 'bzero' [enabled by default]
configure:25628: $? = 0
configure:25650: result: yes
configure:25565: checking for dup2
configure:25621: gcc -o conftest -g -O2   conftest.c -levent -lnsl -lm -lcrypt -lbsd  >&5
configure:25628: $? = 0
configure:25650: result: yes
configure:25565: checking for floor
configure:25621: gcc -o conftest -g -O2   conftest.c -levent -lnsl -lm -lcrypt -lbsd  >&5
conftest.c:98:6: warning: conflicting types for built-in function 'floor' [enabled by default]
configure:25628: $? = 0
configure:25650: result: yes
configure:25565: checking for getdtablesize
configure:25621: gcc -o conftest -g -O2   conftest.c -levent -lnsl -lm -lcrypt -lbsd  >&5
configure:25628: $? = 0
configure:25650: result: yes
configure:25565: checking for gethostbyaddr
configure:25621: gcc -o conftest -g -O2   conftest.c -levent -lnsl -lm -lcrypt -lbsd  >&5
configure:25628: $? = 0
configure:25650: result: yes
configure:25565: checking for gethostbyname
configure:25621: gcc -o conftest -g -O2   conftest.c -levent -lnsl -lm -lcrypt -lbsd  >&5
configure:25628: $? = 0
configure:25650: result: yes
configure:25565: checking for getrusage
configure:25621: gcc -o conftest -g -O2   conftest.c -levent -lnsl -lm -lcrypt -lbsd  >&5
configure:25628: $? = 0
configure:25650: result: yes
configure:25565: checking for gettimeofday
configure:25621: gcc -o conftest -g -O2   conftest.c -levent -lnsl -lm -lcrypt -lbsd  >&5
configure:25628: $? = 0
configure:25650: result: yes
configure:25565: checking for inet_ntoa
configure:25621: gcc -o conftest -g -O2   conftest.c -levent -lnsl -lm -lcrypt -lbsd  >&5
configure:25628: $? = 0
configure:25650: result: yes
configure:25565: checking for isascii
configure:25621: gcc -o conftest -g -O2   conftest.c -levent -lnsl -lm -lcrypt -lbsd  >&5
conftest.c:105:6: warning: conflicting types for built-in function 'isascii' [enabled by default]
configure:25628: $? = 0
configure:25650: result: yes
configure:25565: checking for localtime
configure:25621: gcc -o conftest -g -O2   conftest.c -levent -lnsl -lm -lcrypt -lbsd  >&5
configure:25628: $? = 0
configure:25650: result: yes
configure:25565: checking for memmove
configure:25621: gcc -o conftest -g -O2   conftest.c -levent -lnsl -lm -lcrypt -lbsd  >&5
conftest.c:107:6: warning: conflicting types for built-in function 'memmove' [enabled by default]
configure:25628: $? = 0
configure:25650: result: yes
configure:25565: checking for memset
configure:25621: gcc -o conftest -g -O2   conftest.c -levent -lnsl -lm -lcrypt -lbsd  >&5
conftest.c:108:6: warning: conflicting types for built-in function 'memset' [enabled by default]
configure:25628: $? = 0
configure:25650: result: yes
configure:25565: checking for mktime
configure:25621: gcc -o conftest -g -O2   conftest.c -levent -lnsl -lm -lcrypt -lbsd  >&5
configure:25628: $? = 0
configure:25650: result: yes
configure:25565: checking for pow
configure:25621: gcc -o conftest -g -O2   conftest.c -levent -lnsl -lm -lcrypt -lbsd  >&5
conftest.c:110:6: warning: conflicting types for built-in function 'pow' [enabled by default]
configure:25628: $? = 0
configure:25650: result: yes
configure:25565: checking for regcomp
configure:25621: gcc -o conftest -g -O2   conftest.c -levent -lnsl -lm -lcrypt -lbsd  >&5
configure:25628: $? = 0
configure:25650: result: yes
configure:25565: checking for rint
configure:25621: gcc -o conftest -g -O2   conftest.c -levent -lnsl -lm -lcrypt -lbsd  >&5
conftest.c:112:6: warning: conflicting types for built-in function 'rint' [enabled by default]
configure:25628: $? = 0
configure:25650: result: yes
configure:25565: checking for select
configure:25621: gcc -o conftest -g -O2   conftest.c -levent -lnsl -lm -lcrypt -lbsd  >&5
configure:25628: $? = 0
configure:25650: result: yes
configure:25565: checking for socket
configure:25621: gcc -o conftest -g -O2   conftest.c -levent -lnsl -lm -lcrypt -lbsd  >&5
configure:25628: $? = 0
configure:25650: result: yes
configure:25565: checking for sqrt
configure:25621: gcc -o conftest -g -O2   conftest.c -levent -lnsl -lm -lcrypt -lbsd  >&5
conftest.c:115:6: warning: conflicting types for built-in function 'sqrt' [enabled by default]
configure:25628: $? = 0
configure:25650: result: yes
configure:25565: checking for srandom
configure:25621: gcc -o conftest -g -O2   conftest.c -levent -lnsl -lm -lcrypt -lbsd  >&5
configure:25628: $? = 0
configure:25650: result: yes
configure:25565: checking for stpcpy
configure:25621: gcc -o conftest -g -O2   conftest.c -levent -lnsl -lm -lcrypt -lbsd  >&5
conftest.c:117:6: warning: conflicting types for built-in function 'stpcpy' [enabled by default]
configure:25628: $? = 0
configure:25650: result: yes
configure:25565: checking for strcasecmp
configure:25621: gcc -o conftest -g -O2   conftest.c -levent -lnsl -lm -lcrypt -lbsd  >&5
conftest.c:118:6: warning: conflicting types for built-in function 'strcasecmp' [enabled by default]
configure:25628: $? = 0
configure:25650: result: yes
configure:25565: checking for strchr
configure:25621: gcc -o conftest -g -O2   conftest.c -levent -lnsl -lm -lcrypt -lbsd  >&5
conftest.c:119:6: warning: conflicting types for built-in function 'strchr' [enabled by default]
configure:25628: $? = 0
configure:25650: result: yes
configure:25565: checking for strcspn
configure:25621: gcc -o conftest -g -O2   conftest.c -levent -lnsl -lm -lcrypt -lbsd  >&5
conftest.c:120:6: warning: conflicting types for built-in function 'strcspn' [enabled by default]
configure:25628: $? = 0
configure:25650: result: yes
configure:25565: checking for strdup
configure:25621: gcc -o conftest -g -O2   conftest.c -levent -lnsl -lm -lcrypt -lbsd  >&5
conftest.c:121:6: warning: conflicting types for built-in function 'strdup' [enabled by default]
configure:25628: $? = 0
configure:25650: result: yes
configure:25565: checking for strerror
configure:25621: gcc -o conftest -g -O2   conftest.c -levent -lnsl -lm -lcrypt -lbsd  >&5
configure:25628: $? = 0
configure:25650: result: yes
configure:25565: checking for strncasecmp
configure:25621: gcc -o conftest -g -O2   conftest.c -levent -lnsl -lm -lcrypt -lbsd  >&5
conftest.c:123:6: warning: conflicting types for built-in function 'strncasecmp' [enabled by default]
configure:25628: $? = 0
configure:25650: result: yes
configure:25565: checking for strndup
configure:25621: gcc -o conftest -g -O2   conftest.c -levent -lnsl -lm -lcrypt -lbsd  >&5
conftest.c:124:6: warning: conflicting types for built-in function 'strndup' [enabled by default]
configure:25628: $? = 0
configure:25650: result: yes
configure:25565: checking for strnlen
configure:25621: gcc -o conftest -g -O2   conftest.c -levent -lnsl -lm -lcrypt -lbsd  >&5
configure:25628: $? = 0
configure:25650: result: yes
configure:25565: checking for strrchr
configure:25621: gcc -o conftest -g -O2   conftest.c -levent -lnsl -lm -lcrypt -lbsd  >&5
conftest.c:126:6: warning: conflicting types for built-in function 'strrchr' [enabled by default]
configure:25628: $? = 0
configure:25650: result: yes
configure:25565: checking for strlcpy
configure:25621: gcc -o conftest -g -O2   conftest.c -levent -lnsl -lm -lcrypt -lbsd  >&5
configure:25628: $? = 0
configure:25650: result: yes
configure:25565: checking for strlcat
configure:25621: gcc -o conftest -g -O2   conftest.c -levent -lnsl -lm -lcrypt -lbsd  >&5
configure:25628: $? = 0
configure:25650: result: yes
configure:25565: checking for strstr
configure:25621: gcc -o conftest -g -O2   conftest.c -levent -lnsl -lm -lcrypt -lbsd  >&5
conftest.c:129:6: warning: conflicting types for built-in function 'strstr' [enabled by default]
configure:25628: $? = 0
configure:25650: result: yes
configure:25565: checking for strtol
configure:25621: gcc -o conftest -g -O2   conftest.c -levent -lnsl -lm -lcrypt -lbsd  >&5
configure:25628: $? = 0
configure:25650: result: yes
configure:25565: checking for timelocal
configure:25621: gcc -o conftest -g -O2   conftest.c -levent -lnsl -lm -lcrypt -lbsd  >&5
configure:25628: $? = 0
configure:25650: result: yes
configure:25565: checking for tzset
configure:25621: gcc -o conftest -g -O2   conftest.c -levent -lnsl -lm -lcrypt -lbsd  >&5
configure:25628: $? = 0
configure:25650: result: yes
configure:25565: checking for sigaction
configure:25621: gcc -o conftest -g -O2   conftest.c -levent -lnsl -lm -lcrypt -lbsd  >&5
configure:25628: $? = 0
configure:25650: result: yes
configure:25565: checking for posix_memalign
configure:25621: gcc -o conftest -g -O2   conftest.c -levent -lnsl -lm -lcrypt -lbsd  >&5
configure:25628: $? = 0
configure:25650: result: yes
configure:25663: checking for siginfo_t.si_fd
configure:25692: gcc -c -g -O2  conftest.c >&5
configure:25699: $? = 0
configure:25758: result: yes
configure:25770: checking for linger
configure:25794: gcc -c -g -O2  conftest.c >&5
configure:25801: $? = 0
configure:25810: result: yes
configure:25825: checking for main in -lsocket
configure:25854: gcc -o conftest -g -O2   conftest.c -lsocket  -levent -lnsl -lm -lcrypt -lbsd  >&5
/usr/bin/ld: cannot find -lsocket
collect2: error: ld returned 1 exit status
configure:25861: $? = 1
configure: failed program was:
| /* confdefs.h.  */
| #define PACKAGE_NAME "BattleTech MUX"
| #define PACKAGE_TARNAME "battletech-mux"
| #define PACKAGE_VERSION "0.7"
| #define PACKAGE_STRING "BattleTech MUX 0.7"
| #define PACKAGE_BUGREPORT ""
| #define PACKAGE "battletech-mux"
| #define VERSION "0.7"
| #define HUDINFO_SUPPORT 1
| #define BT_ADVANCED_ECON 1
| #define ARBITRARY_LOGFILES 1
| #define STDC_HEADERS 1
| #define HAVE_SYS_TYPES_H 1
| #define HAVE_SYS_STAT_H 1
| #define HAVE_STDLIB_H 1
| #define HAVE_STRING_H 1
| #define HAVE_MEMORY_H 1
| #define HAVE_STRINGS_H 1
| #define HAVE_INTTYPES_H 1
| #define HAVE_STDINT_H 1
| #define HAVE_UNISTD_H 1
| #define HAVE_DLFCN_H 1
| #define HAVE_LIBBSD 1
| #define HAVE_LIBCRYPT 1
| #define HAVE_LIBM 1
| #define HAVE_LIBNSL 1
| #define HAVE_LIBEVENT 1
| #define HAVE_DIRENT_H 1
| #define STDC_HEADERS 1
| #define HAVE_SYS_WAIT_H 1
| #define HAVE_ARPA_INET_H 1
| #define HAVE_ERRNO_H 1
| #define HAVE_FCNTL_H 1
| #define HAVE_LIMITS_H 1
| #define HAVE_MEMORY_H 1
| #define HAVE_NETDB_H 1
| #define HAVE_NETINET_IN_H 1
| #define HAVE_STDLIB_H 1
| #define HAVE_STRING_H 1
| #define HAVE_STRINGS_H 1
| #define HAVE_SYS_FILE_H 1
| #define HAVE_SYS_IOCTL_H 1
| #define HAVE_SYS_PARAM_H 1
| #define HAVE_SYS_SOCKET_H 1
| #define HAVE_SYS_TIME_H 1
| #define HAVE_TIME_H 1
| #define HAVE_UNISTD_H 1
| #define HAVE_STDINT_H 1
| #define HAVE__BOOL 1
| #define HAVE_STDBOOL_H 1
| #define TIME_WITH_SYS_TIME 1
| #define HAVE_STRUCT_TM_TM_ZONE 1
| #define HAVE_TM_ZONE 1
| #define HAVE_PTRDIFF_T 1
| #define HAVE_FORK 1
| #define HAVE_VFORK 1
| #define HAVE_WORKING_VFORK 1
| #define HAVE_WORKING_FORK 1
| #define LSTAT_FOLLOWS_SLASHED_SYMLINK 1
| #define LSTAT_FOLLOWS_SLASHED_SYMLINK 1
| #define HAVE_STDLIB_H 1
| #define HAVE_MALLOC 1
| #define HAVE_STDLIB_H 1
| #define HAVE_REALLOC 1
| #define HAVE_SYS_SELECT_H 1
| #define HAVE_SYS_SOCKET_H 1
| #define SELECT_TYPE_ARG1 int
| #define SELECT_TYPE_ARG234 (fd_set *)
| #define SELECT_TYPE_ARG5 (struct timeval *)
| #define RETSIGTYPE void
| #define HAVE_VPRINTF 1
| #define HAVE_BZERO 1
| #define HAVE_DUP2 1
| #define HAVE_FLOOR 1
| #define HAVE_GETDTABLESIZE 1
| #define HAVE_GETHOSTBYADDR 1
| #define HAVE_GETHOSTBYNAME 1
| #define HAVE_GETRUSAGE 1
| #define HAVE_GETTIMEOFDAY 1
| #define HAVE_INET_NTOA 1
| #define HAVE_ISASCII 1
| #define HAVE_LOCALTIME 1
| #define HAVE_MEMMOVE 1
| #define HAVE_MEMSET 1
| #define HAVE_MKTIME 1
| #define HAVE_POW 1
| #define HAVE_REGCOMP 1
| #define HAVE_RINT 1
| #define HAVE_SELECT 1
| #define HAVE_SOCKET 1
| #define HAVE_SQRT 1
| #define HAVE_SRANDOM 1
| #define HAVE_STPCPY 1
| #define HAVE_STRCASECMP 1
| #define HAVE_STRCHR 1
| #define HAVE_STRCSPN 1
| #define HAVE_STRDUP 1
| #define HAVE_STRERROR 1
| #define HAVE_STRNCASECMP 1
| #define HAVE_STRNDUP 1
| #define HAVE_STRNLEN 1
| #define HAVE_STRRCHR 1
| #define HAVE_STRLCPY 1
| #define HAVE_STRLCAT 1
| #define HAVE_STRSTR 1
| #define HAVE_STRTOL 1
| #define HAVE_TIMELOCAL 1
| #define HAVE_TZSET 1
| #define HAVE_SIGACTION 1
| #define HAVE_POSIX_MEMALIGN 1
| #define HAVE_SIGINFO_T_SI_FD 1
| #define HAVE_LINGER 1
| /* end confdefs.h.  */
| 
| 
| int
| main ()
| {
| return main ();
|   ;
|   return 0;
| }
configure:25882: result: no
configure:25897: checking for main in -linet
configure:25926: gcc -o conftest -g -O2   conftest.c -linet  -levent -lnsl -lm -lcrypt -lbsd  >&5
/usr/bin/ld: cannot find -linet
collect2: error: ld returned 1 exit status
configure:25933: $? = 1
configure: failed program was:
| /* confdefs.h.  */
| #define PACKAGE_NAME "BattleTech MUX"
| #define PACKAGE_TARNAME "battletech-mux"
| #define PACKAGE_VERSION "0.7"
| #define PACKAGE_STRING "BattleTech MUX 0.7"
| #define PACKAGE_BUGREPORT ""
| #define PACKAGE "battletech-mux"
| #define VERSION "0.7"
| #define HUDINFO_SUPPORT 1
| #define BT_ADVANCED_ECON 1
| #define ARBITRARY_LOGFILES 1
| #define STDC_HEADERS 1
| #define HAVE_SYS_TYPES_H 1
| #define HAVE_SYS_STAT_H 1
| #define HAVE_STDLIB_H 1
| #define HAVE_STRING_H 1
| #define HAVE_MEMORY_H 1
| #define HAVE_STRINGS_H 1
| #define HAVE_INTTYPES_H 1
| #define HAVE_STDINT_H 1
| #define HAVE_UNISTD_H 1
| #define HAVE_DLFCN_H 1
| #define HAVE_LIBBSD 1
| #define HAVE_LIBCRYPT 1
| #define HAVE_LIBM 1
| #define HAVE_LIBNSL 1
| #define HAVE_LIBEVENT 1
| #define HAVE_DIRENT_H 1
| #define STDC_HEADERS 1
| #define HAVE_SYS_WAIT_H 1
| #define HAVE_ARPA_INET_H 1
| #define HAVE_ERRNO_H 1
| #define HAVE_FCNTL_H 1
| #define HAVE_LIMITS_H 1
| #define HAVE_MEMORY_H 1
| #define HAVE_NETDB_H 1
| #define HAVE_NETINET_IN_H 1
| #define HAVE_STDLIB_H 1
| #define HAVE_STRING_H 1
| #define HAVE_STRINGS_H 1
| #define HAVE_SYS_FILE_H 1
| #define HAVE_SYS_IOCTL_H 1
| #define HAVE_SYS_PARAM_H 1
| #define HAVE_SYS_SOCKET_H 1
| #define HAVE_SYS_TIME_H 1
| #define HAVE_TIME_H 1
| #define HAVE_UNISTD_H 1
| #define HAVE_STDINT_H 1
| #define HAVE__BOOL 1
| #define HAVE_STDBOOL_H 1
| #define TIME_WITH_SYS_TIME 1
| #define HAVE_STRUCT_TM_TM_ZONE 1
| #define HAVE_TM_ZONE 1
| #define HAVE_PTRDIFF_T 1
| #define HAVE_FORK 1
| #define HAVE_VFORK 1
| #define HAVE_WORKING_VFORK 1
| #define HAVE_WORKING_FORK 1
| #define LSTAT_FOLLOWS_SLASHED_SYMLINK 1
| #define LSTAT_FOLLOWS_SLASHED_SYMLINK 1
| #define HAVE_STDLIB_H 1
| #define HAVE_MALLOC 1
| #define HAVE_STDLIB_H 1
| #define HAVE_REALLOC 1
| #define HAVE_SYS_SELECT_H 1
| #define HAVE_SYS_SOCKET_H 1
| #define SELECT_TYPE_ARG1 int
| #define SELECT_TYPE_ARG234 (fd_set *)
| #define SELECT_TYPE_ARG5 (struct timeval *)
| #define RETSIGTYPE void
| #define HAVE_VPRINTF 1
| #define HAVE_BZERO 1
| #define HAVE_DUP2 1
| #define HAVE_FLOOR 1
| #define HAVE_GETDTABLESIZE 1
| #define HAVE_GETHOSTBYADDR 1
| #define HAVE_GETHOSTBYNAME 1
| #define HAVE_GETRUSAGE 1
| #define HAVE_GETTIMEOFDAY 1
| #define HAVE_INET_NTOA 1
| #define HAVE_ISASCII 1
| #define HAVE_LOCALTIME 1
| #define HAVE_MEMMOVE 1
| #define HAVE_MEMSET 1
| #define HAVE_MKTIME 1
| #define HAVE_POW 1
| #define HAVE_REGCOMP 1
| #define HAVE_RINT 1
| #define HAVE_SELECT 1
| #define HAVE_SOCKET 1
| #define HAVE_SQRT 1
| #define HAVE_SRANDOM 1
| #define HAVE_STPCPY 1
| #define HAVE_STRCASECMP 1
| #define HAVE_STRCHR 1
| #define HAVE_STRCSPN 1
| #define HAVE_STRDUP 1
| #define HAVE_STRERROR 1
| #define HAVE_STRNCASECMP 1
| #define HAVE_STRNDUP 1
| #define HAVE_STRNLEN 1
| #define HAVE_STRRCHR 1
| #define HAVE_STRLCPY 1
| #define HAVE_STRLCAT 1
| #define HAVE_STRSTR 1
| #define HAVE_STRTOL 1
| #define HAVE_TIMELOCAL 1
| #define HAVE_TZSET 1
| #define HAVE_SIGACTION 1
| #define HAVE_POSIX_MEMALIGN 1
| #define HAVE_SIGINFO_T_SI_FD 1
| #define HAVE_LINGER 1
| /* end confdefs.h.  */
| 
| 
| int
| main ()
| {
| return main ();
|   ;
|   return 0;
| }
configure:25954: result: no
configure:26122: creating ./config.status

## ---------------------- ##
## Running config.status. ##
## ---------------------- ##

This file was extended by BattleTech MUX config.status 0.7, which was
generated by GNU Autoconf 2.63.  Invocation command line was

  CONFIG_FILES    = 
  CONFIG_HEADERS  = 
  CONFIG_LINKS    = 
  CONFIG_COMMANDS = 
  $ ./config.status 

on Lariosaurus

config.status:895: creating Makefile
config.status:895: creating src/Makefile
config.status:895: creating autoconf.h
config.status:1169: executing depfiles commands
configure:27514: === configuring in btech (/home/chazu/c/btmux/btech)
configure:27617: running /bin/bash ./configure --disable-option-checking '--prefix=/home/chazu/c/btmux/game.run'  --cache-file=/dev/null --srcdir=.

## ---------------- ##
## Cache variables. ##
## ---------------- ##

ac_cv_build=x86_64-unknown-linux-gnu
ac_cv_c_char_unsigned=no
ac_cv_c_compiler_gnu=yes
ac_cv_c_const=yes
ac_cv_c_inline=inline
ac_cv_cxx_compiler_gnu=yes
ac_cv_env_CCC_set=
ac_cv_env_CCC_value=
ac_cv_env_CC_set=
ac_cv_env_CC_value=
ac_cv_env_CFLAGS_set=
ac_cv_env_CFLAGS_value=
ac_cv_env_CPPFLAGS_set=
ac_cv_env_CPPFLAGS_value=
ac_cv_env_CPP_set=
ac_cv_env_CPP_value=
ac_cv_env_CXXCPP_set=
ac_cv_env_CXXCPP_value=
ac_cv_env_CXXFLAGS_set=
ac_cv_env_CXXFLAGS_value=
ac_cv_env_CXX_set=
ac_cv_env_CXX_value=
ac_cv_env_F77_set=
ac_cv_env_F77_value=
ac_cv_env_FFLAGS_set=
ac_cv_env_FFLAGS_value=
ac_cv_env_LDFLAGS_set=
ac_cv_env_LDFLAGS_value=
ac_cv_env_LIBS_set=
ac_cv_env_LIBS_value=
ac_cv_env_build_alias_set=
ac_cv_env_build_alias_value=
ac_cv_env_host_alias_set=
ac_cv_env_host_alias_value=
ac_cv_env_target_alias_set=
ac_cv_env_target_alias_value=
ac_cv_f77_compiler_gnu=no
ac_cv_func__doprnt=no
ac_cv_func_bzero=yes
ac_cv_func_closedir_void=no
ac_cv_func_dup2=yes
ac_cv_func_floor=yes
ac_cv_func_fork=yes
ac_cv_func_fork_works=yes
ac_cv_func_getdtablesize=yes
ac_cv_func_gethostbyaddr=yes
ac_cv_func_gethostbyname=yes
ac_cv_func_getrusage=yes
ac_cv_func_gettimeofday=yes
ac_cv_func_inet_ntoa=yes
ac_cv_func_isascii=yes
ac_cv_func_localtime=yes
ac_cv_func_lstat_dereferences_slashed_symlink=yes
ac_cv_func_lstat_empty_string_bug=no
ac_cv_func_malloc_0_nonnull=yes
ac_cv_func_memmove=yes
ac_cv_func_memset=yes
ac_cv_func_mktime=yes
ac_cv_func_posix_memalign=yes
ac_cv_func_pow=yes
ac_cv_func_realloc_0_nonnull=yes
ac_cv_func_regcomp=yes
ac_cv_func_rint=yes
ac_cv_func_select=yes
ac_cv_func_select_args='int,fd_set *,struct timeval *'
ac_cv_func_sigaction=yes
ac_cv_func_socket=yes
ac_cv_func_sqrt=yes
ac_cv_func_srandom=yes
ac_cv_func_stat_empty_string_bug=no
ac_cv_func_stpcpy=yes
ac_cv_func_strcasecmp=yes
ac_cv_func_strchr=yes
ac_cv_func_strcspn=yes
ac_cv_func_strdup=yes
ac_cv_func_strerror=yes
ac_cv_func_strlcat=yes
ac_cv_func_strlcpy=yes
ac_cv_func_strncasecmp=yes
ac_cv_func_strndup=yes
ac_cv_func_strnlen=yes
ac_cv_func_strrchr=yes
ac_cv_func_strstr=yes
ac_cv_func_strtol=yes
ac_cv_func_timelocal=yes
ac_cv_func_tzset=yes
ac_cv_func_vfork=yes
ac_cv_func_vfork_works=yes
ac_cv_func_vprintf=yes
ac_cv_header_arpa_inet_h=yes
ac_cv_header_dirent_dirent_h=yes
ac_cv_header_dlfcn_h=yes
ac_cv_header_errno_h=yes
ac_cv_header_event_h=yes
ac_cv_header_fcntl_h=yes
ac_cv_header_inttypes_h=yes
ac_cv_header_limits_h=yes
ac_cv_header_memory_h=yes
ac_cv_header_netdb_h=yes
ac_cv_header_netinet_in_h=yes
ac_cv_header_stdbool_h=yes
ac_cv_header_stdc=yes
ac_cv_header_stdint_h=yes
ac_cv_header_stdlib_h=yes
ac_cv_header_string_h=yes
ac_cv_header_strings_h=yes
ac_cv_header_sys_file_h=yes
ac_cv_header_sys_ioctl_h=yes
ac_cv_header_sys_param_h=yes
ac_cv_header_sys_select_h=yes
ac_cv_header_sys_socket_h=yes
ac_cv_header_sys_stat_h=yes
ac_cv_header_sys_time_h=yes
ac_cv_header_sys_types_h=yes
ac_cv_header_sys_wait_h=yes
ac_cv_header_time=yes
ac_cv_header_time_h=yes
ac_cv_header_unistd_h=yes
ac_cv_header_vfork_h=no
ac_cv_host=x86_64-unknown-linux-gnu
ac_cv_lib_bsd_main=yes
ac_cv_lib_crypt_crypt=yes
ac_cv_lib_event_event_init=yes
ac_cv_lib_inet_main=no
ac_cv_lib_m_tan=yes
ac_cv_lib_nsl_main=yes
ac_cv_lib_socket_main=no
ac_cv_member_siginfo_t_si_fd=yes
ac_cv_member_struct_tm_tm_zone=yes
ac_cv_objext=o
ac_cv_path_EGREP='/bin/grep -E'
ac_cv_path_GREP=/bin/grep
ac_cv_path_install='/usr/bin/install -c'
ac_cv_path_mkdir=/bin/mkdir
ac_cv_prog_AWK=gawk
ac_cv_prog_CPP='gcc -E'
ac_cv_prog_CXXCPP='g++ -E'
ac_cv_prog_ac_ct_AR=ar
ac_cv_prog_ac_ct_CC=gcc
ac_cv_prog_ac_ct_CXX=g++
ac_cv_prog_ac_ct_RANLIB=ranlib
ac_cv_prog_ac_ct_STRIP=strip
ac_cv_prog_cc_c89=
ac_cv_prog_cc_g=yes
ac_cv_prog_cxx_g=yes
ac_cv_prog_f77_g=no
ac_cv_prog_make_make_set=yes
ac_cv_search_opendir='none required'
ac_cv_struct_tm=time.h
ac_cv_type__Bool=yes
ac_cv_type_pid_t=yes
ac_cv_type_ptrdiff_t=yes
ac_cv_type_signal=void
ac_cv_type_size_t=yes
am_cv_CC_dependencies_compiler_type=gcc3
am_cv_CXX_dependencies_compiler_type=gcc3
lt_cv_deplibs_check_method=pass_all
lt_cv_file_magic_cmd='$MAGIC_CMD'
lt_cv_file_magic_test_file=
lt_cv_ld_reload_flag=-r
lt_cv_objdir=.libs
lt_cv_path_LD=/usr/bin/ld
lt_cv_path_LDCXX='/usr/bin/ld -m elf_x86_64'
lt_cv_path_NM='/usr/bin/nm -B'
lt_cv_path_SED=/bin/sed
lt_cv_prog_compiler_c_o=yes
lt_cv_prog_compiler_c_o_CXX=yes
lt_cv_prog_compiler_pic_works=yes
lt_cv_prog_compiler_pic_works_CXX=yes
lt_cv_prog_compiler_rtti_exceptions=no
lt_cv_prog_compiler_static_works=yes
lt_cv_prog_compiler_static_works_CXX=yes
lt_cv_prog_gnu_ld=yes
lt_cv_prog_gnu_ldcxx=yes
lt_cv_sys_global_symbol_pipe='sed -n -e '\''s/^.*[ 	]\([ABCDGIRSTW][ABCDGIRSTW]*\)[ 	][ 	]*\([_A-Za-z][_A-Za-z0-9]*\)$/\1 \2 \2/p'\'''
lt_cv_sys_global_symbol_to_c_name_address='sed -n -e '\''s/^: \([^ ]*\) $/  {\"\1\", (lt_ptr) 0},/p'\'' -e '\''s/^[BCDEGRST] \([^ ]*\) \([^ ]*\)$/  {"\2", (lt_ptr) \&\2},/p'\'''
lt_cv_sys_global_symbol_to_cdecl='sed -n -e '\''s/^. .* \(.*\)$/extern int \1;/p'\'''
lt_cv_sys_lib_dlsearch_path_spec='/lib /usr/lib /usr/lib/i386-linux-gnu/mesa /lib/i386-linux-gnu /usr/lib/i386-linux-gnu /lib/i686-linux-gnu /usr/lib/i686-linux-gnu /usr/local/lib /usr/lib64/panda3d /lib/x86_64-linux-gnu /usr/lib/x86_64-linux-gnu /usr/lib/x86_64-linux-gnu/mesa-egl /usr/lib/x86_64-linux-gnu/mesa /lib32 /usr/lib32 '
lt_cv_sys_lib_search_path_spec='/usr/lib/gcc/x86_64-linux-gnu/4.7 /usr/lib/x86_64-linux-gnu /usr/lib /lib/x86_64-linux-gnu /lib'
lt_cv_sys_max_cmd_len=1572864
lt_lt_cv_prog_compiler_c_o='"yes"'
lt_lt_cv_prog_compiler_c_o_CXX='"yes"'
lt_lt_cv_sys_global_symbol_pipe='"sed -n -e '\''s/^.*[ 	]\\([ABCDGIRSTW][ABCDGIRSTW]*\\)[ 	][ 	]*\\([_A-Za-z][_A-Za-z0-9]*\\)\$/\\1 \\2 \\2/p'\''"'
lt_lt_cv_sys_global_symbol_to_c_name_address='"sed -n -e '\''s/^: \\([^ ]*\\) \$/  {\\\"\\1\\\", (lt_ptr) 0},/p'\'' -e '\''s/^[BCDEGRST] \\([^ ]*\\) \\([^ ]*\\)\$/  {\"\\2\", (lt_ptr) \\&\\2},/p'\''"'
lt_lt_cv_sys_global_symbol_to_cdecl='"sed -n -e '\''s/^. .* \\(.*\\)\$/extern int \\1;/p'\''"'

## ----------------- ##
## Output variables. ##
## ----------------- ##

ACLOCAL='${SHELL} /home/chazu/c/btmux/confutil/missing --run aclocal-1.10'
AMDEPBACKSLASH='\'
AMDEP_FALSE='#'
AMDEP_TRUE=''
AMTAR='${SHELL} /home/chazu/c/btmux/confutil/missing --run tar'
AR='ar'
AUTOCONF='${SHELL} /home/chazu/c/btmux/confutil/missing --run autoconf'
AUTOHEADER='${SHELL} /home/chazu/c/btmux/confutil/missing --run autoheader'
AUTOMAKE='${SHELL} /home/chazu/c/btmux/confutil/missing --run automake-1.10'
AWK='gawk'
CC='gcc'
CCDEPMODE='depmode=gcc3'
CFLAGS='-g -O2'
CPP='gcc -E'
CPPFLAGS=''
CXX='g++'
CXXCPP='g++ -E'
CXXDEPMODE='depmode=gcc3'
CXXFLAGS='-g -O2'
CYGPATH_W='echo'
DEFS='-DHAVE_CONFIG_H'
DEPDIR='.deps'
DSYMUTIL=''
ECHO='echo'
ECHO_C=''
ECHO_N='-n'
ECHO_T=''
EGREP='/bin/grep -E'
EXEEXT=''
F77=''
FFLAGS=''
GREP='/bin/grep'
INSTALL_DATA='${INSTALL} -m 644'
INSTALL_PROGRAM='${INSTALL}'
INSTALL_SCRIPT='${INSTALL}'
INSTALL_STRIP_PROGRAM='$(install_sh) -c -s'
LDFLAGS=''
LIBOBJS=''
LIBS='-levent -lnsl -lm -lcrypt -lbsd '
LIBTOOL='$(SHELL) $(top_builddir)/libtool'
LN_S='ln -s'
LTLIBOBJS=''
MAKEINFO='${SHELL} /home/chazu/c/btmux/confutil/missing --run makeinfo'
MKDIR_P='/bin/mkdir -p'
MUX_LOGCACHE_FALSE='#'
MUX_LOGCACHE_TRUE=''
MUX_SQLCHILD_FALSE=''
MUX_SQLCHILD_TRUE='#'
NMEDIT=''
OBJEXT='o'
PACKAGE='battletech-mux'
PACKAGE_BUGREPORT=''
PACKAGE_NAME='BattleTech MUX'
PACKAGE_STRING='BattleTech MUX 0.7'
PACKAGE_TARNAME='battletech-mux'
PACKAGE_VERSION='0.7'
PATH_SEPARATOR=':'
RANLIB='ranlib'
SED='/bin/sed'
SET_MAKE=''
SHELL='/bin/bash'
STRIP='strip'
VERSION='0.7'
ac_ct_CC='gcc'
ac_ct_CXX='g++'
ac_ct_F77=''
am__fastdepCC_FALSE='#'
am__fastdepCC_TRUE=''
am__fastdepCXX_FALSE='#'
am__fastdepCXX_TRUE=''
am__include='include'
am__isrc=''
am__leading_dot='.'
am__quote=''
am__tar='${AMTAR} chof - "$$tardir"'
am__untar='${AMTAR} xf -'
bindir='${exec_prefix}/bin'
build='x86_64-unknown-linux-gnu'
build_alias=''
build_cpu='x86_64'
build_os='linux-gnu'
build_vendor='unknown'
datadir='${datarootdir}'
datarootdir='${prefix}/share'
docdir='${datarootdir}/doc/${PACKAGE_TARNAME}'
dvidir='${docdir}'
exec_prefix='${prefix}'
host='x86_64-unknown-linux-gnu'
host_alias=''
host_cpu='x86_64'
host_os='linux-gnu'
host_vendor='unknown'
htmldir='${docdir}'
includedir='${prefix}/include'
infodir='${datarootdir}/info'
install_sh='$(SHELL) /home/chazu/c/btmux/confutil/install-sh'
libdir='${exec_prefix}/lib'
libexecdir='${exec_prefix}/libexec'
localedir='${datarootdir}/locale'
localstatedir='${prefix}/var'
mandir='${datarootdir}/man'
mkdir_p='/bin/mkdir -p'
oldincludedir='/usr/include'
pdfdir='${docdir}'
prefix='/home/chazu/c/btmux/game.run'
program_transform_name='s,x,x,'
psdir='${docdir}'
sbindir='${exec_prefix}/sbin'
sharedstatedir='${prefix}/com'
subdirs=' btech'
sysconfdir='${prefix}/etc'
target_alias=''

## ----------- ##
## confdefs.h. ##
## ----------- ##

#define PACKAGE_NAME "BattleTech MUX"
#define PACKAGE_TARNAME "battletech-mux"
#define PACKAGE_VERSION "0.7"
#define PACKAGE_STRING "BattleTech MUX 0.7"
#define PACKAGE_BUGREPORT ""
#define PACKAGE "battletech-mux"
#define VERSION "0.7"
#define HUDINFO_SUPPORT 1
#define BT_ADVANCED_ECON 1
#define ARBITRARY_LOGFILES 1
#define STDC_HEADERS 1
#define HAVE_SYS_TYPES_H 1
#define HAVE_SYS_STAT_H 1
#define HAVE_STDLIB_H 1
#define HAVE_STRING_H 1
#define HAVE_MEMORY_H 1
#define HAVE_STRINGS_H 1
#define HAVE_INTTYPES_H 1
#define HAVE_STDINT_H 1
#define HAVE_UNISTD_H 1
#define HAVE_DLFCN_H 1
#define HAVE_LIBBSD 1
#define HAVE_LIBCRYPT 1
#define HAVE_LIBM 1
#define HAVE_LIBNSL 1
#define HAVE_LIBEVENT 1
#define HAVE_DIRENT_H 1
#define STDC_HEADERS 1
#define HAVE_SYS_WAIT_H 1
#define HAVE_ARPA_INET_H 1
#define HAVE_ERRNO_H 1
#define HAVE_FCNTL_H 1
#define HAVE_LIMITS_H 1
#define HAVE_MEMORY_H 1
#define HAVE_NETDB_H 1
#define HAVE_NETINET_IN_H 1
#define HAVE_STDLIB_H 1
#define HAVE_STRING_H 1
#define HAVE_STRINGS_H 1
#define HAVE_SYS_FILE_H 1
#define HAVE_SYS_IOCTL_H 1
#define HAVE_SYS_PARAM_H 1
#define HAVE_SYS_SOCKET_H 1
#define HAVE_SYS_TIME_H 1
#define HAVE_TIME_H 1
#define HAVE_UNISTD_H 1
#define HAVE_STDINT_H 1
#define HAVE__BOOL 1
#define HAVE_STDBOOL_H 1
#define TIME_WITH_SYS_TIME 1
#define HAVE_STRUCT_TM_TM_ZONE 1
#define HAVE_TM_ZONE 1
#define HAVE_PTRDIFF_T 1
#define HAVE_FORK 1
#define HAVE_VFORK 1
#define HAVE_WORKING_VFORK 1
#define HAVE_WORKING_FORK 1
#define LSTAT_FOLLOWS_SLASHED_SYMLINK 1
#define LSTAT_FOLLOWS_SLASHED_SYMLINK 1
#define HAVE_STDLIB_H 1
#define HAVE_MALLOC 1
#define HAVE_STDLIB_H 1
#define HAVE_REALLOC 1
#define HAVE_SYS_SELECT_H 1
#define HAVE_SYS_SOCKET_H 1
#define SELECT_TYPE_ARG1 int
#define SELECT_TYPE_ARG234 (fd_set *)
#define SELECT_TYPE_ARG5 (struct timeval *)
#define RETSIGTYPE void
#define HAVE_VPRINTF 1
#define HAVE_BZERO 1
#define HAVE_DUP2 1
#define HAVE_FLOOR 1
#define HAVE_GETDTABLESIZE 1
#define HAVE_GETHOSTBYADDR 1
#define HAVE_GETHOSTBYNAME 1
#define HAVE_GETRUSAGE 1
#define HAVE_GETTIMEOFDAY 1
#define HAVE_INET_NTOA 1
#define HAVE_ISASCII 1
#define HAVE_LOCALTIME 1
#define HAVE_MEMMOVE 1
#define HAVE_MEMSET 1
#define HAVE_MKTIME 1
#define HAVE_POW 1
#define HAVE_REGCOMP 1
#define HAVE_RINT 1
#define HAVE_SELECT 1
#define HAVE_SOCKET 1
#define HAVE_SQRT 1
#define HAVE_SRANDOM 1
#define HAVE_STPCPY 1
#define HAVE_STRCASECMP 1
#define HAVE_STRCHR 1
#define HAVE_STRCSPN 1
#define HAVE_STRDUP 1
#define HAVE_STRERROR 1
#define HAVE_STRNCASECMP 1
#define HAVE_STRNDUP 1
#define HAVE_STRNLEN 1
#define HAVE_STRRCHR 1
#define HAVE_STRLCPY 1
#define HAVE_STRLCAT 1
#define HAVE_STRSTR 1
#define HAVE_STRTOL 1
#define HAVE_TIMELOCAL 1
#define HAVE_TZSET 1
#define HAVE_SIGACTION 1
#define HAVE_POSIX_MEMALIGN 1
#define HAVE_SIGINFO_T_SI_FD 1
#define HAVE_LINGER 1

configure: exit 0

## ---------------------- ##
## Running config.status. ##
## ---------------------- ##

This file was extended by BattleTech MUX config.status 0.7, which was
generated by GNU Autoconf 2.63.  Invocation command line was

  CONFIG_FILES    = 
  CONFIG_HEADERS  = 
  CONFIG_LINKS    = 
  CONFIG_COMMANDS = 
  $ ./config.status Makefile

on Lariosaurus

config.status:895: creating Makefile

## ---------------------- ##
## Running config.status. ##
## ---------------------- ##

This file was extended by BattleTech MUX config.status 0.7, which was
generated by GNU Autoconf 2.63.  Invocation command line was

  CONFIG_FILES    = 
  CONFIG_HEADERS  = 
  CONFIG_LINKS    = 
  CONFIG_COMMANDS = 
  $ ./config.status src/Makefile depfiles

on Lariosaurus

config.status:895: creating src/Makefile
config.status:1169: executing depfiles commands
