This file contains any messages produced by compilers while
running configure, to aid debugging if configure makes a mistake.

It was created by BattleTech Extensions configure 0.7, which was
generated by GNU Autoconf 2.63.  Invocation command line was

  $ ./configure --disable-option-checking --prefix=/home/chazu/c/btmux/game.run --cache-file=/dev/null --srcdir=.

## --------- ##
## Platform. ##
## --------- ##

hostname = Lariosaurus
uname -m = x86_64
uname -r = 3.8.0-27-generic
uname -s = Linux
uname -v = #40-Ubuntu SMP Tue Jul 9 00:17:05 UTC 2013

/usr/bin/uname -p = unknown
/bin/uname -X     = unknown

/bin/arch              = unknown
/usr/bin/arch -k       = unknown
/usr/convex/getsysinfo = unknown
/usr/bin/hostinfo      = unknown
/bin/machine           = unknown
/usr/bin/oslevel       = unknown
/bin/universe          = unknown

PATH: /usr/local/heroku/bin
PATH: /home/chazu/.pythonz/bin
PATH: /home/chazu/bin
PATH: /usr/local/sbin
PATH: /usr/local/bin
PATH: /usr/sbin
PATH: /usr/bin
PATH: /sbin
PATH: /bin
PATH: /usr/games
PATH: /usr/local/games
PATH: /home/chazu/.rvm/bin
PATH: /home/chazu/.rvm/bin


## ----------- ##
## Core tests. ##
## ----------- ##

configure:2127: checking for a BSD-compatible install
configure:2195: result: /usr/bin/install -c
configure:2206: checking whether build environment is sane
configure:2249: result: yes
configure:2274: checking for a thread-safe mkdir -p
configure:2313: result: /bin/mkdir -p
configure:2326: checking for gawk
configure:2342: found /usr/bin/gawk
configure:2353: result: gawk
configure:2364: checking whether make sets $(MAKE)
configure:2386: result: yes
configure:2578: checking whether to enable graphical HUD support
configure:2611: result: yes
configure:2618: checking whether to enable the hardcoded cargo commands
configure:2646: result: yes
configure:2659: checking whether to enable the advanced econ system
configure:2687: result: yes
configure:2699: checking whether to enable MW3-like stats and skills
configure:2727: result: yes
configure:2739: checking whether to enable advanced movement modes
configure:2767: result: yes
configure:2779: checking whether to scale BTH on infrared with increasing heat
configure:2807: result: yes
configure:2819: checking whether to enable complex repairs
configure:2847: result: no
configure:2854: checking whether to allow mech overspeeding
configure:2882: result: no
configure:2889: checking whether to enable freetechtime
configure:2917: result: no
configure:2933: checking which BTPR layer to use
configure:2938: result: using TinyMUX 1.x
configure:3032: checking for gcc
configure:3048: found /usr/bin/gcc
configure:3059: result: gcc
configure:3291: checking for C compiler version
configure:3299: gcc --version >&5
gcc (Ubuntu/Linaro 4.7.3-1ubuntu1) 4.7.3
Copyright (C) 2012 Free Software Foundation, Inc.
This is free software; see the source for copying conditions.  There is NO
warranty; not even for MERCHANTABILITY or FITNESS FOR A PARTICULAR PURPOSE.

configure:3303: $? = 0
configure:3310: gcc -v >&5
Using built-in specs.
COLLECT_GCC=gcc
COLLECT_LTO_WRAPPER=/usr/lib/gcc/x86_64-linux-gnu/4.7/lto-wrapper
Target: x86_64-linux-gnu
Configured with: ../src/configure -v --with-pkgversion='Ubuntu/Linaro 4.7.3-1ubuntu1' --with-bugurl=file:///usr/share/doc/gcc-4.7/README.Bugs --enable-languages=c,c++,go,fortran,objc,obj-c++ --prefix=/usr --program-suffix=-4.7 --enable-shared --enable-linker-build-id --libexecdir=/usr/lib --without-included-gettext --enable-threads=posix --with-gxx-include-dir=/usr/include/c++/4.7 --libdir=/usr/lib --enable-nls --with-sysroot=/ --enable-clocale=gnu --enable-libstdcxx-debug --enable-libstdcxx-time=yes --enable-gnu-unique-object --enable-plugin --with-system-zlib --enable-objc-gc --with-cloog --enable-cloog-backend=ppl --disable-cloog-version-check --disable-ppl-version-check --enable-multiarch --disable-werror --with-arch-32=i686 --with-abi=m64 --with-multilib-list=m32,m64,mx32 --with-tune=generic --enable-checking=release --build=x86_64-linux-gnu --host=x86_64-linux-gnu --target=x86_64-linux-gnu
Thread model: posix
gcc version 4.7.3 (Ubuntu/Linaro 4.7.3-1ubuntu1) 
configure:3314: $? = 0
configure:3321: gcc -V >&5
gcc: error: unrecognized command line option '-V'
gcc: fatal error: no input files
compilation terminated.
configure:3325: $? = 4
configure:3348: checking for C compiler default output file name
configure:3370: gcc    conftest.c  >&5
configure:3374: $? = 0
configure:3412: result: a.out
configure:3431: checking whether the C compiler works
configure:3441: ./a.out
configure:3445: $? = 0
configure:3464: result: yes
configure:3471: checking whether we are cross compiling
configure:3473: result: no
configure:3476: checking for suffix of executables
configure:3483: gcc -o conftest    conftest.c  >&5
configure:3487: $? = 0
configure:3513: result: 
configure:3519: checking for suffix of object files
configure:3545: gcc -c   conftest.c >&5
configure:3549: $? = 0
configure:3574: result: o
configure:3578: checking whether we are using the GNU C compiler
configure:3607: gcc -c   conftest.c >&5
configure:3614: $? = 0
configure:3631: result: yes
configure:3640: checking whether gcc accepts -g
configure:3670: gcc -c -g  conftest.c >&5
configure:3677: $? = 0
configure:3778: result: yes
configure:3795: checking for gcc option to accept ISO C89
configure:3869: gcc  -c -g -O2  conftest.c >&5
configure:3876: $? = 0
configure:3899: result: none needed
configure:3928: checking for style of include used by make
configure:3956: result: GNU
configure:3981: checking dependency style of gcc
configure:4072: result: gcc3
configure:4145: checking for g++
configure:4161: found /usr/bin/g++
configure:4172: result: g++
configure:4199: checking for C++ compiler version
configure:4207: g++ --version >&5
g++ (Ubuntu/Linaro 4.7.3-1ubuntu1) 4.7.3
Copyright (C) 2012 Free Software Foundation, Inc.
This is free software; see the source for copying conditions.  There is NO
warranty; not even for MERCHANTABILITY or FITNESS FOR A PARTICULAR PURPOSE.

configure:4211: $? = 0
configure:4218: g++ -v >&5
Using built-in specs.
COLLECT_GCC=g++
COLLECT_LTO_WRAPPER=/usr/lib/gcc/x86_64-linux-gnu/4.7/lto-wrapper
Target: x86_64-linux-gnu
Configured with: ../src/configure -v --with-pkgversion='Ubuntu/Linaro 4.7.3-1ubuntu1' --with-bugurl=file:///usr/share/doc/gcc-4.7/README.Bugs --enable-languages=c,c++,go,fortran,objc,obj-c++ --prefix=/usr --program-suffix=-4.7 --enable-shared --enable-linker-build-id --libexecdir=/usr/lib --without-included-gettext --enable-threads=posix --with-gxx-include-dir=/usr/include/c++/4.7 --libdir=/usr/lib --enable-nls --with-sysroot=/ --enable-clocale=gnu --enable-libstdcxx-debug --enable-libstdcxx-time=yes --enable-gnu-unique-object --enable-plugin --with-system-zlib --enable-objc-gc --with-cloog --enable-cloog-backend=ppl --disable-cloog-version-check --disable-ppl-version-check --enable-multiarch --disable-werror --with-arch-32=i686 --with-abi=m64 --with-multilib-list=m32,m64,mx32 --with-tune=generic --enable-checking=release --build=x86_64-linux-gnu --host=x86_64-linux-gnu --target=x86_64-linux-gnu
Thread model: posix
gcc version 4.7.3 (Ubuntu/Linaro 4.7.3-1ubuntu1) 
configure:4222: $? = 0
configure:4229: g++ -V >&5
g++: error: unrecognized command line option '-V'
g++: fatal error: no input files
compilation terminated.
configure:4233: $? = 4
configure:4236: checking whether we are using the GNU C++ compiler
configure:4265: g++ -c   conftest.cpp >&5
configure:4272: $? = 0
configure:4289: result: yes
configure:4298: checking whether g++ accepts -g
configure:4328: g++ -c -g  conftest.cpp >&5
configure:4335: $? = 0
configure:4436: result: yes
configure:4461: checking dependency style of g++
configure:4552: result: gcc3
configure:4645: checking build system type
configure:4663: result: x86_64-unknown-linux-gnu
configure:4685: checking host system type
configure:4700: result: x86_64-unknown-linux-gnu
configure:4722: checking for a sed that does not truncate output
configure:4778: result: /bin/sed
configure:4781: checking for grep that handles long lines and -e
configure:4841: result: /bin/grep
configure:4846: checking for egrep
configure:4910: result: /bin/grep -E
configure:4926: checking for ld used by gcc
configure:4993: result: /usr/bin/ld
configure:5002: checking if the linker (/usr/bin/ld) is GNU ld
configure:5017: result: yes
configure:5022: checking for /usr/bin/ld option to reload object files
configure:5029: result: -r
configure:5047: checking for BSD-compatible nm
configure:5096: result: /usr/bin/nm -B
configure:5100: checking whether ln -s works
configure:5104: result: yes
configure:5111: checking how to recognize dependent libraries
configure:5297: result: pass_all
configure:5386: gcc -c -g -O2  conftest.c >&5
configure:5389: $? = 0
configure:5546: checking how to run the C preprocessor
configure:5586: gcc -E  conftest.c
configure:5593: $? = 0
configure:5624: gcc -E  conftest.c
conftest.c:17:28: fatal error: ac_nonexistent.h: No such file or directory
compilation terminated.
configure:5631: $? = 1
configure: failed program was:
| /* confdefs.h.  */
| #define PACKAGE_NAME "BattleTech Extensions"
| #define PACKAGE_TARNAME "battletech-extensions"
| #define PACKAGE_VERSION "0.7"
| #define PACKAGE_STRING "BattleTech Extensions 0.7"
| #define PACKAGE_BUGREPORT ""
| #define PACKAGE "battletech-extensions"
| #define VERSION "0.7"
| #define HUDINFO_SUPPORT 1
| #define BT_CARGO_COMMANDS 1
| #define BT_ADVANCED_ECON 1
| #define BT_EXILE_MW3STATS 1
| #define BT_MOVEMENT_MODES 1
| #define BT_SCALED_INFRARED 1
| #define BTPR_MUX1 /**/
| /* end confdefs.h.  */
| #include <ac_nonexistent.h>
configure:5664: result: gcc -E
configure:5693: gcc -E  conftest.c
configure:5700: $? = 0
configure:5731: gcc -E  conftest.c
conftest.c:17:28: fatal error: ac_nonexistent.h: No such file or directory
compilation terminated.
configure:5738: $? = 1
configure: failed program was:
| /* confdefs.h.  */
| #define PACKAGE_NAME "BattleTech Extensions"
| #define PACKAGE_TARNAME "battletech-extensions"
| #define PACKAGE_VERSION "0.7"
| #define PACKAGE_STRING "BattleTech Extensions 0.7"
| #define PACKAGE_BUGREPORT ""
| #define PACKAGE "battletech-extensions"
| #define VERSION "0.7"
| #define HUDINFO_SUPPORT 1
| #define BT_CARGO_COMMANDS 1
| #define BT_ADVANCED_ECON 1
| #define BT_EXILE_MW3STATS 1
| #define BT_MOVEMENT_MODES 1
| #define BT_SCALED_INFRARED 1
| #define BTPR_MUX1 /**/
| /* end confdefs.h.  */
| #include <ac_nonexistent.h>
configure:5778: checking for ANSI C header files
configure:5808: gcc -c -g -O2  conftest.c >&5
configure:5815: $? = 0
configure:5914: gcc -o conftest -g -O2   conftest.c  >&5
configure:5918: $? = 0
configure:5924: ./conftest
configure:5928: $? = 0
configure:5946: result: yes
configure:5970: checking for sys/types.h
configure:5991: gcc -c -g -O2  conftest.c >&5
configure:5998: $? = 0
configure:6015: result: yes
configure:5970: checking for sys/stat.h
configure:5991: gcc -c -g -O2  conftest.c >&5
configure:5998: $? = 0
configure:6015: result: yes
configure:5970: checking for stdlib.h
configure:5991: gcc -c -g -O2  conftest.c >&5
configure:5998: $? = 0
configure:6015: result: yes
configure:5970: checking for string.h
configure:5991: gcc -c -g -O2  conftest.c >&5
configure:5998: $? = 0
configure:6015: result: yes
configure:5970: checking for memory.h
configure:5991: gcc -c -g -O2  conftest.c >&5
configure:5998: $? = 0
configure:6015: result: yes
configure:5970: checking for strings.h
configure:5991: gcc -c -g -O2  conftest.c >&5
configure:5998: $? = 0
configure:6015: result: yes
configure:5970: checking for inttypes.h
configure:5991: gcc -c -g -O2  conftest.c >&5
configure:5998: $? = 0
configure:6015: result: yes
configure:5970: checking for stdint.h
configure:5991: gcc -c -g -O2  conftest.c >&5
configure:5998: $? = 0
configure:6015: result: yes
configure:5970: checking for unistd.h
configure:5991: gcc -c -g -O2  conftest.c >&5
configure:5998: $? = 0
configure:6015: result: yes
configure:6045: checking dlfcn.h usability
configure:6062: gcc -c -g -O2  conftest.c >&5
configure:6069: $? = 0
configure:6083: result: yes
configure:6087: checking dlfcn.h presence
configure:6102: gcc -E  conftest.c
configure:6109: $? = 0
configure:6123: result: yes
configure:6151: checking for dlfcn.h
configure:6160: result: yes
configure:6185: checking how to run the C++ preprocessor
configure:6221: g++ -E  conftest.cpp
configure:6228: $? = 0
configure:6259: g++ -E  conftest.cpp
conftest.cpp:28:28: fatal error: ac_nonexistent.h: No such file or directory
compilation terminated.
configure:6266: $? = 1
configure: failed program was:
| /* confdefs.h.  */
| #define PACKAGE_NAME "BattleTech Extensions"
| #define PACKAGE_TARNAME "battletech-extensions"
| #define PACKAGE_VERSION "0.7"
| #define PACKAGE_STRING "BattleTech Extensions 0.7"
| #define PACKAGE_BUGREPORT ""
| #define PACKAGE "battletech-extensions"
| #define VERSION "0.7"
| #define HUDINFO_SUPPORT 1
| #define BT_CARGO_COMMANDS 1
| #define BT_ADVANCED_ECON 1
| #define BT_EXILE_MW3STATS 1
| #define BT_MOVEMENT_MODES 1
| #define BT_SCALED_INFRARED 1
| #define BTPR_MUX1 /**/
| #define STDC_HEADERS 1
| #define HAVE_SYS_TYPES_H 1
| #define HAVE_SYS_STAT_H 1
| #define HAVE_STDLIB_H 1
| #define HAVE_STRING_H 1
| #define HAVE_MEMORY_H 1
| #define HAVE_STRINGS_H 1
| #define HAVE_INTTYPES_H 1
| #define HAVE_STDINT_H 1
| #define HAVE_UNISTD_H 1
| #define HAVE_DLFCN_H 1
| /* end confdefs.h.  */
| #include <ac_nonexistent.h>
configure:6299: result: g++ -E
configure:6328: g++ -E  conftest.cpp
configure:6335: $? = 0
configure:6366: g++ -E  conftest.cpp
conftest.cpp:28:28: fatal error: ac_nonexistent.h: No such file or directory
compilation terminated.
configure:6373: $? = 1
configure: failed program was:
| /* confdefs.h.  */
| #define PACKAGE_NAME "BattleTech Extensions"
| #define PACKAGE_TARNAME "battletech-extensions"
| #define PACKAGE_VERSION "0.7"
| #define PACKAGE_STRING "BattleTech Extensions 0.7"
| #define PACKAGE_BUGREPORT ""
| #define PACKAGE "battletech-extensions"
| #define VERSION "0.7"
| #define HUDINFO_SUPPORT 1
| #define BT_CARGO_COMMANDS 1
| #define BT_ADVANCED_ECON 1
| #define BT_EXILE_MW3STATS 1
| #define BT_MOVEMENT_MODES 1
| #define BT_SCALED_INFRARED 1
| #define BTPR_MUX1 /**/
| #define STDC_HEADERS 1
| #define HAVE_SYS_TYPES_H 1
| #define HAVE_SYS_STAT_H 1
| #define HAVE_STDLIB_H 1
| #define HAVE_STRING_H 1
| #define HAVE_MEMORY_H 1
| #define HAVE_STRINGS_H 1
| #define HAVE_INTTYPES_H 1
| #define HAVE_STDINT_H 1
| #define HAVE_UNISTD_H 1
| #define HAVE_DLFCN_H 1
| /* end confdefs.h.  */
| #include <ac_nonexistent.h>
configure:6468: checking for g77
configure:6498: result: no
configure:6468: checking for xlf
configure:6498: result: no
configure:6468: checking for f77
configure:6498: result: no
configure:6468: checking for frt
configure:6498: result: no
configure:6468: checking for pgf77
configure:6498: result: no
configure:6468: checking for cf77
configure:6498: result: no
configure:6468: checking for fort77
configure:6498: result: no
configure:6468: checking for fl32
configure:6498: result: no
configure:6468: checking for af77
configure:6498: result: no
configure:6468: checking for xlf90
configure:6498: result: no
configure:6468: checking for f90
configure:6498: result: no
configure:6468: checking for pgf90
configure:6498: result: no
configure:6468: checking for pghpf
configure:6498: result: no
configure:6468: checking for epcf90
configure:6498: result: no
configure:6468: checking for gfortran
configure:6498: result: no
configure:6468: checking for g95
configure:6498: result: no
configure:6468: checking for xlf95
configure:6498: result: no
configure:6468: checking for f95
configure:6498: result: no
configure:6468: checking for fort
configure:6498: result: no
configure:6468: checking for ifort
configure:6498: result: no
configure:6468: checking for ifc
configure:6498: result: no
configure:6468: checking for efc
configure:6498: result: no
configure:6468: checking for pgf95
configure:6498: result: no
configure:6468: checking for lf95
configure:6498: result: no
configure:6468: checking for ftn
configure:6498: result: no
configure:6521: checking for Fortran 77 compiler version
configure:6529:  --version >&5
./configure: line 6531: --version: command not found
configure:6533: $? = 127
configure:6540:  -v >&5
./configure: line 6542: -v: command not found
configure:6544: $? = 127
configure:6551:  -V >&5
./configure: line 6553: -V: command not found
configure:6555: $? = 127
configure:6563: checking whether we are using the GNU Fortran 77 compiler
configure:6582:  -c  conftest.F >&5
./configure: line 6584: -c: command not found
configure:6589: $? = 127
configure: failed program was:
|       program main
| #ifndef __GNUC__
|        choke me
| #endif
| 
|       end
configure:6606: result: no
configure:6612: checking whether  accepts -g
configure:6629:  -c -g conftest.f >&5
./configure: line 6631: -c: command not found
configure:6636: $? = 127
configure: failed program was:
|       program main
| 
|       end
configure:6652: result: no
configure:6685: checking the maximum length of command line arguments
configure:6797: result: 1572864
configure:6809: checking command to parse /usr/bin/nm -B output from gcc object
configure:6914: gcc -c -g -O2  conftest.c >&5
configure:6917: $? = 0
configure:6921: /usr/bin/nm -B conftest.o \| sed -n -e 's/^.*[ 	]\([ABCDGIRSTW][ABCDGIRSTW]*\)[ 	][ 	]*\([_A-Za-z][_A-Za-z0-9]*\)$/\1 \2 \2/p' \> conftest.nm
configure:6924: $? = 0
configure:6976: gcc -o conftest -g -O2   conftest.c conftstm.o >&5
configure:6979: $? = 0
configure:7017: result: ok
configure:7021: checking for objdir
configure:7036: result: .libs
configure:7128: checking for ar
configure:7144: found /usr/bin/ar
configure:7155: result: ar
configure:7220: checking for ranlib
configure:7236: found /usr/bin/ranlib
configure:7247: result: ranlib
configure:7312: checking for strip
configure:7328: found /usr/bin/strip
configure:7339: result: strip
configure:7929: checking if gcc supports -fno-rtti -fno-exceptions
configure:7947: gcc -c -g -O2  -fno-rtti -fno-exceptions conftest.c >&5
cc1: warning: command line option '-fno-rtti' is valid for C++/ObjC++ but not for C [enabled by default]
configure:7951: $? = 0
configure:7964: result: no
configure:7979: checking for gcc option to produce PIC
configure:8211: result: -fPIC
configure:8219: checking if gcc PIC flag -fPIC works
configure:8237: gcc -c -g -O2  -fPIC -DPIC conftest.c >&5
configure:8241: $? = 0
configure:8254: result: yes
configure:8282: checking if gcc static flag -static works
configure:8310: result: yes
configure:8320: checking if gcc supports -c -o file.o
configure:8341: gcc -c -g -O2  -o out/conftest2.o conftest.c >&5
configure:8345: $? = 0
configure:8367: result: yes
configure:8393: checking whether the gcc linker (/usr/bin/ld -m elf_x86_64) supports shared libraries
configure:9382: result: yes
configure:9403: checking whether -lc should be explicitly linked in
configure:9408: gcc -c -g -O2  conftest.c >&5
configure:9411: $? = 0
configure:9426: gcc -shared conftest.o  -v -Wl,-soname -Wl,conftest -o conftest 2\>\&1 \| grep  -lc  \>/dev/null 2\>\&1
configure:9429: $? = 0
configure:9441: result: no
configure:9449: checking dynamic linker characteristics
configure:10063: result: GNU/Linux ld.so
configure:10087: checking how to hardcode library paths into programs
configure:10112: result: immediate
configure:10126: checking whether stripping libraries is possible
configure:10131: result: yes
configure:10961: checking if libtool supports shared libraries
configure:10963: result: yes
configure:10966: checking whether to build shared libraries
configure:10987: result: yes
configure:10990: checking whether to build static libraries
configure:10994: result: yes
configure:11088: creating libtool
configure:11681: checking for ld used by g++
configure:11748: result: /usr/bin/ld -m elf_x86_64
configure:11757: checking if the linker (/usr/bin/ld -m elf_x86_64) is GNU ld
configure:11772: result: yes
configure:11823: checking whether the g++ linker (/usr/bin/ld -m elf_x86_64) supports shared libraries
configure:12777: result: yes
configure:12794: g++ -c -g -O2  conftest.cpp >&5
configure:12797: $? = 0
configure:12953: checking for g++ option to produce PIC
configure:13237: result: -fPIC
configure:13245: checking if g++ PIC flag -fPIC works
configure:13263: g++ -c -g -O2  -fPIC -DPIC conftest.cpp >&5
configure:13267: $? = 0
configure:13280: result: yes
configure:13308: checking if g++ static flag -static works
configure:13336: result: yes
configure:13346: checking if g++ supports -c -o file.o
configure:13367: g++ -c -g -O2  -o out/conftest2.o conftest.cpp >&5
configure:13371: $? = 0
configure:13393: result: yes
configure:13419: checking whether the g++ linker (/usr/bin/ld -m elf_x86_64) supports shared libraries
configure:13448: result: yes
configure:13515: checking dynamic linker characteristics
configure:14077: result: GNU/Linux ld.so
configure:14101: checking how to hardcode library paths into programs
configure:14126: result: immediate
configure:20392: checking for tan in -lm
configure:20427: gcc -o conftest -g -O2   conftest.c -lm   >&5
conftest.c:35:6: warning: conflicting types for built-in function 'tan' [enabled by default]
configure:20434: $? = 0
configure:20455: result: yes
configure:20475: checking for dirent.h that defines DIR
configure:20504: gcc -c -g -O2  conftest.c >&5
configure:20511: $? = 0
configure:20528: result: yes
configure:20543: checking for library containing opendir
configure:20584: gcc -o conftest -g -O2   conftest.c -lm  >&5
configure:20591: $? = 0
configure:20622: result: none required
configure:20720: checking for ANSI C header files
configure:20888: result: yes
configure:20898: checking for sys/wait.h that is POSIX.1 compatible
configure:20934: gcc -c -g -O2  conftest.c >&5
configure:20941: $? = 0
configure:20956: result: yes
configure:20999: checking arpa/inet.h usability
configure:21016: gcc -c -g -O2  conftest.c >&5
configure:21023: $? = 0
configure:21037: result: yes
configure:21041: checking arpa/inet.h presence
configure:21056: gcc -E  conftest.c
configure:21063: $? = 0
configure:21077: result: yes
configure:21105: checking for arpa/inet.h
configure:21114: result: yes
configure:20999: checking errno.h usability
configure:21016: gcc -c -g -O2  conftest.c >&5
configure:21023: $? = 0
configure:21037: result: yes
configure:21041: checking errno.h presence
configure:21056: gcc -E  conftest.c
configure:21063: $? = 0
configure:21077: result: yes
configure:21105: checking for errno.h
configure:21114: result: yes
configure:20999: checking fcntl.h usability
configure:21016: gcc -c -g -O2  conftest.c >&5
configure:21023: $? = 0
configure:21037: result: yes
configure:21041: checking fcntl.h presence
configure:21056: gcc -E  conftest.c
configure:21063: $? = 0
configure:21077: result: yes
configure:21105: checking for fcntl.h
configure:21114: result: yes
configure:20999: checking limits.h usability
configure:21016: gcc -c -g -O2  conftest.c >&5
configure:21023: $? = 0
configure:21037: result: yes
configure:21041: checking limits.h presence
configure:21056: gcc -E  conftest.c
configure:21063: $? = 0
configure:21077: result: yes
configure:21105: checking for limits.h
configure:21114: result: yes
configure:20988: checking for memory.h
configure:20995: result: yes
configure:20999: checking netdb.h usability
configure:21016: gcc -c -g -O2  conftest.c >&5
configure:21023: $? = 0
configure:21037: result: yes
configure:21041: checking netdb.h presence
configure:21056: gcc -E  conftest.c
configure:21063: $? = 0
configure:21077: result: yes
configure:21105: checking for netdb.h
configure:21114: result: yes
configure:20999: checking netinet/in.h usability
configure:21016: gcc -c -g -O2  conftest.c >&5
configure:21023: $? = 0
configure:21037: result: yes
configure:21041: checking netinet/in.h presence
configure:21056: gcc -E  conftest.c
configure:21063: $? = 0
configure:21077: result: yes
configure:21105: checking for netinet/in.h
configure:21114: result: yes
configure:20988: checking for stdlib.h
configure:20995: result: yes
configure:20988: checking for string.h
configure:20995: result: yes
configure:20988: checking for strings.h
configure:20995: result: yes
configure:20999: checking sys/file.h usability
configure:21016: gcc -c -g -O2  conftest.c >&5
configure:21023: $? = 0
configure:21037: result: yes
configure:21041: checking sys/file.h presence
configure:21056: gcc -E  conftest.c
configure:21063: $? = 0
configure:21077: result: yes
configure:21105: checking for sys/file.h
configure:21114: result: yes
configure:20999: checking sys/ioctl.h usability
configure:21016: gcc -c -g -O2  conftest.c >&5
configure:21023: $? = 0
configure:21037: result: yes
configure:21041: checking sys/ioctl.h presence
configure:21056: gcc -E  conftest.c
configure:21063: $? = 0
configure:21077: result: yes
configure:21105: checking for sys/ioctl.h
configure:21114: result: yes
configure:20999: checking sys/param.h usability
configure:21016: gcc -c -g -O2  conftest.c >&5
configure:21023: $? = 0
configure:21037: result: yes
configure:21041: checking sys/param.h presence
configure:21056: gcc -E  conftest.c
configure:21063: $? = 0
configure:21077: result: yes
configure:21105: checking for sys/param.h
configure:21114: result: yes
configure:20999: checking sys/socket.h usability
configure:21016: gcc -c -g -O2  conftest.c >&5
configure:21023: $? = 0
configure:21037: result: yes
configure:21041: checking sys/socket.h presence
configure:21056: gcc -E  conftest.c
configure:21063: $? = 0
configure:21077: result: yes
configure:21105: checking for sys/socket.h
configure:21114: result: yes
configure:20999: checking sys/time.h usability
configure:21016: gcc -c -g -O2  conftest.c >&5
configure:21023: $? = 0
configure:21037: result: yes
configure:21041: checking sys/time.h presence
configure:21056: gcc -E  conftest.c
configure:21063: $? = 0
configure:21077: result: yes
configure:21105: checking for sys/time.h
configure:21114: result: yes
configure:20999: checking time.h usability
configure:21016: gcc -c -g -O2  conftest.c >&5
configure:21023: $? = 0
configure:21037: result: yes
configure:21041: checking time.h presence
configure:21056: gcc -E  conftest.c
configure:21063: $? = 0
configure:21077: result: yes
configure:21105: checking for time.h
configure:21114: result: yes
configure:20988: checking for unistd.h
configure:20995: result: yes
configure:20988: checking for stdint.h
configure:20995: result: yes
configure:21130: checking for stdbool.h that conforms to C99
configure:21225: gcc -c -g -O2  conftest.c >&5
configure:21232: $? = 0
configure:21247: result: yes
configure:21249: checking for _Bool
configure:21277: gcc -c -g -O2  conftest.c >&5
configure:21284: $? = 0
configure:21311: gcc -c -g -O2  conftest.c >&5
conftest.c: In function 'main':
conftest.c:86:20: error: expected expression before ')' token
configure:21318: $? = 1
configure: failed program was:
| /* confdefs.h.  */
| #define PACKAGE_NAME "BattleTech Extensions"
| #define PACKAGE_TARNAME "battletech-extensions"
| #define PACKAGE_VERSION "0.7"
| #define PACKAGE_STRING "BattleTech Extensions 0.7"
| #define PACKAGE_BUGREPORT ""
| #define PACKAGE "battletech-extensions"
| #define VERSION "0.7"
| #define HUDINFO_SUPPORT 1
| #define BT_CARGO_COMMANDS 1
| #define BT_ADVANCED_ECON 1
| #define BT_EXILE_MW3STATS 1
| #define BT_MOVEMENT_MODES 1
| #define BT_SCALED_INFRARED 1
| #define BTPR_MUX1 /**/
| #define STDC_HEADERS 1
| #define HAVE_SYS_TYPES_H 1
| #define HAVE_SYS_STAT_H 1
| #define HAVE_STDLIB_H 1
| #define HAVE_STRING_H 1
| #define HAVE_MEMORY_H 1
| #define HAVE_STRINGS_H 1
| #define HAVE_INTTYPES_H 1
| #define HAVE_STDINT_H 1
| #define HAVE_UNISTD_H 1
| #define HAVE_DLFCN_H 1
| #define HAVE_LIBM 1
| #define HAVE_DIRENT_H 1
| #define STDC_HEADERS 1
| #define HAVE_SYS_WAIT_H 1
| #define HAVE_ARPA_INET_H 1
| #define HAVE_ERRNO_H 1
| #define HAVE_FCNTL_H 1
| #define HAVE_LIMITS_H 1
| #define HAVE_MEMORY_H 1
| #define HAVE_NETDB_H 1
| #define HAVE_NETINET_IN_H 1
| #define HAVE_STDLIB_H 1
| #define HAVE_STRING_H 1
| #define HAVE_STRINGS_H 1
| #define HAVE_SYS_FILE_H 1
| #define HAVE_SYS_IOCTL_H 1
| #define HAVE_SYS_PARAM_H 1
| #define HAVE_SYS_SOCKET_H 1
| #define HAVE_SYS_TIME_H 1
| #define HAVE_TIME_H 1
| #define HAVE_UNISTD_H 1
| #define HAVE_STDINT_H 1
| /* end confdefs.h.  */
| #include <stdio.h>
| #ifdef HAVE_SYS_TYPES_H
| # include <sys/types.h>
| #endif
| #ifdef HAVE_SYS_STAT_H
| # include <sys/stat.h>
| #endif
| #ifdef STDC_HEADERS
| # include <stdlib.h>
| # include <stddef.h>
| #else
| # ifdef HAVE_STDLIB_H
| #  include <stdlib.h>
| # endif
| #endif
| #ifdef HAVE_STRING_H
| # if !defined STDC_HEADERS && defined HAVE_MEMORY_H
| #  include <memory.h>
| # endif
| # include <string.h>
| #endif
| #ifdef HAVE_STRINGS_H
| # include <strings.h>
| #endif
| #ifdef HAVE_INTTYPES_H
| # include <inttypes.h>
| #endif
| #ifdef HAVE_STDINT_H
| # include <stdint.h>
| #endif
| #ifdef HAVE_UNISTD_H
| # include <unistd.h>
| #endif
| int
| main ()
| {
| if (sizeof ((_Bool)))
| 	  return 0;
|   ;
|   return 0;
| }
configure:21341: result: yes
configure:21361: checking whether char is unsigned
configure:21389: gcc -c -g -O2  conftest.c >&5
configure:21396: $? = 0
configure:21411: result: no
configure:21420: checking for an ANSI C-conforming const
configure:21495: gcc -c -g -O2  conftest.c >&5
configure:21502: $? = 0
configure:21517: result: yes
configure:21527: checking for inline
configure:21553: gcc -c -g -O2  conftest.c >&5
configure:21560: $? = 0
configure:21578: result: inline
configure:21597: checking for pid_t
configure:21625: gcc -c -g -O2  conftest.c >&5
configure:21632: $? = 0
configure:21659: gcc -c -g -O2  conftest.c >&5
conftest.c: In function 'main':
conftest.c:88:20: error: expected expression before ')' token
configure:21666: $? = 1
configure: failed program was:
| /* confdefs.h.  */
| #define PACKAGE_NAME "BattleTech Extensions"
| #define PACKAGE_TARNAME "battletech-extensions"
| #define PACKAGE_VERSION "0.7"
| #define PACKAGE_STRING "BattleTech Extensions 0.7"
| #define PACKAGE_BUGREPORT ""
| #define PACKAGE "battletech-extensions"
| #define VERSION "0.7"
| #define HUDINFO_SUPPORT 1
| #define BT_CARGO_COMMANDS 1
| #define BT_ADVANCED_ECON 1
| #define BT_EXILE_MW3STATS 1
| #define BT_MOVEMENT_MODES 1
| #define BT_SCALED_INFRARED 1
| #define BTPR_MUX1 /**/
| #define STDC_HEADERS 1
| #define HAVE_SYS_TYPES_H 1
| #define HAVE_SYS_STAT_H 1
| #define HAVE_STDLIB_H 1
| #define HAVE_STRING_H 1
| #define HAVE_MEMORY_H 1
| #define HAVE_STRINGS_H 1
| #define HAVE_INTTYPES_H 1
| #define HAVE_STDINT_H 1
| #define HAVE_UNISTD_H 1
| #define HAVE_DLFCN_H 1
| #define HAVE_LIBM 1
| #define HAVE_DIRENT_H 1
| #define STDC_HEADERS 1
| #define HAVE_SYS_WAIT_H 1
| #define HAVE_ARPA_INET_H 1
| #define HAVE_ERRNO_H 1
| #define HAVE_FCNTL_H 1
| #define HAVE_LIMITS_H 1
| #define HAVE_MEMORY_H 1
| #define HAVE_NETDB_H 1
| #define HAVE_NETINET_IN_H 1
| #define HAVE_STDLIB_H 1
| #define HAVE_STRING_H 1
| #define HAVE_STRINGS_H 1
| #define HAVE_SYS_FILE_H 1
| #define HAVE_SYS_IOCTL_H 1
| #define HAVE_SYS_PARAM_H 1
| #define HAVE_SYS_SOCKET_H 1
| #define HAVE_SYS_TIME_H 1
| #define HAVE_TIME_H 1
| #define HAVE_UNISTD_H 1
| #define HAVE_STDINT_H 1
| #define HAVE__BOOL 1
| #define HAVE_STDBOOL_H 1
| /* end confdefs.h.  */
| #include <stdio.h>
| #ifdef HAVE_SYS_TYPES_H
| # include <sys/types.h>
| #endif
| #ifdef HAVE_SYS_STAT_H
| # include <sys/stat.h>
| #endif
| #ifdef STDC_HEADERS
| # include <stdlib.h>
| # include <stddef.h>
| #else
| # ifdef HAVE_STDLIB_H
| #  include <stdlib.h>
| # endif
| #endif
| #ifdef HAVE_STRING_H
| # if !defined STDC_HEADERS && defined HAVE_MEMORY_H
| #  include <memory.h>
| # endif
| # include <string.h>
| #endif
| #ifdef HAVE_STRINGS_H
| # include <strings.h>
| #endif
| #ifdef HAVE_INTTYPES_H
| # include <inttypes.h>
| #endif
| #ifdef HAVE_STDINT_H
| # include <stdint.h>
| #endif
| #ifdef HAVE_UNISTD_H
| # include <unistd.h>
| #endif
| int
| main ()
| {
| if (sizeof ((pid_t)))
| 	  return 0;
|   ;
|   return 0;
| }
configure:21689: result: yes
configure:21701: checking for size_t
configure:21729: gcc -c -g -O2  conftest.c >&5
configure:21736: $? = 0
configure:21763: gcc -c -g -O2  conftest.c >&5
conftest.c: In function 'main':
conftest.c:88:21: error: expected expression before ')' token
configure:21770: $? = 1
configure: failed program was:
| /* confdefs.h.  */
| #define PACKAGE_NAME "BattleTech Extensions"
| #define PACKAGE_TARNAME "battletech-extensions"
| #define PACKAGE_VERSION "0.7"
| #define PACKAGE_STRING "BattleTech Extensions 0.7"
| #define PACKAGE_BUGREPORT ""
| #define PACKAGE "battletech-extensions"
| #define VERSION "0.7"
| #define HUDINFO_SUPPORT 1
| #define BT_CARGO_COMMANDS 1
| #define BT_ADVANCED_ECON 1
| #define BT_EXILE_MW3STATS 1
| #define BT_MOVEMENT_MODES 1
| #define BT_SCALED_INFRARED 1
| #define BTPR_MUX1 /**/
| #define STDC_HEADERS 1
| #define HAVE_SYS_TYPES_H 1
| #define HAVE_SYS_STAT_H 1
| #define HAVE_STDLIB_H 1
| #define HAVE_STRING_H 1
| #define HAVE_MEMORY_H 1
| #define HAVE_STRINGS_H 1
| #define HAVE_INTTYPES_H 1
| #define HAVE_STDINT_H 1
| #define HAVE_UNISTD_H 1
| #define HAVE_DLFCN_H 1
| #define HAVE_LIBM 1
| #define HAVE_DIRENT_H 1
| #define STDC_HEADERS 1
| #define HAVE_SYS_WAIT_H 1
| #define HAVE_ARPA_INET_H 1
| #define HAVE_ERRNO_H 1
| #define HAVE_FCNTL_H 1
| #define HAVE_LIMITS_H 1
| #define HAVE_MEMORY_H 1
| #define HAVE_NETDB_H 1
| #define HAVE_NETINET_IN_H 1
| #define HAVE_STDLIB_H 1
| #define HAVE_STRING_H 1
| #define HAVE_STRINGS_H 1
| #define HAVE_SYS_FILE_H 1
| #define HAVE_SYS_IOCTL_H 1
| #define HAVE_SYS_PARAM_H 1
| #define HAVE_SYS_SOCKET_H 1
| #define HAVE_SYS_TIME_H 1
| #define HAVE_TIME_H 1
| #define HAVE_UNISTD_H 1
| #define HAVE_STDINT_H 1
| #define HAVE__BOOL 1
| #define HAVE_STDBOOL_H 1
| /* end confdefs.h.  */
| #include <stdio.h>
| #ifdef HAVE_SYS_TYPES_H
| # include <sys/types.h>
| #endif
| #ifdef HAVE_SYS_STAT_H
| # include <sys/stat.h>
| #endif
| #ifdef STDC_HEADERS
| # include <stdlib.h>
| # include <stddef.h>
| #else
| # ifdef HAVE_STDLIB_H
| #  include <stdlib.h>
| # endif
| #endif
| #ifdef HAVE_STRING_H
| # if !defined STDC_HEADERS && defined HAVE_MEMORY_H
| #  include <memory.h>
| # endif
| # include <string.h>
| #endif
| #ifdef HAVE_STRINGS_H
| # include <strings.h>
| #endif
| #ifdef HAVE_INTTYPES_H
| # include <inttypes.h>
| #endif
| #ifdef HAVE_STDINT_H
| # include <stdint.h>
| #endif
| #ifdef HAVE_UNISTD_H
| # include <unistd.h>
| #endif
| int
| main ()
| {
| if (sizeof ((size_t)))
| 	  return 0;
|   ;
|   return 0;
| }
configure:21793: result: yes
configure:21805: checking whether time.h and sys/time.h may both be included
configure:21835: gcc -c -g -O2  conftest.c >&5
configure:21842: $? = 0
configure:21857: result: yes
configure:21867: checking whether struct tm is in sys/time.h or time.h
configure:21897: gcc -c -g -O2  conftest.c >&5
configure:21904: $? = 0
configure:21919: result: time.h
configure:21929: checking for struct tm.tm_zone
configure:21960: gcc -c -g -O2  conftest.c >&5
configure:21967: $? = 0
configure:22028: result: yes
configure:22184: checking for ptrdiff_t
configure:22212: gcc -c -g -O2  conftest.c >&5
configure:22219: $? = 0
configure:22246: gcc -c -g -O2  conftest.c >&5
conftest.c: In function 'main':
conftest.c:91:24: error: expected expression before ')' token
configure:22253: $? = 1
configure: failed program was:
| /* confdefs.h.  */
| #define PACKAGE_NAME "BattleTech Extensions"
| #define PACKAGE_TARNAME "battletech-extensions"
| #define PACKAGE_VERSION "0.7"
| #define PACKAGE_STRING "BattleTech Extensions 0.7"
| #define PACKAGE_BUGREPORT ""
| #define PACKAGE "battletech-extensions"
| #define VERSION "0.7"
| #define HUDINFO_SUPPORT 1
| #define BT_CARGO_COMMANDS 1
| #define BT_ADVANCED_ECON 1
| #define BT_EXILE_MW3STATS 1
| #define BT_MOVEMENT_MODES 1
| #define BT_SCALED_INFRARED 1
| #define BTPR_MUX1 /**/
| #define STDC_HEADERS 1
| #define HAVE_SYS_TYPES_H 1
| #define HAVE_SYS_STAT_H 1
| #define HAVE_STDLIB_H 1
| #define HAVE_STRING_H 1
| #define HAVE_MEMORY_H 1
| #define HAVE_STRINGS_H 1
| #define HAVE_INTTYPES_H 1
| #define HAVE_STDINT_H 1
| #define HAVE_UNISTD_H 1
| #define HAVE_DLFCN_H 1
| #define HAVE_LIBM 1
| #define HAVE_DIRENT_H 1
| #define STDC_HEADERS 1
| #define HAVE_SYS_WAIT_H 1
| #define HAVE_ARPA_INET_H 1
| #define HAVE_ERRNO_H 1
| #define HAVE_FCNTL_H 1
| #define HAVE_LIMITS_H 1
| #define HAVE_MEMORY_H 1
| #define HAVE_NETDB_H 1
| #define HAVE_NETINET_IN_H 1
| #define HAVE_STDLIB_H 1
| #define HAVE_STRING_H 1
| #define HAVE_STRINGS_H 1
| #define HAVE_SYS_FILE_H 1
| #define HAVE_SYS_IOCTL_H 1
| #define HAVE_SYS_PARAM_H 1
| #define HAVE_SYS_SOCKET_H 1
| #define HAVE_SYS_TIME_H 1
| #define HAVE_TIME_H 1
| #define HAVE_UNISTD_H 1
| #define HAVE_STDINT_H 1
| #define HAVE__BOOL 1
| #define HAVE_STDBOOL_H 1
| #define TIME_WITH_SYS_TIME 1
| #define HAVE_STRUCT_TM_TM_ZONE 1
| #define HAVE_TM_ZONE 1
| /* end confdefs.h.  */
| #include <stdio.h>
| #ifdef HAVE_SYS_TYPES_H
| # include <sys/types.h>
| #endif
| #ifdef HAVE_SYS_STAT_H
| # include <sys/stat.h>
| #endif
| #ifdef STDC_HEADERS
| # include <stdlib.h>
| # include <stddef.h>
| #else
| # ifdef HAVE_STDLIB_H
| #  include <stdlib.h>
| # endif
| #endif
| #ifdef HAVE_STRING_H
| # if !defined STDC_HEADERS && defined HAVE_MEMORY_H
| #  include <memory.h>
| # endif
| # include <string.h>
| #endif
| #ifdef HAVE_STRINGS_H
| # include <strings.h>
| #endif
| #ifdef HAVE_INTTYPES_H
| # include <inttypes.h>
| #endif
| #ifdef HAVE_STDINT_H
| # include <stdint.h>
| #endif
| #ifdef HAVE_UNISTD_H
| # include <unistd.h>
| #endif
| int
| main ()
| {
| if (sizeof ((ptrdiff_t)))
| 	  return 0;
|   ;
|   return 0;
| }
configure:22276: result: yes
configure:22288: checking whether closedir returns void
configure:22322: gcc -o conftest -g -O2   conftest.c -lm  >&5
configure:22326: $? = 0
configure:22332: ./conftest
configure:22336: $? = 0
configure:22353: result: no
configure:22379: checking vfork.h usability
configure:22396: gcc -c -g -O2  conftest.c >&5
conftest.c:89:19: fatal error: vfork.h: No such file or directory
compilation terminated.
configure:22403: $? = 1
configure: failed program was:
| /* confdefs.h.  */
| #define PACKAGE_NAME "BattleTech Extensions"
| #define PACKAGE_TARNAME "battletech-extensions"
| #define PACKAGE_VERSION "0.7"
| #define PACKAGE_STRING "BattleTech Extensions 0.7"
| #define PACKAGE_BUGREPORT ""
| #define PACKAGE "battletech-extensions"
| #define VERSION "0.7"
| #define HUDINFO_SUPPORT 1
| #define BT_CARGO_COMMANDS 1
| #define BT_ADVANCED_ECON 1
| #define BT_EXILE_MW3STATS 1
| #define BT_MOVEMENT_MODES 1
| #define BT_SCALED_INFRARED 1
| #define BTPR_MUX1 /**/
| #define STDC_HEADERS 1
| #define HAVE_SYS_TYPES_H 1
| #define HAVE_SYS_STAT_H 1
| #define HAVE_STDLIB_H 1
| #define HAVE_STRING_H 1
| #define HAVE_MEMORY_H 1
| #define HAVE_STRINGS_H 1
| #define HAVE_INTTYPES_H 1
| #define HAVE_STDINT_H 1
| #define HAVE_UNISTD_H 1
| #define HAVE_DLFCN_H 1
| #define HAVE_LIBM 1
| #define HAVE_DIRENT_H 1
| #define STDC_HEADERS 1
| #define HAVE_SYS_WAIT_H 1
| #define HAVE_ARPA_INET_H 1
| #define HAVE_ERRNO_H 1
| #define HAVE_FCNTL_H 1
| #define HAVE_LIMITS_H 1
| #define HAVE_MEMORY_H 1
| #define HAVE_NETDB_H 1
| #define HAVE_NETINET_IN_H 1
| #define HAVE_STDLIB_H 1
| #define HAVE_STRING_H 1
| #define HAVE_STRINGS_H 1
| #define HAVE_SYS_FILE_H 1
| #define HAVE_SYS_IOCTL_H 1
| #define HAVE_SYS_PARAM_H 1
| #define HAVE_SYS_SOCKET_H 1
| #define HAVE_SYS_TIME_H 1
| #define HAVE_TIME_H 1
| #define HAVE_UNISTD_H 1
| #define HAVE_STDINT_H 1
| #define HAVE__BOOL 1
| #define HAVE_STDBOOL_H 1
| #define TIME_WITH_SYS_TIME 1
| #define HAVE_STRUCT_TM_TM_ZONE 1
| #define HAVE_TM_ZONE 1
| #define HAVE_PTRDIFF_T 1
| /* end confdefs.h.  */
| #include <stdio.h>
| #ifdef HAVE_SYS_TYPES_H
| # include <sys/types.h>
| #endif
| #ifdef HAVE_SYS_STAT_H
| # include <sys/stat.h>
| #endif
| #ifdef STDC_HEADERS
| # include <stdlib.h>
| # include <stddef.h>
| #else
| # ifdef HAVE_STDLIB_H
| #  include <stdlib.h>
| # endif
| #endif
| #ifdef HAVE_STRING_H
| # if !defined STDC_HEADERS && defined HAVE_MEMORY_H
| #  include <memory.h>
| # endif
| # include <string.h>
| #endif
| #ifdef HAVE_STRINGS_H
| # include <strings.h>
| #endif
| #ifdef HAVE_INTTYPES_H
| # include <inttypes.h>
| #endif
| #ifdef HAVE_STDINT_H
| # include <stdint.h>
| #endif
| #ifdef HAVE_UNISTD_H
| # include <unistd.h>
| #endif
| #include <vfork.h>
configure:22417: result: no
configure:22421: checking vfork.h presence
configure:22436: gcc -E  conftest.c
conftest.c:56:19: fatal error: vfork.h: No such file or directory
compilation terminated.
configure:22443: $? = 1
configure: failed program was:
| /* confdefs.h.  */
| #define PACKAGE_NAME "BattleTech Extensions"
| #define PACKAGE_TARNAME "battletech-extensions"
| #define PACKAGE_VERSION "0.7"
| #define PACKAGE_STRING "BattleTech Extensions 0.7"
| #define PACKAGE_BUGREPORT ""
| #define PACKAGE "battletech-extensions"
| #define VERSION "0.7"
| #define HUDINFO_SUPPORT 1
| #define BT_CARGO_COMMANDS 1
| #define BT_ADVANCED_ECON 1
| #define BT_EXILE_MW3STATS 1
| #define BT_MOVEMENT_MODES 1
| #define BT_SCALED_INFRARED 1
| #define BTPR_MUX1 /**/
| #define STDC_HEADERS 1
| #define HAVE_SYS_TYPES_H 1
| #define HAVE_SYS_STAT_H 1
| #define HAVE_STDLIB_H 1
| #define HAVE_STRING_H 1
| #define HAVE_MEMORY_H 1
| #define HAVE_STRINGS_H 1
| #define HAVE_INTTYPES_H 1
| #define HAVE_STDINT_H 1
| #define HAVE_UNISTD_H 1
| #define HAVE_DLFCN_H 1
| #define HAVE_LIBM 1
| #define HAVE_DIRENT_H 1
| #define STDC_HEADERS 1
| #define HAVE_SYS_WAIT_H 1
| #define HAVE_ARPA_INET_H 1
| #define HAVE_ERRNO_H 1
| #define HAVE_FCNTL_H 1
| #define HAVE_LIMITS_H 1
| #define HAVE_MEMORY_H 1
| #define HAVE_NETDB_H 1
| #define HAVE_NETINET_IN_H 1
| #define HAVE_STDLIB_H 1
| #define HAVE_STRING_H 1
| #define HAVE_STRINGS_H 1
| #define HAVE_SYS_FILE_H 1
| #define HAVE_SYS_IOCTL_H 1
| #define HAVE_SYS_PARAM_H 1
| #define HAVE_SYS_SOCKET_H 1
| #define HAVE_SYS_TIME_H 1
| #define HAVE_TIME_H 1
| #define HAVE_UNISTD_H 1
| #define HAVE_STDINT_H 1
| #define HAVE__BOOL 1
| #define HAVE_STDBOOL_H 1
| #define TIME_WITH_SYS_TIME 1
| #define HAVE_STRUCT_TM_TM_ZONE 1
| #define HAVE_TM_ZONE 1
| #define HAVE_PTRDIFF_T 1
| /* end confdefs.h.  */
| #include <vfork.h>
configure:22457: result: no
configure:22485: checking for vfork.h
configure:22494: result: no
configure:22514: checking for fork
configure:22570: gcc -o conftest -g -O2   conftest.c -lm  >&5
conftest.c:79:6: warning: conflicting types for built-in function 'fork' [enabled by default]
configure:22577: $? = 0
configure:22599: result: yes
configure:22514: checking for vfork
configure:22570: gcc -o conftest -g -O2   conftest.c -lm  >&5
configure:22577: $? = 0
configure:22599: result: yes
configure:22612: checking for working fork
configure:22644: gcc -o conftest -g -O2   conftest.c -lm  >&5
configure:22648: $? = 0
configure:22654: ./conftest
configure:22658: $? = 0
configure:22675: result: yes
configure:22696: checking for working vfork
configure:22837: result: yes
configure:22868: checking whether lstat dereferences a symlink specified with a trailing slash
configure:22904: gcc -o conftest -g -O2   conftest.c -lm  >&5
configure:22908: $? = 0
configure:22914: ./conftest
configure:22918: $? = 0
configure:22942: result: yes
configure:22961: checking whether lstat accepts an empty string
configure:22991: gcc -o conftest -g -O2   conftest.c -lm  >&5
configure:22995: $? = 0
configure:23001: ./conftest
configure:23005: $? = 0
configure:23022: result: no
configure:23038: checking whether lstat dereferences a symlink specified with a trailing slash
configure:23112: result: yes
configure:23136: checking for stdlib.h
configure:23143: result: yes
configure:23277: checking for GNU libc compatible malloc
configure:23311: gcc -o conftest -g -O2   conftest.c -lm  >&5
configure:23315: $? = 0
configure:23321: ./conftest
configure:23325: $? = 0
configure:23342: result: yes
configure:23375: checking for stdlib.h
configure:23382: result: yes
configure:23516: checking for GNU libc compatible realloc
configure:23550: gcc -o conftest -g -O2   conftest.c -lm  >&5
configure:23554: $? = 0
configure:23560: ./conftest
configure:23564: $? = 0
configure:23581: result: yes
configure:23626: checking sys/select.h usability
configure:23643: gcc -c -g -O2  conftest.c >&5
configure:23650: $? = 0
configure:23664: result: yes
configure:23668: checking sys/select.h presence
configure:23683: gcc -E  conftest.c
configure:23690: $? = 0
configure:23704: result: yes
configure:23732: checking for sys/select.h
configure:23741: result: yes
configure:23615: checking for sys/socket.h
configure:23622: result: yes
configure:23756: checking types of arguments for select
configure:23794: gcc -c -g -O2  conftest.c >&5
configure:23801: $? = 0
configure:23822: result: int,fd_set *,struct timeval *
configure:23845: checking return type of signal handlers
configure:23873: gcc -c -g -O2  conftest.c >&5
conftest.c: In function 'main':
conftest.c:77:1: error: void value not ignored as it ought to be
configure:23880: $? = 1
configure: failed program was:
| /* confdefs.h.  */
| #define PACKAGE_NAME "BattleTech Extensions"
| #define PACKAGE_TARNAME "battletech-extensions"
| #define PACKAGE_VERSION "0.7"
| #define PACKAGE_STRING "BattleTech Extensions 0.7"
| #define PACKAGE_BUGREPORT ""
| #define PACKAGE "battletech-extensions"
| #define VERSION "0.7"
| #define HUDINFO_SUPPORT 1
| #define BT_CARGO_COMMANDS 1
| #define BT_ADVANCED_ECON 1
| #define BT_EXILE_MW3STATS 1
| #define BT_MOVEMENT_MODES 1
| #define BT_SCALED_INFRARED 1
| #define BTPR_MUX1 /**/
| #define STDC_HEADERS 1
| #define HAVE_SYS_TYPES_H 1
| #define HAVE_SYS_STAT_H 1
| #define HAVE_STDLIB_H 1
| #define HAVE_STRING_H 1
| #define HAVE_MEMORY_H 1
| #define HAVE_STRINGS_H 1
| #define HAVE_INTTYPES_H 1
| #define HAVE_STDINT_H 1
| #define HAVE_UNISTD_H 1
| #define HAVE_DLFCN_H 1
| #define HAVE_LIBM 1
| #define HAVE_DIRENT_H 1
| #define STDC_HEADERS 1
| #define HAVE_SYS_WAIT_H 1
| #define HAVE_ARPA_INET_H 1
| #define HAVE_ERRNO_H 1
| #define HAVE_FCNTL_H 1
| #define HAVE_LIMITS_H 1
| #define HAVE_MEMORY_H 1
| #define HAVE_NETDB_H 1
| #define HAVE_NETINET_IN_H 1
| #define HAVE_STDLIB_H 1
| #define HAVE_STRING_H 1
| #define HAVE_STRINGS_H 1
| #define HAVE_SYS_FILE_H 1
| #define HAVE_SYS_IOCTL_H 1
| #define HAVE_SYS_PARAM_H 1
| #define HAVE_SYS_SOCKET_H 1
| #define HAVE_SYS_TIME_H 1
| #define HAVE_TIME_H 1
| #define HAVE_UNISTD_H 1
| #define HAVE_STDINT_H 1
| #define HAVE__BOOL 1
| #define HAVE_STDBOOL_H 1
| #define TIME_WITH_SYS_TIME 1
| #define HAVE_STRUCT_TM_TM_ZONE 1
| #define HAVE_TM_ZONE 1
| #define HAVE_PTRDIFF_T 1
| #define HAVE_FORK 1
| #define HAVE_VFORK 1
| #define HAVE_WORKING_VFORK 1
| #define HAVE_WORKING_FORK 1
| #define LSTAT_FOLLOWS_SLASHED_SYMLINK 1
| #define LSTAT_FOLLOWS_SLASHED_SYMLINK 1
| #define HAVE_STDLIB_H 1
| #define HAVE_MALLOC 1
| #define HAVE_STDLIB_H 1
| #define HAVE_REALLOC 1
| #define HAVE_SYS_SELECT_H 1
| #define HAVE_SYS_SOCKET_H 1
| #define SELECT_TYPE_ARG1 int
| #define SELECT_TYPE_ARG234 (fd_set *)
| #define SELECT_TYPE_ARG5 (struct timeval *)
| /* end confdefs.h.  */
| #include <sys/types.h>
| #include <signal.h>
| 
| int
| main ()
| {
| return *(signal (0, 0)) (0) == 1;
|   ;
|   return 0;
| }
configure:23895: result: void
configure:23903: checking whether stat accepts an empty string
configure:23933: gcc -o conftest -g -O2   conftest.c -lm  >&5
configure:23937: $? = 0
configure:23943: ./conftest
configure:23947: $? = 0
configure:23964: result: no
configure:23984: checking for vprintf
configure:24040: gcc -o conftest -g -O2   conftest.c -lm  >&5
conftest.c:95:6: warning: conflicting types for built-in function 'vprintf' [enabled by default]
configure:24047: $? = 0
configure:24069: result: yes
configure:24078: checking for _doprnt
configure:24134: gcc -o conftest -g -O2   conftest.c -lm  >&5
/tmp/ccqSTCQH.o: In function `main':
/home/chazu/c/btmux/btech/conftest.c:107: undefined reference to `_doprnt'
collect2: error: ld returned 1 exit status
configure:24141: $? = 1
configure: failed program was:
| /* confdefs.h.  */
| #define PACKAGE_NAME "BattleTech Extensions"
| #define PACKAGE_TARNAME "battletech-extensions"
| #define PACKAGE_VERSION "0.7"
| #define PACKAGE_STRING "BattleTech Extensions 0.7"
| #define PACKAGE_BUGREPORT ""
| #define PACKAGE "battletech-extensions"
| #define VERSION "0.7"
| #define HUDINFO_SUPPORT 1
| #define BT_CARGO_COMMANDS 1
| #define BT_ADVANCED_ECON 1
| #define BT_EXILE_MW3STATS 1
| #define BT_MOVEMENT_MODES 1
| #define BT_SCALED_INFRARED 1
| #define BTPR_MUX1 /**/
| #define STDC_HEADERS 1
| #define HAVE_SYS_TYPES_H 1
| #define HAVE_SYS_STAT_H 1
| #define HAVE_STDLIB_H 1
| #define HAVE_STRING_H 1
| #define HAVE_MEMORY_H 1
| #define HAVE_STRINGS_H 1
| #define HAVE_INTTYPES_H 1
| #define HAVE_STDINT_H 1
| #define HAVE_UNISTD_H 1
| #define HAVE_DLFCN_H 1
| #define HAVE_LIBM 1
| #define HAVE_DIRENT_H 1
| #define STDC_HEADERS 1
| #define HAVE_SYS_WAIT_H 1
| #define HAVE_ARPA_INET_H 1
| #define HAVE_ERRNO_H 1
| #define HAVE_FCNTL_H 1
| #define HAVE_LIMITS_H 1
| #define HAVE_MEMORY_H 1
| #define HAVE_NETDB_H 1
| #define HAVE_NETINET_IN_H 1
| #define HAVE_STDLIB_H 1
| #define HAVE_STRING_H 1
| #define HAVE_STRINGS_H 1
| #define HAVE_SYS_FILE_H 1
| #define HAVE_SYS_IOCTL_H 1
| #define HAVE_SYS_PARAM_H 1
| #define HAVE_SYS_SOCKET_H 1
| #define HAVE_SYS_TIME_H 1
| #define HAVE_TIME_H 1
| #define HAVE_UNISTD_H 1
| #define HAVE_STDINT_H 1
| #define HAVE__BOOL 1
| #define HAVE_STDBOOL_H 1
| #define TIME_WITH_SYS_TIME 1
| #define HAVE_STRUCT_TM_TM_ZONE 1
| #define HAVE_TM_ZONE 1
| #define HAVE_PTRDIFF_T 1
| #define HAVE_FORK 1
| #define HAVE_VFORK 1
| #define HAVE_WORKING_VFORK 1
| #define HAVE_WORKING_FORK 1
| #define LSTAT_FOLLOWS_SLASHED_SYMLINK 1
| #define LSTAT_FOLLOWS_SLASHED_SYMLINK 1
| #define HAVE_STDLIB_H 1
| #define HAVE_MALLOC 1
| #define HAVE_STDLIB_H 1
| #define HAVE_REALLOC 1
| #define HAVE_SYS_SELECT_H 1
| #define HAVE_SYS_SOCKET_H 1
| #define SELECT_TYPE_ARG1 int
| #define SELECT_TYPE_ARG234 (fd_set *)
| #define SELECT_TYPE_ARG5 (struct timeval *)
| #define RETSIGTYPE void
| #define HAVE_VPRINTF 1
| /* end confdefs.h.  */
| /* Define _doprnt to an innocuous variant, in case <limits.h> declares _doprnt.
|    For example, HP-UX 11i <limits.h> declares gettimeofday.  */
| #define _doprnt innocuous__doprnt
| 
| /* System header to define __stub macros and hopefully few prototypes,
|     which can conflict with char _doprnt (); below.
|     Prefer <limits.h> to <assert.h> if __STDC__ is defined, since
|     <limits.h> exists even on freestanding compilers.  */
| 
| #ifdef __STDC__
| # include <limits.h>
| #else
| # include <assert.h>
| #endif
| 
| #undef _doprnt
| 
| /* Override any GCC internal prototype to avoid an error.
|    Use char because int might match the return type of a GCC
|    builtin and then its argument prototype would still apply.  */
| #ifdef __cplusplus
| extern "C"
| #endif
| char _doprnt ();
| /* The GNU C library defines this for functions which it implements
|     to always fail with ENOSYS.  Some functions are actually named
|     something starting with __ and the normal name is an alias.  */
| #if defined __stub__doprnt || defined __stub____doprnt
| choke me
| #endif
| 
| int
| main ()
| {
| return _doprnt ();
|   ;
|   return 0;
| }
configure:24161: result: no
configure:24216: checking for bzero
configure:24272: gcc -o conftest -g -O2   conftest.c -lm  >&5
conftest.c:96:6: warning: conflicting types for built-in function 'bzero' [enabled by default]
configure:24279: $? = 0
configure:24301: result: yes
configure:24216: checking for dup2
configure:24272: gcc -o conftest -g -O2   conftest.c -lm  >&5
configure:24279: $? = 0
configure:24301: result: yes
configure:24216: checking for floor
configure:24272: gcc -o conftest -g -O2   conftest.c -lm  >&5
conftest.c:98:6: warning: conflicting types for built-in function 'floor' [enabled by default]
configure:24279: $? = 0
configure:24301: result: yes
configure:24216: checking for getdtablesize
configure:24272: gcc -o conftest -g -O2   conftest.c -lm  >&5
configure:24279: $? = 0
configure:24301: result: yes
configure:24216: checking for gethostbyaddr
configure:24272: gcc -o conftest -g -O2   conftest.c -lm  >&5
configure:24279: $? = 0
configure:24301: result: yes
configure:24216: checking for gethostbyname
configure:24272: gcc -o conftest -g -O2   conftest.c -lm  >&5
configure:24279: $? = 0
configure:24301: result: yes
configure:24216: checking for getrusage
configure:24272: gcc -o conftest -g -O2   conftest.c -lm  >&5
configure:24279: $? = 0
configure:24301: result: yes
configure:24216: checking for gettimeofday
configure:24272: gcc -o conftest -g -O2   conftest.c -lm  >&5
configure:24279: $? = 0
configure:24301: result: yes
configure:24216: checking for inet_ntoa
configure:24272: gcc -o conftest -g -O2   conftest.c -lm  >&5
configure:24279: $? = 0
configure:24301: result: yes
configure:24216: checking for isascii
configure:24272: gcc -o conftest -g -O2   conftest.c -lm  >&5
conftest.c:105:6: warning: conflicting types for built-in function 'isascii' [enabled by default]
configure:24279: $? = 0
configure:24301: result: yes
configure:24216: checking for localtime
configure:24272: gcc -o conftest -g -O2   conftest.c -lm  >&5
configure:24279: $? = 0
configure:24301: result: yes
configure:24216: checking for memmove
configure:24272: gcc -o conftest -g -O2   conftest.c -lm  >&5
conftest.c:107:6: warning: conflicting types for built-in function 'memmove' [enabled by default]
configure:24279: $? = 0
configure:24301: result: yes
configure:24216: checking for memset
configure:24272: gcc -o conftest -g -O2   conftest.c -lm  >&5
conftest.c:108:6: warning: conflicting types for built-in function 'memset' [enabled by default]
configure:24279: $? = 0
configure:24301: result: yes
configure:24216: checking for mktime
configure:24272: gcc -o conftest -g -O2   conftest.c -lm  >&5
configure:24279: $? = 0
configure:24301: result: yes
configure:24216: checking for pow
configure:24272: gcc -o conftest -g -O2   conftest.c -lm  >&5
conftest.c:110:6: warning: conflicting types for built-in function 'pow' [enabled by default]
configure:24279: $? = 0
configure:24301: result: yes
configure:24216: checking for regcomp
configure:24272: gcc -o conftest -g -O2   conftest.c -lm  >&5
configure:24279: $? = 0
configure:24301: result: yes
configure:24216: checking for rint
configure:24272: gcc -o conftest -g -O2   conftest.c -lm  >&5
conftest.c:112:6: warning: conflicting types for built-in function 'rint' [enabled by default]
configure:24279: $? = 0
configure:24301: result: yes
configure:24216: checking for select
configure:24272: gcc -o conftest -g -O2   conftest.c -lm  >&5
configure:24279: $? = 0
configure:24301: result: yes
configure:24216: checking for socket
configure:24272: gcc -o conftest -g -O2   conftest.c -lm  >&5
configure:24279: $? = 0
configure:24301: result: yes
configure:24216: checking for sqrt
configure:24272: gcc -o conftest -g -O2   conftest.c -lm  >&5
conftest.c:115:6: warning: conflicting types for built-in function 'sqrt' [enabled by default]
configure:24279: $? = 0
configure:24301: result: yes
configure:24216: checking for stpcpy
configure:24272: gcc -o conftest -g -O2   conftest.c -lm  >&5
conftest.c:116:6: warning: conflicting types for built-in function 'stpcpy' [enabled by default]
configure:24279: $? = 0
configure:24301: result: yes
configure:24216: checking for strcasecmp
configure:24272: gcc -o conftest -g -O2   conftest.c -lm  >&5
conftest.c:117:6: warning: conflicting types for built-in function 'strcasecmp' [enabled by default]
configure:24279: $? = 0
configure:24301: result: yes
configure:24216: checking for strchr
configure:24272: gcc -o conftest -g -O2   conftest.c -lm  >&5
conftest.c:118:6: warning: conflicting types for built-in function 'strchr' [enabled by default]
configure:24279: $? = 0
configure:24301: result: yes
configure:24216: checking for strcspn
configure:24272: gcc -o conftest -g -O2   conftest.c -lm  >&5
conftest.c:119:6: warning: conflicting types for built-in function 'strcspn' [enabled by default]
configure:24279: $? = 0
configure:24301: result: yes
configure:24216: checking for strdup
configure:24272: gcc -o conftest -g -O2   conftest.c -lm  >&5
conftest.c:120:6: warning: conflicting types for built-in function 'strdup' [enabled by default]
configure:24279: $? = 0
configure:24301: result: yes
configure:24216: checking for strerror
configure:24272: gcc -o conftest -g -O2   conftest.c -lm  >&5
configure:24279: $? = 0
configure:24301: result: yes
configure:24216: checking for strncasecmp
configure:24272: gcc -o conftest -g -O2   conftest.c -lm  >&5
conftest.c:122:6: warning: conflicting types for built-in function 'strncasecmp' [enabled by default]
configure:24279: $? = 0
configure:24301: result: yes
configure:24216: checking for strndup
configure:24272: gcc -o conftest -g -O2   conftest.c -lm  >&5
conftest.c:123:6: warning: conflicting types for built-in function 'strndup' [enabled by default]
configure:24279: $? = 0
configure:24301: result: yes
configure:24216: checking for strnlen
configure:24272: gcc -o conftest -g -O2   conftest.c -lm  >&5
configure:24279: $? = 0
configure:24301: result: yes
configure:24216: checking for strrchr
configure:24272: gcc -o conftest -g -O2   conftest.c -lm  >&5
conftest.c:125:6: warning: conflicting types for built-in function 'strrchr' [enabled by default]
configure:24279: $? = 0
configure:24301: result: yes
configure:24216: checking for strlcpy
configure:24272: gcc -o conftest -g -O2   conftest.c -lm  >&5
/tmp/ccFIxIBl.o: In function `main':
/home/chazu/c/btmux/btech/conftest.c:137: undefined reference to `strlcpy'
collect2: error: ld returned 1 exit status
configure:24279: $? = 1
configure: failed program was:
| /* confdefs.h.  */
| #define PACKAGE_NAME "BattleTech Extensions"
| #define PACKAGE_TARNAME "battletech-extensions"
| #define PACKAGE_VERSION "0.7"
| #define PACKAGE_STRING "BattleTech Extensions 0.7"
| #define PACKAGE_BUGREPORT ""
| #define PACKAGE "battletech-extensions"
| #define VERSION "0.7"
| #define HUDINFO_SUPPORT 1
| #define BT_CARGO_COMMANDS 1
| #define BT_ADVANCED_ECON 1
| #define BT_EXILE_MW3STATS 1
| #define BT_MOVEMENT_MODES 1
| #define BT_SCALED_INFRARED 1
| #define BTPR_MUX1 /**/
| #define STDC_HEADERS 1
| #define HAVE_SYS_TYPES_H 1
| #define HAVE_SYS_STAT_H 1
| #define HAVE_STDLIB_H 1
| #define HAVE_STRING_H 1
| #define HAVE_MEMORY_H 1
| #define HAVE_STRINGS_H 1
| #define HAVE_INTTYPES_H 1
| #define HAVE_STDINT_H 1
| #define HAVE_UNISTD_H 1
| #define HAVE_DLFCN_H 1
| #define HAVE_LIBM 1
| #define HAVE_DIRENT_H 1
| #define STDC_HEADERS 1
| #define HAVE_SYS_WAIT_H 1
| #define HAVE_ARPA_INET_H 1
| #define HAVE_ERRNO_H 1
| #define HAVE_FCNTL_H 1
| #define HAVE_LIMITS_H 1
| #define HAVE_MEMORY_H 1
| #define HAVE_NETDB_H 1
| #define HAVE_NETINET_IN_H 1
| #define HAVE_STDLIB_H 1
| #define HAVE_STRING_H 1
| #define HAVE_STRINGS_H 1
| #define HAVE_SYS_FILE_H 1
| #define HAVE_SYS_IOCTL_H 1
| #define HAVE_SYS_PARAM_H 1
| #define HAVE_SYS_SOCKET_H 1
| #define HAVE_SYS_TIME_H 1
| #define HAVE_TIME_H 1
| #define HAVE_UNISTD_H 1
| #define HAVE_STDINT_H 1
| #define HAVE__BOOL 1
| #define HAVE_STDBOOL_H 1
| #define TIME_WITH_SYS_TIME 1
| #define HAVE_STRUCT_TM_TM_ZONE 1
| #define HAVE_TM_ZONE 1
| #define HAVE_PTRDIFF_T 1
| #define HAVE_FORK 1
| #define HAVE_VFORK 1
| #define HAVE_WORKING_VFORK 1
| #define HAVE_WORKING_FORK 1
| #define LSTAT_FOLLOWS_SLASHED_SYMLINK 1
| #define LSTAT_FOLLOWS_SLASHED_SYMLINK 1
| #define HAVE_STDLIB_H 1
| #define HAVE_MALLOC 1
| #define HAVE_STDLIB_H 1
| #define HAVE_REALLOC 1
| #define HAVE_SYS_SELECT_H 1
| #define HAVE_SYS_SOCKET_H 1
| #define SELECT_TYPE_ARG1 int
| #define SELECT_TYPE_ARG234 (fd_set *)
| #define SELECT_TYPE_ARG5 (struct timeval *)
| #define RETSIGTYPE void
| #define HAVE_VPRINTF 1
| #define HAVE_BZERO 1
| #define HAVE_DUP2 1
| #define HAVE_FLOOR 1
| #define HAVE_GETDTABLESIZE 1
| #define HAVE_GETHOSTBYADDR 1
| #define HAVE_GETHOSTBYNAME 1
| #define HAVE_GETRUSAGE 1
| #define HAVE_GETTIMEOFDAY 1
| #define HAVE_INET_NTOA 1
| #define HAVE_ISASCII 1
| #define HAVE_LOCALTIME 1
| #define HAVE_MEMMOVE 1
| #define HAVE_MEMSET 1
| #define HAVE_MKTIME 1
| #define HAVE_POW 1
| #define HAVE_REGCOMP 1
| #define HAVE_RINT 1
| #define HAVE_SELECT 1
| #define HAVE_SOCKET 1
| #define HAVE_SQRT 1
| #define HAVE_STPCPY 1
| #define HAVE_STRCASECMP 1
| #define HAVE_STRCHR 1
| #define HAVE_STRCSPN 1
| #define HAVE_STRDUP 1
| #define HAVE_STRERROR 1
| #define HAVE_STRNCASECMP 1
| #define HAVE_STRNDUP 1
| #define HAVE_STRNLEN 1
| #define HAVE_STRRCHR 1
| /* end confdefs.h.  */
| /* Define strlcpy to an innocuous variant, in case <limits.h> declares strlcpy.
|    For example, HP-UX 11i <limits.h> declares gettimeofday.  */
| #define strlcpy innocuous_strlcpy
| 
| /* System header to define __stub macros and hopefully few prototypes,
|     which can conflict with char strlcpy (); below.
|     Prefer <limits.h> to <assert.h> if __STDC__ is defined, since
|     <limits.h> exists even on freestanding compilers.  */
| 
| #ifdef __STDC__
| # include <limits.h>
| #else
| # include <assert.h>
| #endif
| 
| #undef strlcpy
| 
| /* Override any GCC internal prototype to avoid an error.
|    Use char because int might match the return type of a GCC
|    builtin and then its argument prototype would still apply.  */
| #ifdef __cplusplus
| extern "C"
| #endif
| char strlcpy ();
| /* The GNU C library defines this for functions which it implements
|     to always fail with ENOSYS.  Some functions are actually named
|     something starting with __ and the normal name is an alias.  */
| #if defined __stub_strlcpy || defined __stub___strlcpy
| choke me
| #endif
| 
| int
| main ()
| {
| return strlcpy ();
|   ;
|   return 0;
| }
configure:24301: result: no
configure:24216: checking for strlcat
configure:24272: gcc -o conftest -g -O2   conftest.c -lm  >&5
/tmp/ccDLACLo.o: In function `main':
/home/chazu/c/btmux/btech/conftest.c:137: undefined reference to `strlcat'
collect2: error: ld returned 1 exit status
configure:24279: $? = 1
configure: failed program was:
| /* confdefs.h.  */
| #define PACKAGE_NAME "BattleTech Extensions"
| #define PACKAGE_TARNAME "battletech-extensions"
| #define PACKAGE_VERSION "0.7"
| #define PACKAGE_STRING "BattleTech Extensions 0.7"
| #define PACKAGE_BUGREPORT ""
| #define PACKAGE "battletech-extensions"
| #define VERSION "0.7"
| #define HUDINFO_SUPPORT 1
| #define BT_CARGO_COMMANDS 1
| #define BT_ADVANCED_ECON 1
| #define BT_EXILE_MW3STATS 1
| #define BT_MOVEMENT_MODES 1
| #define BT_SCALED_INFRARED 1
| #define BTPR_MUX1 /**/
| #define STDC_HEADERS 1
| #define HAVE_SYS_TYPES_H 1
| #define HAVE_SYS_STAT_H 1
| #define HAVE_STDLIB_H 1
| #define HAVE_STRING_H 1
| #define HAVE_MEMORY_H 1
| #define HAVE_STRINGS_H 1
| #define HAVE_INTTYPES_H 1
| #define HAVE_STDINT_H 1
| #define HAVE_UNISTD_H 1
| #define HAVE_DLFCN_H 1
| #define HAVE_LIBM 1
| #define HAVE_DIRENT_H 1
| #define STDC_HEADERS 1
| #define HAVE_SYS_WAIT_H 1
| #define HAVE_ARPA_INET_H 1
| #define HAVE_ERRNO_H 1
| #define HAVE_FCNTL_H 1
| #define HAVE_LIMITS_H 1
| #define HAVE_MEMORY_H 1
| #define HAVE_NETDB_H 1
| #define HAVE_NETINET_IN_H 1
| #define HAVE_STDLIB_H 1
| #define HAVE_STRING_H 1
| #define HAVE_STRINGS_H 1
| #define HAVE_SYS_FILE_H 1
| #define HAVE_SYS_IOCTL_H 1
| #define HAVE_SYS_PARAM_H 1
| #define HAVE_SYS_SOCKET_H 1
| #define HAVE_SYS_TIME_H 1
| #define HAVE_TIME_H 1
| #define HAVE_UNISTD_H 1
| #define HAVE_STDINT_H 1
| #define HAVE__BOOL 1
| #define HAVE_STDBOOL_H 1
| #define TIME_WITH_SYS_TIME 1
| #define HAVE_STRUCT_TM_TM_ZONE 1
| #define HAVE_TM_ZONE 1
| #define HAVE_PTRDIFF_T 1
| #define HAVE_FORK 1
| #define HAVE_VFORK 1
| #define HAVE_WORKING_VFORK 1
| #define HAVE_WORKING_FORK 1
| #define LSTAT_FOLLOWS_SLASHED_SYMLINK 1
| #define LSTAT_FOLLOWS_SLASHED_SYMLINK 1
| #define HAVE_STDLIB_H 1
| #define HAVE_MALLOC 1
| #define HAVE_STDLIB_H 1
| #define HAVE_REALLOC 1
| #define HAVE_SYS_SELECT_H 1
| #define HAVE_SYS_SOCKET_H 1
| #define SELECT_TYPE_ARG1 int
| #define SELECT_TYPE_ARG234 (fd_set *)
| #define SELECT_TYPE_ARG5 (struct timeval *)
| #define RETSIGTYPE void
| #define HAVE_VPRINTF 1
| #define HAVE_BZERO 1
| #define HAVE_DUP2 1
| #define HAVE_FLOOR 1
| #define HAVE_GETDTABLESIZE 1
| #define HAVE_GETHOSTBYADDR 1
| #define HAVE_GETHOSTBYNAME 1
| #define HAVE_GETRUSAGE 1
| #define HAVE_GETTIMEOFDAY 1
| #define HAVE_INET_NTOA 1
| #define HAVE_ISASCII 1
| #define HAVE_LOCALTIME 1
| #define HAVE_MEMMOVE 1
| #define HAVE_MEMSET 1
| #define HAVE_MKTIME 1
| #define HAVE_POW 1
| #define HAVE_REGCOMP 1
| #define HAVE_RINT 1
| #define HAVE_SELECT 1
| #define HAVE_SOCKET 1
| #define HAVE_SQRT 1
| #define HAVE_STPCPY 1
| #define HAVE_STRCASECMP 1
| #define HAVE_STRCHR 1
| #define HAVE_STRCSPN 1
| #define HAVE_STRDUP 1
| #define HAVE_STRERROR 1
| #define HAVE_STRNCASECMP 1
| #define HAVE_STRNDUP 1
| #define HAVE_STRNLEN 1
| #define HAVE_STRRCHR 1
| /* end confdefs.h.  */
| /* Define strlcat to an innocuous variant, in case <limits.h> declares strlcat.
|    For example, HP-UX 11i <limits.h> declares gettimeofday.  */
| #define strlcat innocuous_strlcat
| 
| /* System header to define __stub macros and hopefully few prototypes,
|     which can conflict with char strlcat (); below.
|     Prefer <limits.h> to <assert.h> if __STDC__ is defined, since
|     <limits.h> exists even on freestanding compilers.  */
| 
| #ifdef __STDC__
| # include <limits.h>
| #else
| # include <assert.h>
| #endif
| 
| #undef strlcat
| 
| /* Override any GCC internal prototype to avoid an error.
|    Use char because int might match the return type of a GCC
|    builtin and then its argument prototype would still apply.  */
| #ifdef __cplusplus
| extern "C"
| #endif
| char strlcat ();
| /* The GNU C library defines this for functions which it implements
|     to always fail with ENOSYS.  Some functions are actually named
|     something starting with __ and the normal name is an alias.  */
| #if defined __stub_strlcat || defined __stub___strlcat
| choke me
| #endif
| 
| int
| main ()
| {
| return strlcat ();
|   ;
|   return 0;
| }
configure:24301: result: no
configure:24216: checking for strstr
configure:24272: gcc -o conftest -g -O2   conftest.c -lm  >&5
conftest.c:126:6: warning: conflicting types for built-in function 'strstr' [enabled by default]
configure:24279: $? = 0
configure:24301: result: yes
configure:24216: checking for strtol
configure:24272: gcc -o conftest -g -O2   conftest.c -lm  >&5
configure:24279: $? = 0
configure:24301: result: yes
configure:24216: checking for timelocal
configure:24272: gcc -o conftest -g -O2   conftest.c -lm  >&5
configure:24279: $? = 0
configure:24301: result: yes
configure:24216: checking for tzset
configure:24272: gcc -o conftest -g -O2   conftest.c -lm  >&5
configure:24279: $? = 0
configure:24301: result: yes
configure:24216: checking for sigaction
configure:24272: gcc -o conftest -g -O2   conftest.c -lm  >&5
configure:24279: $? = 0
configure:24301: result: yes
configure:24216: checking for posix_memalign
configure:24272: gcc -o conftest -g -O2   conftest.c -lm  >&5
configure:24279: $? = 0
configure:24301: result: yes
configure:24458: creating ./config.status

## ---------------------- ##
## Running config.status. ##
## ---------------------- ##

This file was extended by BattleTech Extensions config.status 0.7, which was
generated by GNU Autoconf 2.63.  Invocation command line was

  CONFIG_FILES    = 
  CONFIG_HEADERS  = 
  CONFIG_LINKS    = 
  CONFIG_COMMANDS = 
  $ ./config.status 

on Lariosaurus

config.status:892: creating Makefile
config.status:892: creating btpr/Makefile
config.status:892: creating btfi/Makefile
config.status:892: creating src/Makefile
config.status:892: creating autoconf.h
config.status:1166: executing depfiles commands

## ---------------- ##
## Cache variables. ##
## ---------------- ##

ac_cv_build=x86_64-unknown-linux-gnu
ac_cv_c_char_unsigned=no
ac_cv_c_compiler_gnu=yes
ac_cv_c_const=yes
ac_cv_c_inline=inline
ac_cv_cxx_compiler_gnu=yes
ac_cv_env_CCC_set=
ac_cv_env_CCC_value=
ac_cv_env_CC_set=
ac_cv_env_CC_value=
ac_cv_env_CFLAGS_set=
ac_cv_env_CFLAGS_value=
ac_cv_env_CPPFLAGS_set=
ac_cv_env_CPPFLAGS_value=
ac_cv_env_CPP_set=
ac_cv_env_CPP_value=
ac_cv_env_CXXCPP_set=
ac_cv_env_CXXCPP_value=
ac_cv_env_CXXFLAGS_set=
ac_cv_env_CXXFLAGS_value=
ac_cv_env_CXX_set=
ac_cv_env_CXX_value=
ac_cv_env_F77_set=
ac_cv_env_F77_value=
ac_cv_env_FFLAGS_set=
ac_cv_env_FFLAGS_value=
ac_cv_env_LDFLAGS_set=
ac_cv_env_LDFLAGS_value=
ac_cv_env_LIBS_set=
ac_cv_env_LIBS_value=
ac_cv_env_build_alias_set=
ac_cv_env_build_alias_value=
ac_cv_env_host_alias_set=
ac_cv_env_host_alias_value=
ac_cv_env_target_alias_set=
ac_cv_env_target_alias_value=
ac_cv_f77_compiler_gnu=no
ac_cv_func__doprnt=no
ac_cv_func_bzero=yes
ac_cv_func_closedir_void=no
ac_cv_func_dup2=yes
ac_cv_func_floor=yes
ac_cv_func_fork=yes
ac_cv_func_fork_works=yes
ac_cv_func_getdtablesize=yes
ac_cv_func_gethostbyaddr=yes
ac_cv_func_gethostbyname=yes
ac_cv_func_getrusage=yes
ac_cv_func_gettimeofday=yes
ac_cv_func_inet_ntoa=yes
ac_cv_func_isascii=yes
ac_cv_func_localtime=yes
ac_cv_func_lstat_dereferences_slashed_symlink=yes
ac_cv_func_lstat_empty_string_bug=no
ac_cv_func_malloc_0_nonnull=yes
ac_cv_func_memmove=yes
ac_cv_func_memset=yes
ac_cv_func_mktime=yes
ac_cv_func_posix_memalign=yes
ac_cv_func_pow=yes
ac_cv_func_realloc_0_nonnull=yes
ac_cv_func_regcomp=yes
ac_cv_func_rint=yes
ac_cv_func_select=yes
ac_cv_func_select_args='int,fd_set *,struct timeval *'
ac_cv_func_sigaction=yes
ac_cv_func_socket=yes
ac_cv_func_sqrt=yes
ac_cv_func_stat_empty_string_bug=no
ac_cv_func_stpcpy=yes
ac_cv_func_strcasecmp=yes
ac_cv_func_strchr=yes
ac_cv_func_strcspn=yes
ac_cv_func_strdup=yes
ac_cv_func_strerror=yes
ac_cv_func_strlcat=no
ac_cv_func_strlcpy=no
ac_cv_func_strncasecmp=yes
ac_cv_func_strndup=yes
ac_cv_func_strnlen=yes
ac_cv_func_strrchr=yes
ac_cv_func_strstr=yes
ac_cv_func_strtol=yes
ac_cv_func_timelocal=yes
ac_cv_func_tzset=yes
ac_cv_func_vfork=yes
ac_cv_func_vfork_works=yes
ac_cv_func_vprintf=yes
ac_cv_header_arpa_inet_h=yes
ac_cv_header_dirent_dirent_h=yes
ac_cv_header_dlfcn_h=yes
ac_cv_header_errno_h=yes
ac_cv_header_fcntl_h=yes
ac_cv_header_inttypes_h=yes
ac_cv_header_limits_h=yes
ac_cv_header_memory_h=yes
ac_cv_header_netdb_h=yes
ac_cv_header_netinet_in_h=yes
ac_cv_header_stdbool_h=yes
ac_cv_header_stdc=yes
ac_cv_header_stdint_h=yes
ac_cv_header_stdlib_h=yes
ac_cv_header_string_h=yes
ac_cv_header_strings_h=yes
ac_cv_header_sys_file_h=yes
ac_cv_header_sys_ioctl_h=yes
ac_cv_header_sys_param_h=yes
ac_cv_header_sys_select_h=yes
ac_cv_header_sys_socket_h=yes
ac_cv_header_sys_stat_h=yes
ac_cv_header_sys_time_h=yes
ac_cv_header_sys_types_h=yes
ac_cv_header_sys_wait_h=yes
ac_cv_header_time=yes
ac_cv_header_time_h=yes
ac_cv_header_unistd_h=yes
ac_cv_header_vfork_h=no
ac_cv_host=x86_64-unknown-linux-gnu
ac_cv_lib_m_tan=yes
ac_cv_member_struct_tm_tm_zone=yes
ac_cv_objext=o
ac_cv_path_EGREP='/bin/grep -E'
ac_cv_path_GREP=/bin/grep
ac_cv_path_install='/usr/bin/install -c'
ac_cv_path_mkdir=/bin/mkdir
ac_cv_prog_AWK=gawk
ac_cv_prog_CPP='gcc -E'
ac_cv_prog_CXXCPP='g++ -E'
ac_cv_prog_ac_ct_AR=ar
ac_cv_prog_ac_ct_CC=gcc
ac_cv_prog_ac_ct_CXX=g++
ac_cv_prog_ac_ct_RANLIB=ranlib
ac_cv_prog_ac_ct_STRIP=strip
ac_cv_prog_cc_c89=
ac_cv_prog_cc_g=yes
ac_cv_prog_cxx_g=yes
ac_cv_prog_f77_g=no
ac_cv_prog_make_make_set=yes
ac_cv_search_opendir='none required'
ac_cv_struct_tm=time.h
ac_cv_type__Bool=yes
ac_cv_type_pid_t=yes
ac_cv_type_ptrdiff_t=yes
ac_cv_type_signal=void
ac_cv_type_size_t=yes
ac_cv_use_btpr=mux1
am_cv_CC_dependencies_compiler_type=gcc3
am_cv_CXX_dependencies_compiler_type=gcc3
lt_cv_deplibs_check_method=pass_all
lt_cv_file_magic_cmd='$MAGIC_CMD'
lt_cv_file_magic_test_file=
lt_cv_ld_reload_flag=-r
lt_cv_objdir=.libs
lt_cv_path_LD=/usr/bin/ld
lt_cv_path_LDCXX='/usr/bin/ld -m elf_x86_64'
lt_cv_path_NM='/usr/bin/nm -B'
lt_cv_path_SED=/bin/sed
lt_cv_prog_compiler_c_o=yes
lt_cv_prog_compiler_c_o_CXX=yes
lt_cv_prog_compiler_pic_works=yes
lt_cv_prog_compiler_pic_works_CXX=yes
lt_cv_prog_compiler_rtti_exceptions=no
lt_cv_prog_compiler_static_works=yes
lt_cv_prog_compiler_static_works_CXX=yes
lt_cv_prog_gnu_ld=yes
lt_cv_prog_gnu_ldcxx=yes
lt_cv_sys_global_symbol_pipe='sed -n -e '\''s/^.*[ 	]\([ABCDGIRSTW][ABCDGIRSTW]*\)[ 	][ 	]*\([_A-Za-z][_A-Za-z0-9]*\)$/\1 \2 \2/p'\'''
lt_cv_sys_global_symbol_to_c_name_address='sed -n -e '\''s/^: \([^ ]*\) $/  {\"\1\", (lt_ptr) 0},/p'\'' -e '\''s/^[BCDEGRST] \([^ ]*\) \([^ ]*\)$/  {"\2", (lt_ptr) \&\2},/p'\'''
lt_cv_sys_global_symbol_to_cdecl='sed -n -e '\''s/^. .* \(.*\)$/extern int \1;/p'\'''
lt_cv_sys_lib_dlsearch_path_spec='/lib /usr/lib /usr/lib/i386-linux-gnu/mesa /lib/i386-linux-gnu /usr/lib/i386-linux-gnu /lib/i686-linux-gnu /usr/lib/i686-linux-gnu /usr/local/lib /usr/lib64/panda3d /lib/x86_64-linux-gnu /usr/lib/x86_64-linux-gnu /usr/lib/x86_64-linux-gnu/mesa-egl /usr/lib/x86_64-linux-gnu/mesa /lib32 /usr/lib32 '
lt_cv_sys_lib_search_path_spec='/usr/lib/gcc/x86_64-linux-gnu/4.7 /usr/lib/x86_64-linux-gnu /usr/lib /lib/x86_64-linux-gnu /lib'
lt_cv_sys_max_cmd_len=1572864
lt_lt_cv_prog_compiler_c_o='"yes"'
lt_lt_cv_prog_compiler_c_o_CXX='"yes"'
lt_lt_cv_sys_global_symbol_pipe='"sed -n -e '\''s/^.*[ 	]\\([ABCDGIRSTW][ABCDGIRSTW]*\\)[ 	][ 	]*\\([_A-Za-z][_A-Za-z0-9]*\\)\$/\\1 \\2 \\2/p'\''"'
lt_lt_cv_sys_global_symbol_to_c_name_address='"sed -n -e '\''s/^: \\([^ ]*\\) \$/  {\\\"\\1\\\", (lt_ptr) 0},/p'\'' -e '\''s/^[BCDEGRST] \\([^ ]*\\) \\([^ ]*\\)\$/  {\"\\2\", (lt_ptr) \\&\\2},/p'\''"'
lt_lt_cv_sys_global_symbol_to_cdecl='"sed -n -e '\''s/^. .* \\(.*\\)\$/extern int \\1;/p'\''"'

## ----------------- ##
## Output variables. ##
## ----------------- ##

ACLOCAL='${SHELL} /home/chazu/c/btmux/btech/confutil/missing --run aclocal-1.10'
AMDEPBACKSLASH='\'
AMDEP_FALSE='#'
AMDEP_TRUE=''
AMTAR='${SHELL} /home/chazu/c/btmux/btech/confutil/missing --run tar'
AR='ar'
AUTOCONF='${SHELL} /home/chazu/c/btmux/btech/confutil/missing --run autoconf'
AUTOHEADER='${SHELL} /home/chazu/c/btmux/btech/confutil/missing --run autoheader'
AUTOMAKE='${SHELL} /home/chazu/c/btmux/btech/confutil/missing --run automake-1.10'
AWK='gawk'
BTPR_MUX1_FALSE='#'
BTPR_MUX1_TRUE=''
BTPR_PENN_FALSE=''
BTPR_PENN_TRUE='#'
CC='gcc'
CCDEPMODE='depmode=gcc3'
CFLAGS='-g -O2'
CPP='gcc -E'
CPPFLAGS=''
CXX='g++'
CXXCPP='g++ -E'
CXXDEPMODE='depmode=gcc3'
CXXFLAGS='-g -O2'
CYGPATH_W='echo'
DEFS='-DHAVE_CONFIG_H'
DEPDIR='.deps'
DSYMUTIL=''
ECHO='echo'
ECHO_C=''
ECHO_N='-n'
ECHO_T=''
EGREP='/bin/grep -E'
EXEEXT=''
F77=''
FFLAGS=''
GREP='/bin/grep'
INSTALL_DATA='${INSTALL} -m 644'
INSTALL_PROGRAM='${INSTALL}'
INSTALL_SCRIPT='${INSTALL}'
INSTALL_STRIP_PROGRAM='$(install_sh) -c -s'
LDFLAGS=''
LIBOBJS=''
LIBS='-lm '
LIBTOOL='$(SHELL) $(top_builddir)/libtool'
LN_S='ln -s'
LTLIBOBJS=''
MAKEINFO='${SHELL} /home/chazu/c/btmux/btech/confutil/missing --run makeinfo'
MKDIR_P='/bin/mkdir -p'
NMEDIT=''
OBJEXT='o'
PACKAGE='battletech-extensions'
PACKAGE_BUGREPORT=''
PACKAGE_NAME='BattleTech Extensions'
PACKAGE_STRING='BattleTech Extensions 0.7'
PACKAGE_TARNAME='battletech-extensions'
PACKAGE_VERSION='0.7'
PATH_SEPARATOR=':'
RANLIB='ranlib'
SED='/bin/sed'
SET_MAKE=''
SHELL='/bin/bash'
STRIP='strip'
VERSION='0.7'
ac_ct_CC='gcc'
ac_ct_CXX='g++'
ac_ct_F77=''
am__fastdepCC_FALSE='#'
am__fastdepCC_TRUE=''
am__fastdepCXX_FALSE='#'
am__fastdepCXX_TRUE=''
am__include='include'
am__isrc=''
am__leading_dot='.'
am__quote=''
am__tar='${AMTAR} chof - "$$tardir"'
am__untar='${AMTAR} xf -'
bindir='${exec_prefix}/bin'
btpr_dir='$(top_srcdir)/btpr'
build='x86_64-unknown-linux-gnu'
build_alias=''
build_cpu='x86_64'
build_os='linux-gnu'
build_vendor='unknown'
datadir='${datarootdir}'
datarootdir='${prefix}/share'
docdir='${datarootdir}/doc/${PACKAGE_TARNAME}'
dvidir='${docdir}'
exec_prefix='${prefix}'
host='x86_64-unknown-linux-gnu'
host_alias=''
host_cpu='x86_64'
host_os='linux-gnu'
host_vendor='unknown'
htmldir='${docdir}'
includedir='${prefix}/include'
infodir='${datarootdir}/info'
install_sh='$(SHELL) /home/chazu/c/btmux/btech/confutil/install-sh'
libdir='${exec_prefix}/lib'
libexecdir='${exec_prefix}/libexec'
localedir='${datarootdir}/locale'
localstatedir='${prefix}/var'
mandir='${datarootdir}/man'
mkdir_p='/bin/mkdir -p'
oldincludedir='/usr/include'
pdfdir='${docdir}'
prefix='/home/chazu/c/btmux/game.run'
program_transform_name='s,x,x,'
psdir='${docdir}'
sbindir='${exec_prefix}/sbin'
sharedstatedir='${prefix}/com'
sysconfdir='${prefix}/etc'
target_alias=''

## ----------- ##
## confdefs.h. ##
## ----------- ##

#define PACKAGE_NAME "BattleTech Extensions"
#define PACKAGE_TARNAME "battletech-extensions"
#define PACKAGE_VERSION "0.7"
#define PACKAGE_STRING "BattleTech Extensions 0.7"
#define PACKAGE_BUGREPORT ""
#define PACKAGE "battletech-extensions"
#define VERSION "0.7"
#define HUDINFO_SUPPORT 1
#define BT_CARGO_COMMANDS 1
#define BT_ADVANCED_ECON 1
#define BT_EXILE_MW3STATS 1
#define BT_MOVEMENT_MODES 1
#define BT_SCALED_INFRARED 1
#define BTPR_MUX1 /**/
#define STDC_HEADERS 1
#define HAVE_SYS_TYPES_H 1
#define HAVE_SYS_STAT_H 1
#define HAVE_STDLIB_H 1
#define HAVE_STRING_H 1
#define HAVE_MEMORY_H 1
#define HAVE_STRINGS_H 1
#define HAVE_INTTYPES_H 1
#define HAVE_STDINT_H 1
#define HAVE_UNISTD_H 1
#define HAVE_DLFCN_H 1
#define HAVE_LIBM 1
#define HAVE_DIRENT_H 1
#define STDC_HEADERS 1
#define HAVE_SYS_WAIT_H 1
#define HAVE_ARPA_INET_H 1
#define HAVE_ERRNO_H 1
#define HAVE_FCNTL_H 1
#define HAVE_LIMITS_H 1
#define HAVE_MEMORY_H 1
#define HAVE_NETDB_H 1
#define HAVE_NETINET_IN_H 1
#define HAVE_STDLIB_H 1
#define HAVE_STRING_H 1
#define HAVE_STRINGS_H 1
#define HAVE_SYS_FILE_H 1
#define HAVE_SYS_IOCTL_H 1
#define HAVE_SYS_PARAM_H 1
#define HAVE_SYS_SOCKET_H 1
#define HAVE_SYS_TIME_H 1
#define HAVE_TIME_H 1
#define HAVE_UNISTD_H 1
#define HAVE_STDINT_H 1
#define HAVE__BOOL 1
#define HAVE_STDBOOL_H 1
#define TIME_WITH_SYS_TIME 1
#define HAVE_STRUCT_TM_TM_ZONE 1
#define HAVE_TM_ZONE 1
#define HAVE_PTRDIFF_T 1
#define HAVE_FORK 1
#define HAVE_VFORK 1
#define HAVE_WORKING_VFORK 1
#define HAVE_WORKING_FORK 1
#define LSTAT_FOLLOWS_SLASHED_SYMLINK 1
#define LSTAT_FOLLOWS_SLASHED_SYMLINK 1
#define HAVE_STDLIB_H 1
#define HAVE_MALLOC 1
#define HAVE_STDLIB_H 1
#define HAVE_REALLOC 1
#define HAVE_SYS_SELECT_H 1
#define HAVE_SYS_SOCKET_H 1
#define SELECT_TYPE_ARG1 int
#define SELECT_TYPE_ARG234 (fd_set *)
#define SELECT_TYPE_ARG5 (struct timeval *)
#define RETSIGTYPE void
#define HAVE_VPRINTF 1
#define HAVE_BZERO 1
#define HAVE_DUP2 1
#define HAVE_FLOOR 1
#define HAVE_GETDTABLESIZE 1
#define HAVE_GETHOSTBYADDR 1
#define HAVE_GETHOSTBYNAME 1
#define HAVE_GETRUSAGE 1
#define HAVE_GETTIMEOFDAY 1
#define HAVE_INET_NTOA 1
#define HAVE_ISASCII 1
#define HAVE_LOCALTIME 1
#define HAVE_MEMMOVE 1
#define HAVE_MEMSET 1
#define HAVE_MKTIME 1
#define HAVE_POW 1
#define HAVE_REGCOMP 1
#define HAVE_RINT 1
#define HAVE_SELECT 1
#define HAVE_SOCKET 1
#define HAVE_SQRT 1
#define HAVE_STPCPY 1
#define HAVE_STRCASECMP 1
#define HAVE_STRCHR 1
#define HAVE_STRCSPN 1
#define HAVE_STRDUP 1
#define HAVE_STRERROR 1
#define HAVE_STRNCASECMP 1
#define HAVE_STRNDUP 1
#define HAVE_STRNLEN 1
#define HAVE_STRRCHR 1
#define HAVE_STRSTR 1
#define HAVE_STRTOL 1
#define HAVE_TIMELOCAL 1
#define HAVE_TZSET 1
#define HAVE_SIGACTION 1
#define HAVE_POSIX_MEMALIGN 1

configure: exit 0

## ---------------------- ##
## Running config.status. ##
## ---------------------- ##

This file was extended by BattleTech Extensions config.status 0.7, which was
generated by GNU Autoconf 2.63.  Invocation command line was

  CONFIG_FILES    = 
  CONFIG_HEADERS  = 
  CONFIG_LINKS    = 
  CONFIG_COMMANDS = 
  $ ./config.status Makefile

on Lariosaurus

config.status:892: creating Makefile

## ---------------------- ##
## Running config.status. ##
## ---------------------- ##

This file was extended by BattleTech Extensions config.status 0.7, which was
generated by GNU Autoconf 2.63.  Invocation command line was

  CONFIG_FILES    = 
  CONFIG_HEADERS  = 
  CONFIG_LINKS    = 
  CONFIG_COMMANDS = 
  $ ./config.status btfi/Makefile depfiles

on Lariosaurus

config.status:892: creating btfi/Makefile
config.status:1166: executing depfiles commands

## ---------------------- ##
## Running config.status. ##
## ---------------------- ##

This file was extended by BattleTech Extensions config.status 0.7, which was
generated by GNU Autoconf 2.63.  Invocation command line was

  CONFIG_FILES    = 
  CONFIG_HEADERS  = 
  CONFIG_LINKS    = 
  CONFIG_COMMANDS = 
  $ ./config.status src/Makefile depfiles

on Lariosaurus

config.status:892: creating src/Makefile
config.status:1166: executing depfiles commands
